        -:    0:Source:alumni_files.cpp
        -:    0:Graph:menus.gcno
        -:    0:Data:menus.gcda
        -:    0:Runs:1
        -:    1:/************************************************************************
        -:    2: *** FILENAME  : alumni_files.cpp
        -:    3: *
        -:    4: * * DESCRIPTION :This file contains file handling functions which transfers the file to Stl list
        -:    5: *                and stl list into the file
        -:    6: *
        -:    7: *
        -:    8: * Revision History:
        -:    9: *
        -:   10: *      Date                            NAME                       Reason
        -:   11: *      27 sep 2022                   --------                    ---------
        -:   12: *
        -:   13: *************************************************************************/
        -:   14:
        -:   15:#include<iostream>
        -:   16:#include<iomanip>
        -:   17:using namespace std;
        -:   18:
        -:   19:
        -:   20:
        -:   21:/************************************************************************
        -:   22: *** FUNCTION :fetch_data 
        -:   23: *
        -:   24: * * DESCRIPTION :Read the contents from the File Alumni database to list
        -:   25: *               
        -:   26: *   RETURNS     :----------
        -:   27: *
        -:   28: *****************************************************************/
function _Z10fetch_datav called 0 returned 0% blocks executed 0%
    #####:   29:int fetch_data()
        -:   30:{
    #####:   31:	Alumni a1;
call    0 never executed
call    1 never executed
call    2 never executed
    #####:   32:	fstream fl;
call    0 never executed
branch  1 never executed
branch  2 never executed
call    3 never executed
call    4 never executed
    #####:   33:	fl.open("Alumni_database", ios::in|ios::binary);
call    0 never executed
call    1 never executed
branch  2 never executed
branch  3 never executed
    #####:   34:	if(!fl)
call    0 never executed
branch  1 never executed
branch  2 never executed
branch  3 never executed
branch  4 never executed
        -:   35:	{
    #####:   36:		cout<<"Can't open this file"<<endl;
call    0 never executed
branch  1 never executed
branch  2 never executed
call    3 never executed
branch  4 never executed
branch  5 never executed
    #####:   37:		return 0;
        -:   38:	}
    #####:   39:	fl.read((char *)&a1,sizeof(Alumni));
call    0 never executed
branch  1 never executed
branch  2 never executed
    #####:   40:	while(!fl.eof())
call    0 never executed
branch  1 never executed
branch  2 never executed
branch  3 never executed
branch  4 never executed
        -:   41:	{
    #####:   42:		alm.push_back(a1);
call    0 never executed
branch  1 never executed
branch  2 never executed
    #####:   43:		fl.read((char *)&a1,sizeof(Alumni));
call    0 never executed
branch  1 never executed
branch  2 never executed
        -:   44:	}
    #####:   45:	fl.close();
call    0 never executed
branch  1 never executed
branch  2 never executed
    #####:   46:	return 0;
        -:   47:}
        -:   48:
        -:   49:
        -:   50:
        -:   51:/************************************************************************
        -:   52: *** FUNCTION  :store_data 
        -:   53: *
        -:   54: * * DESCRIPTION :write the contents of list to Alumni database file
        -:   55: *               
        -:   56: *   RETURNS     :----------
        -:   57: *
        -:   58: *****************************************************************/
        -:   59:
function _Z10store_datav called 1 returned 100% blocks executed 74%
        1:   60:int store_data() 
        -:   61:{
        -:   62:	//Alumni a2;
        2:   63:	fstream fl;
call    0 returned 1
branch  1 taken 1 (fallthrough)
branch  2 taken 0 (throw)
call    3 returned 1
call    4 never executed
        1:   64:	fl.open("Alumni_database",ios::out|ios::binary);
call    0 returned 1
call    1 returned 1
branch  2 taken 1 (fallthrough)
branch  3 taken 0 (throw)
        1:   65:	if(!fl)
call    0 returned 1
branch  1 taken 1 (fallthrough)
branch  2 taken 0 (throw)
branch  3 taken 0 (fallthrough)
branch  4 taken 1
        -:   66:	{
    #####:   67:		cout<<"No such file exists!";
call    0 never executed
branch  1 never executed
branch  2 never executed
    #####:   68:		return 0;
        -:   69:	}
        3:   70:	for(Alumni a2:alm)
call    0 returned 1
call    1 returned 1
call    2 returned 3
branch  3 taken 2 (fallthrough)
branch  4 taken 1
call    5 returned 2
call    6 returned 2
branch  7 taken 2 (fallthrough)
branch  8 taken 0 (throw)
call    9 returned 2
call   10 returned 2
call   11 never executed
        -:   71:	{
        2:   72:		fl.write((char *)&a2,sizeof(Alumni));
call    0 returned 2
branch  1 taken 2 (fallthrough)
branch  2 taken 0 (throw)
        -:   73:	}
        1:   74:	fl.close();
call    0 returned 1
branch  1 taken 1 (fallthrough)
branch  2 taken 0 (throw)
        -:   75:	//	alm.clear();
        1:   76:	return 0;
        -:   77:}
