        -:    0:Source:alumni_class.hpp
        -:    0:Graph:menus.gcno
        -:    0:Data:menus.gcda
        -:    0:Runs:1
        -:    1:/*******************************************************************************************
        -:    2: File Name  : header.hpp
        -:    3:
        -:    4:Description : This header consists of the header files, class alumni and its member functions
        -:    5:*********************************************************************************************/
        -:    6:
        -:    7:
        -:    8:#pragma once
        -:    9:#include<list>
        -:   10:#include<string>
        -:   11:#include "validation.cpp"
        -:   12:using namespace std;
        -:   13:
        -:   14:class Admin;
        -:   15:class Alumni
        -:   16:{
        -:   17:	protected:
        -:   18:		string register_number;
        -:   19:		string name;
        -:   20:		string present_address;
        -:   21:		string tel_no;
        -:   22:		string email_id;
        -:   23:		string designation;
        -:   24:		string company;
        -:   25:		string technology;
        -:   26:		string years_of_experience;
        -:   27:		string location;
        -:   28:		string department;
        -:   29:		string salary;
        -:   30:		string posts;
        -:   31:		friend class Admin;
        -:   32:	public:
        -:   33:
        -:   34:		// string register_number;
        -:   35:		//string department;
function _ZN6Alumni11ret_dept_noB5cxx11Ev called 3 returned 100% blocks executed 100%
        3:   36:		string ret_dept_no()
        -:   37:		{
        3:   38:			return this->department;
call    0 returned 3
        -:   39:		}
        -:   40:		string ret_name_no()
        -:   41:		{
        -:   42:			return this->name;
        -:   43:		}
function _ZN6Alumni10ret_reg_noB5cxx11Ev called 4 returned 100% blocks executed 100%
        4:   44:		string ret_reg_no()
        -:   45:		{
        4:   46:			return this->register_number;
call    0 returned 4
        -:   47:		}
        -:   48:		string ret_tel_no()
        -:   49:		{
        -:   50:			return this->tel_no;
        -:   51:		}
        -:   52:		string ret_add_no()
        -:   53:		{
        -:   54:			return this->present_address;
        -:   55:		}
        -:   56:		string ret_email_no()
        -:   57:		{
        -:   58:			return this->email_id;
        -:   59:		}
        -:   60:
        -:   61:		void initpointers();
        -:   62:		int alumni_get_data();
        -:   63:		int Alumni_Login();
        -:   64:		virtual int Edit_Details(string);
        -:   65:		void Create_Posts(string);
        -:   66:		void view_posts(string);
        -:   67:		virtual int View_Profile(string);
        -:   68:		// int fetch_data();
        -:   69:		//int store_data();
        -:   70:};
        -:   71://Alumni *ptr1,*new1,*start1,*prev1;
        -:   72://validations val;
        -:   73:list<Alumni> alm;
        -:   74:#define size 10
        -:   75:#define len 15
