        -:    0:Source:/usr/include/c++/10/bits/move.h
        -:    0:Graph:menus.gcno
        -:    0:Data:menus.gcda
        -:    0:Runs:1
        -:    1:// Move, forward and identity for C++11 + swap -*- C++ -*-
        -:    2:
        -:    3:// Copyright (C) 2007-2020 Free Software Foundation, Inc.
        -:    4://
        -:    5:// This file is part of the GNU ISO C++ Library.  This library is free
        -:    6:// software; you can redistribute it and/or modify it under the
        -:    7:// terms of the GNU General Public License as published by the
        -:    8:// Free Software Foundation; either version 3, or (at your option)
        -:    9:// any later version.
        -:   10:
        -:   11:// This library is distributed in the hope that it will be useful,
        -:   12:// but WITHOUT ANY WARRANTY; without even the implied warranty of
        -:   13:// MERCHANTABILITY or FITNESS FOR A PARTICULAR PURPOSE.  See the
        -:   14:// GNU General Public License for more details.
        -:   15:
        -:   16:// Under Section 7 of GPL version 3, you are granted additional
        -:   17:// permissions described in the GCC Runtime Library Exception, version
        -:   18:// 3.1, as published by the Free Software Foundation.
        -:   19:
        -:   20:// You should have received a copy of the GNU General Public License and
        -:   21:// a copy of the GCC Runtime Library Exception along with this program;
        -:   22:// see the files COPYING3 and COPYING.RUNTIME respectively.  If not, see
        -:   23:// <http://www.gnu.org/licenses/>.
        -:   24:
        -:   25:/** @file bits/move.h
        -:   26: *  This is an internal header file, included by other library headers.
        -:   27: *  Do not attempt to use it directly. @headername{utility}
        -:   28: */
        -:   29:
        -:   30:#ifndef _MOVE_H
        -:   31:#define _MOVE_H 1
        -:   32:
        -:   33:#include <bits/c++config.h>
        -:   34:#if __cplusplus < 201103L
        -:   35:# include <bits/concept_check.h>
        -:   36:#endif
        -:   37:
        -:   38:namespace std _GLIBCXX_VISIBILITY(default)
        -:   39:{
        -:   40:_GLIBCXX_BEGIN_NAMESPACE_VERSION
        -:   41:
        -:   42:  // Used, in C++03 mode too, by allocators, etc.
        -:   43:  /**
        -:   44:   *  @brief Same as C++11 std::addressof
        -:   45:   *  @ingroup utilities
        -:   46:   */
        -:   47:  template<typename _Tp>
        -:   48:    inline _GLIBCXX_CONSTEXPR _Tp*
     471*:   49:    __addressof(_Tp& __r) _GLIBCXX_NOEXCEPT
     471*:   50:    { return __builtin_addressof(__r); }
------------------
_ZSt11__addressofIKNSt8__detail11_AnyMatcherINSt7__cxx1112regex_traitsIcEELb0ELb1ELb1EEEEPT_RS7_:
function _ZSt11__addressofIKNSt8__detail11_AnyMatcherINSt7__cxx1112regex_traitsIcEELb0ELb1ELb1EEEEPT_RS7_ called 0 returned 0% blocks executed 0%
    #####:   49:    __addressof(_Tp& __r) _GLIBCXX_NOEXCEPT
    #####:   50:    { return __builtin_addressof(__r); }
------------------
_ZSt11__addressofIKcEPT_RS1_:
function _ZSt11__addressofIKcEPT_RS1_ called 2 returned 100% blocks executed 100%
        2:   49:    __addressof(_Tp& __r) _GLIBCXX_NOEXCEPT
        2:   50:    { return __builtin_addressof(__r); }
------------------
_ZSt11__addressofISaISt10_List_nodeI6AlumniEEEPT_RS4_:
function _ZSt11__addressofISaISt10_List_nodeI6AlumniEEEPT_RS4_ called 3 returned 100% blocks executed 100%
        3:   49:    __addressof(_Tp& __r) _GLIBCXX_NOEXCEPT
        3:   50:    { return __builtin_addressof(__r); }
------------------
_ZSt11__addressofISaISt10_List_nodeI7studentEEEPT_RS4_:
function _ZSt11__addressofISaISt10_List_nodeI7studentEEEPT_RS4_ called 1 returned 100% blocks executed 100%
        1:   49:    __addressof(_Tp& __r) _GLIBCXX_NOEXCEPT
        1:   50:    { return __builtin_addressof(__r); }
------------------
_ZSt11__addressofISt14_Fwd_list_nodeISt5tupleIJNSt7__cxx1112basic_stringIcSt11char_traitsIcESaIcEEES7_S7_EEEEPT_RSA_:
function _ZSt11__addressofISt14_Fwd_list_nodeISt5tupleIJNSt7__cxx1112basic_stringIcSt11char_traitsIcESaIcEEES7_S7_EEEEPT_RSA_ called 1 returned 100% blocks executed 100%
        1:   49:    __addressof(_Tp& __r) _GLIBCXX_NOEXCEPT
        1:   50:    { return __builtin_addressof(__r); }
------------------
_ZSt11__addressofISt4pairIlSt6vectorINSt7__cxx119sub_matchIN9__gnu_cxx17__normal_iteratorIPKcNS2_12basic_stringIcSt11char_traitsIcESaIcEEEEEEESaISE_EEEEPT_RSI_:
function _ZSt11__addressofISt4pairIlSt6vectorINSt7__cxx119sub_matchIN9__gnu_cxx17__normal_iteratorIPKcNS2_12basic_stringIcSt11char_traitsIcESaIcEEEEEEESaISE_EEEEPT_RSI_ called 0 returned 0% blocks executed 0%
    #####:   49:    __addressof(_Tp& __r) _GLIBCXX_NOEXCEPT
    #####:   50:    { return __builtin_addressof(__r); }
------------------
_ZSt11__addressofINSt7__cxx119sub_matchIN9__gnu_cxx17__normal_iteratorIPKcNS0_12basic_stringIcSt11char_traitsIcESaIcEEEEEEEEPT_RSD_:
function _ZSt11__addressofINSt7__cxx119sub_matchIN9__gnu_cxx17__normal_iteratorIPKcNS0_12basic_stringIcSt11char_traitsIcESaIcEEEEEEEEPT_RSD_ called 40 returned 100% blocks executed 100%
       40:   49:    __addressof(_Tp& __r) _GLIBCXX_NOEXCEPT
       40:   50:    { return __builtin_addressof(__r); }
------------------
_ZSt11__addressofISt4pairIN9__gnu_cxx17__normal_iteratorIPKcNSt7__cxx1112basic_stringIcSt11char_traitsIcESaIcEEEEEiEEPT_RSD_:
function _ZSt11__addressofISt4pairIN9__gnu_cxx17__normal_iteratorIPKcNSt7__cxx1112basic_stringIcSt11char_traitsIcESaIcEEEEEiEEPT_RSD_ called 80 returned 100% blocks executed 100%
       80:   49:    __addressof(_Tp& __r) _GLIBCXX_NOEXCEPT
       80:   50:    { return __builtin_addressof(__r); }
------------------
_ZSt11__addressofISaISt23_Sp_counted_ptr_inplaceINSt8__detail4_NFAINSt7__cxx1112regex_traitsIcEEEESaIS6_ELN9__gnu_cxx12_Lock_policyE2EEEEPT_RSC_:
function _ZSt11__addressofISaISt23_Sp_counted_ptr_inplaceINSt8__detail4_NFAINSt7__cxx1112regex_traitsIcEEEESaIS6_ELN9__gnu_cxx12_Lock_policyE2EEEEPT_RSC_ called 4 returned 100% blocks executed 100%
        4:   49:    __addressof(_Tp& __r) _GLIBCXX_NOEXCEPT
        4:   50:    { return __builtin_addressof(__r); }
------------------
_ZSt11__addressofINSt8__detail6_StateIcEEEPT_RS3_:
function _ZSt11__addressofINSt8__detail6_StateIcEEEPT_RS3_ called 332 returned 100% blocks executed 100%
      332:   49:    __addressof(_Tp& __r) _GLIBCXX_NOEXCEPT
      332:   50:    { return __builtin_addressof(__r); }
------------------
_ZSt11__addressofIKNSt8__detail11_AnyMatcherINSt7__cxx1112regex_traitsIcEELb0ELb0ELb0EEEEPT_RS7_:
function _ZSt11__addressofIKNSt8__detail11_AnyMatcherINSt7__cxx1112regex_traitsIcEELb0ELb0ELb0EEEEPT_RS7_ called 0 returned 0% blocks executed 0%
    #####:   49:    __addressof(_Tp& __r) _GLIBCXX_NOEXCEPT
    #####:   50:    { return __builtin_addressof(__r); }
------------------
_ZSt11__addressofIKNSt8__detail11_AnyMatcherINSt7__cxx1112regex_traitsIcEELb0ELb0ELb1EEEEPT_RS7_:
function _ZSt11__addressofIKNSt8__detail11_AnyMatcherINSt7__cxx1112regex_traitsIcEELb0ELb0ELb1EEEEPT_RS7_ called 0 returned 0% blocks executed 0%
    #####:   49:    __addressof(_Tp& __r) _GLIBCXX_NOEXCEPT
    #####:   50:    { return __builtin_addressof(__r); }
------------------
_ZSt11__addressofIKNSt8__detail11_AnyMatcherINSt7__cxx1112regex_traitsIcEELb0ELb1ELb0EEEEPT_RS7_:
function _ZSt11__addressofIKNSt8__detail11_AnyMatcherINSt7__cxx1112regex_traitsIcEELb0ELb1ELb0EEEEPT_RS7_ called 0 returned 0% blocks executed 0%
    #####:   49:    __addressof(_Tp& __r) _GLIBCXX_NOEXCEPT
    #####:   50:    { return __builtin_addressof(__r); }
------------------
_ZSt11__addressofISt4pairIccEEPT_RS2_:
function _ZSt11__addressofISt4pairIccEEPT_RS2_ called 0 returned 0% blocks executed 0%
    #####:   49:    __addressof(_Tp& __r) _GLIBCXX_NOEXCEPT
    #####:   50:    { return __builtin_addressof(__r); }
------------------
_ZSt11__addressofIKNSt8__detail11_AnyMatcherINSt7__cxx1112regex_traitsIcEELb1ELb0ELb0EEEEPT_RS7_:
function _ZSt11__addressofIKNSt8__detail11_AnyMatcherINSt7__cxx1112regex_traitsIcEELb1ELb0ELb0EEEEPT_RS7_ called 0 returned 0% blocks executed 0%
    #####:   49:    __addressof(_Tp& __r) _GLIBCXX_NOEXCEPT
    #####:   50:    { return __builtin_addressof(__r); }
------------------
_ZSt11__addressofIKNSt8__detail11_AnyMatcherINSt7__cxx1112regex_traitsIcEELb1ELb0ELb1EEEEPT_RS7_:
function _ZSt11__addressofIKNSt8__detail11_AnyMatcherINSt7__cxx1112regex_traitsIcEELb1ELb0ELb1EEEEPT_RS7_ called 0 returned 0% blocks executed 0%
    #####:   49:    __addressof(_Tp& __r) _GLIBCXX_NOEXCEPT
    #####:   50:    { return __builtin_addressof(__r); }
------------------
_ZSt11__addressofIKNSt8__detail11_AnyMatcherINSt7__cxx1112regex_traitsIcEELb1ELb1ELb0EEEEPT_RS7_:
function _ZSt11__addressofIKNSt8__detail11_AnyMatcherINSt7__cxx1112regex_traitsIcEELb1ELb1ELb0EEEEPT_RS7_ called 0 returned 0% blocks executed 0%
    #####:   49:    __addressof(_Tp& __r) _GLIBCXX_NOEXCEPT
    #####:   50:    { return __builtin_addressof(__r); }
------------------
_ZSt11__addressofIKNSt8__detail11_AnyMatcherINSt7__cxx1112regex_traitsIcEELb1ELb1ELb1EEEEPT_RS7_:
function _ZSt11__addressofIKNSt8__detail11_AnyMatcherINSt7__cxx1112regex_traitsIcEELb1ELb1ELb1EEEEPT_RS7_ called 0 returned 0% blocks executed 0%
    #####:   49:    __addressof(_Tp& __r) _GLIBCXX_NOEXCEPT
    #####:   50:    { return __builtin_addressof(__r); }
------------------
_ZSt11__addressofIKNSt8__detail12_CharMatcherINSt7__cxx1112regex_traitsIcEELb0ELb0EEEEPT_RS7_:
function _ZSt11__addressofIKNSt8__detail12_CharMatcherINSt7__cxx1112regex_traitsIcEELb0ELb0EEEEPT_RS7_ called 8 returned 100% blocks executed 100%
        8:   49:    __addressof(_Tp& __r) _GLIBCXX_NOEXCEPT
        8:   50:    { return __builtin_addressof(__r); }
------------------
_ZSt11__addressofIKNSt8__detail12_CharMatcherINSt7__cxx1112regex_traitsIcEELb0ELb1EEEEPT_RS7_:
function _ZSt11__addressofIKNSt8__detail12_CharMatcherINSt7__cxx1112regex_traitsIcEELb0ELb1EEEEPT_RS7_ called 0 returned 0% blocks executed 0%
    #####:   49:    __addressof(_Tp& __r) _GLIBCXX_NOEXCEPT
    #####:   50:    { return __builtin_addressof(__r); }
------------------
_ZSt11__addressofIKNSt8__detail12_CharMatcherINSt7__cxx1112regex_traitsIcEELb1ELb0EEEEPT_RS7_:
function _ZSt11__addressofIKNSt8__detail12_CharMatcherINSt7__cxx1112regex_traitsIcEELb1ELb0EEEEPT_RS7_ called 0 returned 0% blocks executed 0%
    #####:   49:    __addressof(_Tp& __r) _GLIBCXX_NOEXCEPT
    #####:   50:    { return __builtin_addressof(__r); }
------------------
_ZSt11__addressofIKNSt8__detail12_CharMatcherINSt7__cxx1112regex_traitsIcEELb1ELb1EEEEPT_RS7_:
function _ZSt11__addressofIKNSt8__detail12_CharMatcherINSt7__cxx1112regex_traitsIcEELb1ELb1EEEEPT_RS7_ called 0 returned 0% blocks executed 0%
    #####:   49:    __addressof(_Tp& __r) _GLIBCXX_NOEXCEPT
    #####:   50:    { return __builtin_addressof(__r); }
------------------
_ZSt11__addressofINSt7__cxx1112basic_stringIcSt11char_traitsIcESaIcEEEEPT_RS6_:
function _ZSt11__addressofINSt7__cxx1112basic_stringIcSt11char_traitsIcESaIcEEEEPT_RS6_ called 0 returned 0% blocks executed 0%
    #####:   49:    __addressof(_Tp& __r) _GLIBCXX_NOEXCEPT
    #####:   50:    { return __builtin_addressof(__r); }
------------------
_ZSt11__addressofISt4pairINSt7__cxx1112basic_stringIcSt11char_traitsIcESaIcEEES6_EEPT_RS8_:
function _ZSt11__addressofISt4pairINSt7__cxx1112basic_stringIcSt11char_traitsIcESaIcEEES6_EEPT_RS8_ called 0 returned 0% blocks executed 0%
    #####:   49:    __addressof(_Tp& __r) _GLIBCXX_NOEXCEPT
    #####:   50:    { return __builtin_addressof(__r); }
------------------
_ZSt11__addressofINSt7__cxx1112regex_traitsIcE10_RegexMaskEEPT_RS4_:
function _ZSt11__addressofINSt7__cxx1112regex_traitsIcE10_RegexMaskEEPT_RS4_ called 0 returned 0% blocks executed 0%
    #####:   49:    __addressof(_Tp& __r) _GLIBCXX_NOEXCEPT
    #####:   50:    { return __builtin_addressof(__r); }
------------------
        -:   51:
        -:   52:#if __cplusplus >= 201103L
        -:   53:
        -:   54:_GLIBCXX_END_NAMESPACE_VERSION
        -:   55:} // namespace
        -:   56:
        -:   57:#include <type_traits> // Brings in std::declval too.
        -:   58:
        -:   59:namespace std _GLIBCXX_VISIBILITY(default)
        -:   60:{
        -:   61:_GLIBCXX_BEGIN_NAMESPACE_VERSION
        -:   62:
        -:   63:  /**
        -:   64:   *  @addtogroup utilities
        -:   65:   *  @{
        -:   66:   */
        -:   67:
        -:   68:  /**
        -:   69:   *  @brief  Forward an lvalue.
        -:   70:   *  @return The parameter cast to the specified type.
        -:   71:   *
        -:   72:   *  This function is used to implement "perfect forwarding".
        -:   73:   */
        -:   74:  template<typename _Tp>
        -:   75:    constexpr _Tp&&
     971*:   76:    forward(typename std::remove_reference<_Tp>::type& __t) noexcept
     971*:   77:    { return static_cast<_Tp&&>(__t); }
------------------
_ZSt7forwardIRKSt6localeEOT_RNSt16remove_referenceIS3_E4typeE:
function _ZSt7forwardIRKSt6localeEOT_RNSt16remove_referenceIS3_E4typeE called 16 returned 100% blocks executed 100%
       16:   76:    forward(typename std::remove_reference<_Tp>::type& __t) noexcept
       16:   77:    { return static_cast<_Tp&&>(__t); }
------------------
_ZSt7forwardIRNSt7__cxx119sub_matchIN9__gnu_cxx17__normal_iteratorIPKcNS0_12basic_stringIcSt11char_traitsIcESaIcEEEEEEEEOT_RNSt16remove_referenceISE_E4typeE:
function _ZSt7forwardIRNSt7__cxx119sub_matchIN9__gnu_cxx17__normal_iteratorIPKcNS0_12basic_stringIcSt11char_traitsIcESaIcEEEEEEEEOT_RNSt16remove_referenceISE_E4typeE called 0 returned 0% blocks executed 0%
    #####:   76:    forward(typename std::remove_reference<_Tp>::type& __t) noexcept
    #####:   77:    { return static_cast<_Tp&&>(__t); }
------------------
_ZSt7forwardIRKlEOT_RNSt16remove_referenceIS2_E4typeE:
function _ZSt7forwardIRKlEOT_RNSt16remove_referenceIS2_E4typeE called 0 returned 0% blocks executed 0%
    #####:   76:    forward(typename std::remove_reference<_Tp>::type& __t) noexcept
    #####:   77:    { return static_cast<_Tp&&>(__t); }
------------------
_ZSt7forwardISt5tupleIJRKlEEEOT_RNSt16remove_referenceIS4_E4typeE:
function _ZSt7forwardISt5tupleIJRKlEEEOT_RNSt16remove_referenceIS4_E4typeE called 0 returned 0% blocks executed 0%
    #####:   76:    forward(typename std::remove_reference<_Tp>::type& __t) noexcept
    #####:   77:    { return static_cast<_Tp&&>(__t); }
------------------
_ZSt7forwardIRKNSt7__cxx119sub_matchIN9__gnu_cxx17__normal_iteratorIPKcNS0_12basic_stringIcSt11char_traitsIcESaIcEEEEEEEEOT_RNSt16remove_referenceISF_E4typeE:
function _ZSt7forwardIRKNSt7__cxx119sub_matchIN9__gnu_cxx17__normal_iteratorIPKcNS0_12basic_stringIcSt11char_traitsIcESaIcEEEEEEEEOT_RNSt16remove_referenceISF_E4typeE called 40 returned 100% blocks executed 100%
       40:   76:    forward(typename std::remove_reference<_Tp>::type& __t) noexcept
       40:   77:    { return static_cast<_Tp&&>(__t); }
------------------
_ZSt7forwardIRKNSt8__detail9_StateSeqINSt7__cxx1112regex_traitsIcEEEEEOT_RNSt16remove_referenceIS8_E4typeE:
function _ZSt7forwardIRKNSt8__detail9_StateSeqINSt7__cxx1112regex_traitsIcEEEEEOT_RNSt16remove_referenceIS8_E4typeE called 104 returned 100% blocks executed 100%
      104:   76:    forward(typename std::remove_reference<_Tp>::type& __t) noexcept
      104:   77:    { return static_cast<_Tp&&>(__t); }
------------------
_ZSt7forwardIRKSt6vectorINSt7__cxx119sub_matchIN9__gnu_cxx17__normal_iteratorIPKcNS1_12basic_stringIcSt11char_traitsIcESaIcEEEEEEESaISD_EEEOT_RNSt16remove_referenceISI_E4typeE:
function _ZSt7forwardIRKSt6vectorINSt7__cxx119sub_matchIN9__gnu_cxx17__normal_iteratorIPKcNS1_12basic_stringIcSt11char_traitsIcESaIcEEEEEEESaISD_EEEOT_RNSt16remove_referenceISI_E4typeE called 0 returned 0% blocks executed 0%
    #####:   76:    forward(typename std::remove_reference<_Tp>::type& __t) noexcept
    #####:   77:    { return static_cast<_Tp&&>(__t); }
------------------
_ZSt7forwardIRlEOT_RNSt16remove_referenceIS1_E4typeE:
function _ZSt7forwardIRlEOT_RNSt16remove_referenceIS1_E4typeE called 0 returned 0% blocks executed 0%
    #####:   76:    forward(typename std::remove_reference<_Tp>::type& __t) noexcept
    #####:   77:    { return static_cast<_Tp&&>(__t); }
------------------
_ZSt7forwardINSt8__detail9_StateSeqINSt7__cxx1112regex_traitsIcEEEEEOT_RNSt16remove_referenceIS6_E4typeE:
function _ZSt7forwardINSt8__detail9_StateSeqINSt7__cxx1112regex_traitsIcEEEEEOT_RNSt16remove_referenceIS6_E4typeE called 102 returned 100% blocks executed 100%
      102:   76:    forward(typename std::remove_reference<_Tp>::type& __t) noexcept
      102:   77:    { return static_cast<_Tp&&>(__t); }
------------------
_ZSt7forwardINSt8__detail6_StateIcEEEOT_RNSt16remove_referenceIS3_E4typeE:
function _ZSt7forwardINSt8__detail6_StateIcEEEOT_RNSt16remove_referenceIS3_E4typeE called 254 returned 100% blocks executed 100%
      254:   76:    forward(typename std::remove_reference<_Tp>::type& __t) noexcept
      254:   77:    { return static_cast<_Tp&&>(__t); }
------------------
_ZSt7forwardIRKmEOT_RNSt16remove_referenceIS2_E4typeE:
function _ZSt7forwardIRKmEOT_RNSt16remove_referenceIS2_E4typeE called 34 returned 100% blocks executed 100%
       34:   76:    forward(typename std::remove_reference<_Tp>::type& __t) noexcept
       34:   77:    { return static_cast<_Tp&&>(__t); }
------------------
_ZSt7forwardIRKNSt7__cxx1112basic_stringIcSt11char_traitsIcESaIcEEEEOT_RNSt16remove_referenceIS8_E4typeE:
function _ZSt7forwardIRKNSt7__cxx1112basic_stringIcSt11char_traitsIcESaIcEEEEOT_RNSt16remove_referenceIS8_E4typeE called 2 returned 100% blocks executed 100%
        2:   76:    forward(typename std::remove_reference<_Tp>::type& __t) noexcept
        2:   77:    { return static_cast<_Tp&&>(__t); }
------------------
_ZSt7forwardIRNSt15regex_constants18syntax_option_typeEEOT_RNSt16remove_referenceIS3_E4typeE:
function _ZSt7forwardIRNSt15regex_constants18syntax_option_typeEEOT_RNSt16remove_referenceIS3_E4typeE called 16 returned 100% blocks executed 100%
       16:   76:    forward(typename std::remove_reference<_Tp>::type& __t) noexcept
       16:   77:    { return static_cast<_Tp&&>(__t); }
------------------
_ZSt7forwardIRNSt8__detail11_AnyMatcherINSt7__cxx1112regex_traitsIcEELb0ELb0ELb0EEEEOT_RNSt16remove_referenceIS7_E4typeE:
function _ZSt7forwardIRNSt8__detail11_AnyMatcherINSt7__cxx1112regex_traitsIcEELb0ELb0ELb0EEEEOT_RNSt16remove_referenceIS7_E4typeE called 0 returned 0% blocks executed 0%
    #####:   76:    forward(typename std::remove_reference<_Tp>::type& __t) noexcept
    #####:   77:    { return static_cast<_Tp&&>(__t); }
------------------
_ZSt7forwardIRPSt13_Rb_tree_nodeISt4pairIKNSt7__cxx1112basic_stringIcSt11char_traitsIcESaIcEEES7_EEEOT_RNSt16remove_referenceISD_E4typeE:
function _ZSt7forwardIRPSt13_Rb_tree_nodeISt4pairIKNSt7__cxx1112basic_stringIcSt11char_traitsIcESaIcEEES7_EEEOT_RNSt16remove_referenceISD_E4typeE called 1 returned 100% blocks executed 100%
        1:   76:    forward(typename std::remove_reference<_Tp>::type& __t) noexcept
        1:   77:    { return static_cast<_Tp&&>(__t); }
------------------
_ZSt7forwardIRPSt18_Rb_tree_node_baseEOT_RNSt16remove_referenceIS3_E4typeE:
function _ZSt7forwardIRPSt18_Rb_tree_node_baseEOT_RNSt16remove_referenceIS3_E4typeE called 1 returned 100% blocks executed 100%
        1:   76:    forward(typename std::remove_reference<_Tp>::type& __t) noexcept
        1:   77:    { return static_cast<_Tp&&>(__t); }
------------------
_ZSt7forwardIRKSt5tupleIJNSt7__cxx1112basic_stringIcSt11char_traitsIcESaIcEEES6_S6_EEEOT_RNSt16remove_referenceISA_E4typeE:
function _ZSt7forwardIRKSt5tupleIJNSt7__cxx1112basic_stringIcSt11char_traitsIcESaIcEEES6_S6_EEEOT_RNSt16remove_referenceISA_E4typeE called 4 returned 100% blocks executed 100%
        4:   76:    forward(typename std::remove_reference<_Tp>::type& __t) noexcept
        4:   77:    { return static_cast<_Tp&&>(__t); }
------------------
_ZSt7forwardINSt7__cxx1112basic_stringIcSt11char_traitsIcESaIcEEEEOT_RNSt16remove_referenceIS6_E4typeE:
function _ZSt7forwardINSt7__cxx1112basic_stringIcSt11char_traitsIcESaIcEEEEOT_RNSt16remove_referenceIS6_E4typeE called 3 returned 100% blocks executed 100%
        3:   76:    forward(typename std::remove_reference<_Tp>::type& __t) noexcept
        3:   77:    { return static_cast<_Tp&&>(__t); }
------------------
_ZSt7forwardIRK7studentEOT_RNSt16remove_referenceIS3_E4typeE:
function _ZSt7forwardIRK7studentEOT_RNSt16remove_referenceIS3_E4typeE called 4 returned 100% blocks executed 100%
        4:   76:    forward(typename std::remove_reference<_Tp>::type& __t) noexcept
        4:   77:    { return static_cast<_Tp&&>(__t); }
------------------
_ZSt7forwardISt5tupleIJEEEOT_RNSt16remove_referenceIS2_E4typeE:
function _ZSt7forwardISt5tupleIJEEEOT_RNSt16remove_referenceIS2_E4typeE called 5 returned 100% blocks executed 100%
        5:   76:    forward(typename std::remove_reference<_Tp>::type& __t) noexcept
        5:   77:    { return static_cast<_Tp&&>(__t); }
------------------
_ZSt7forwardISt5tupleIJRKNSt7__cxx1112basic_stringIcSt11char_traitsIcESaIcEEEEEEOT_RNSt16remove_referenceISA_E4typeE:
function _ZSt7forwardISt5tupleIJRKNSt7__cxx1112basic_stringIcSt11char_traitsIcESaIcEEEEEEOT_RNSt16remove_referenceISA_E4typeE called 5 returned 100% blocks executed 100%
        5:   76:    forward(typename std::remove_reference<_Tp>::type& __t) noexcept
        5:   77:    { return static_cast<_Tp&&>(__t); }
------------------
_ZSt7forwardIRKSt21piecewise_construct_tEOT_RNSt16remove_referenceIS3_E4typeE:
function _ZSt7forwardIRKSt21piecewise_construct_tEOT_RNSt16remove_referenceIS3_E4typeE called 5 returned 100% blocks executed 100%
        5:   76:    forward(typename std::remove_reference<_Tp>::type& __t) noexcept
        5:   77:    { return static_cast<_Tp&&>(__t); }
------------------
_ZSt7forwardIRK6AlumniEOT_RNSt16remove_referenceIS3_E4typeE:
function _ZSt7forwardIRK6AlumniEOT_RNSt16remove_referenceIS3_E4typeE called 12 returned 100% blocks executed 100%
       12:   76:    forward(typename std::remove_reference<_Tp>::type& __t) noexcept
       12:   77:    { return static_cast<_Tp&&>(__t); }
------------------
_ZSt7forwardIRFivEEOT_RNSt16remove_referenceIS2_E4typeE:
function _ZSt7forwardIRFivEEOT_RNSt16remove_referenceIS2_E4typeE called 9 returned 100% blocks executed 100%
        9:   76:    forward(typename std::remove_reference<_Tp>::type& __t) noexcept
        9:   77:    { return static_cast<_Tp&&>(__t); }
------------------
_ZSt7forwardIRNSt7__cxx1112basic_stringIcSt11char_traitsIcESaIcEEEEOT_RNSt16remove_referenceIS7_E4typeE:
function _ZSt7forwardIRNSt7__cxx1112basic_stringIcSt11char_traitsIcESaIcEEEEOT_RNSt16remove_referenceIS7_E4typeE called 15 returned 100% blocks executed 100%
       15:   76:    forward(typename std::remove_reference<_Tp>::type& __t) noexcept
       15:   77:    { return static_cast<_Tp&&>(__t); }
------------------
_ZSt7forwardIcEOT_RNSt16remove_referenceIS0_E4typeE:
function _ZSt7forwardIcEOT_RNSt16remove_referenceIS0_E4typeE called 136 returned 100% blocks executed 100%
      136:   76:    forward(typename std::remove_reference<_Tp>::type& __t) noexcept
      136:   77:    { return static_cast<_Tp&&>(__t); }
------------------
_ZSt7forwardIRNSt8__detail15_BracketMatcherINSt7__cxx1112regex_traitsIcEELb0ELb0EEEEOT_RNSt16remove_referenceIS7_E4typeE:
function _ZSt7forwardIRNSt8__detail15_BracketMatcherINSt7__cxx1112regex_traitsIcEELb0ELb0EEEEOT_RNSt16remove_referenceIS7_E4typeE called 52 returned 100% blocks executed 100%
       52:   76:    forward(typename std::remove_reference<_Tp>::type& __t) noexcept
       52:   77:    { return static_cast<_Tp&&>(__t); }
------------------
_ZSt7forwardIOPFivEEOT_RNSt16remove_referenceIS3_E4typeE:
function _ZSt7forwardIOPFivEEOT_RNSt16remove_referenceIS3_E4typeE called 3 returned 100% blocks executed 100%
        3:   76:    forward(typename std::remove_reference<_Tp>::type& __t) noexcept
        3:   77:    { return static_cast<_Tp&&>(__t); }
------------------
_ZSt7forwardIRKSt4pairINSt7__cxx1112basic_stringIcSt11char_traitsIcESaIcEEES6_EEOT_RNSt16remove_referenceISA_E4typeE:
function _ZSt7forwardIRKSt4pairINSt7__cxx1112basic_stringIcSt11char_traitsIcESaIcEEES6_EEOT_RNSt16remove_referenceISA_E4typeE called 0 returned 0% blocks executed 0%
    #####:   76:    forward(typename std::remove_reference<_Tp>::type& __t) noexcept
    #####:   77:    { return static_cast<_Tp&&>(__t); }
------------------
_ZSt7forwardIRKSt4pairIccEEOT_RNSt16remove_referenceIS4_E4typeE:
function _ZSt7forwardIRKSt4pairIccEEOT_RNSt16remove_referenceIS4_E4typeE called 0 returned 0% blocks executed 0%
    #####:   76:    forward(typename std::remove_reference<_Tp>::type& __t) noexcept
    #####:   77:    { return static_cast<_Tp&&>(__t); }
------------------
_ZSt7forwardINSt7__cxx1112regex_traitsIcE10_RegexMaskEEOT_RNSt16remove_referenceIS4_E4typeE:
function _ZSt7forwardINSt7__cxx1112regex_traitsIcE10_RegexMaskEEOT_RNSt16remove_referenceIS4_E4typeE called 0 returned 0% blocks executed 0%
    #####:   76:    forward(typename std::remove_reference<_Tp>::type& __t) noexcept
    #####:   77:    { return static_cast<_Tp&&>(__t); }
------------------
_ZSt7forwardISt4pairIlSt6vectorINSt7__cxx119sub_matchIN9__gnu_cxx17__normal_iteratorIPKcNS2_12basic_stringIcSt11char_traitsIcESaIcEEEEEEESaISE_EEEEOT_RNSt16remove_referenceISI_E4typeE:
function _ZSt7forwardISt4pairIlSt6vectorINSt7__cxx119sub_matchIN9__gnu_cxx17__normal_iteratorIPKcNS2_12basic_stringIcSt11char_traitsIcESaIcEEEEEEESaISE_EEEEOT_RNSt16remove_referenceISI_E4typeE called 0 returned 0% blocks executed 0%
    #####:   76:    forward(typename std::remove_reference<_Tp>::type& __t) noexcept
    #####:   77:    { return static_cast<_Tp&&>(__t); }
------------------
_ZSt7forwardIRPSt13_Rb_tree_nodeISt4pairIKllEEEOT_RNSt16remove_referenceIS7_E4typeE:
function _ZSt7forwardIRPSt13_Rb_tree_nodeISt4pairIKllEEEOT_RNSt16remove_referenceIS7_E4typeE called 0 returned 0% blocks executed 0%
    #####:   76:    forward(typename std::remove_reference<_Tp>::type& __t) noexcept
    #####:   77:    { return static_cast<_Tp&&>(__t); }
------------------
_ZSt7forwardISt4pairINSt7__cxx1112basic_stringIcSt11char_traitsIcESaIcEEES6_EEOT_RNSt16remove_referenceIS8_E4typeE:
function _ZSt7forwardISt4pairINSt7__cxx1112basic_stringIcSt11char_traitsIcESaIcEEES6_EEOT_RNSt16remove_referenceIS8_E4typeE called 0 returned 0% blocks executed 0%
    #####:   76:    forward(typename std::remove_reference<_Tp>::type& __t) noexcept
    #####:   77:    { return static_cast<_Tp&&>(__t); }
------------------
_ZSt7forwardISt4pairIccEEOT_RNSt16remove_referenceIS2_E4typeE:
function _ZSt7forwardISt4pairIccEEOT_RNSt16remove_referenceIS2_E4typeE called 0 returned 0% blocks executed 0%
    #####:   76:    forward(typename std::remove_reference<_Tp>::type& __t) noexcept
    #####:   77:    { return static_cast<_Tp&&>(__t); }
------------------
_ZSt7forwardIRKNSt8__detail6_StateIcEEEOT_RNSt16remove_referenceIS5_E4typeE:
function _ZSt7forwardIRKNSt8__detail6_StateIcEEEOT_RNSt16remove_referenceIS5_E4typeE called 126 returned 100% blocks executed 100%
      126:   76:    forward(typename std::remove_reference<_Tp>::type& __t) noexcept
      126:   77:    { return static_cast<_Tp&&>(__t); }
------------------
_ZSt7forwardIRNSt8__detail15_BracketMatcherINSt7__cxx1112regex_traitsIcEELb1ELb1EEEEOT_RNSt16remove_referenceIS7_E4typeE:
function _ZSt7forwardIRNSt8__detail15_BracketMatcherINSt7__cxx1112regex_traitsIcEELb1ELb1EEEEOT_RNSt16remove_referenceIS7_E4typeE called 0 returned 0% blocks executed 0%
    #####:   76:    forward(typename std::remove_reference<_Tp>::type& __t) noexcept
    #####:   77:    { return static_cast<_Tp&&>(__t); }
------------------
_ZSt7forwardIRNSt8__detail15_BracketMatcherINSt7__cxx1112regex_traitsIcEELb1ELb0EEEEOT_RNSt16remove_referenceIS7_E4typeE:
function _ZSt7forwardIRNSt8__detail15_BracketMatcherINSt7__cxx1112regex_traitsIcEELb1ELb0EEEEOT_RNSt16remove_referenceIS7_E4typeE called 0 returned 0% blocks executed 0%
    #####:   76:    forward(typename std::remove_reference<_Tp>::type& __t) noexcept
    #####:   77:    { return static_cast<_Tp&&>(__t); }
------------------
_ZSt7forwardIRNSt8__detail15_BracketMatcherINSt7__cxx1112regex_traitsIcEELb0ELb1EEEEOT_RNSt16remove_referenceIS7_E4typeE:
function _ZSt7forwardIRNSt8__detail15_BracketMatcherINSt7__cxx1112regex_traitsIcEELb0ELb1EEEEOT_RNSt16remove_referenceIS7_E4typeE called 0 returned 0% blocks executed 0%
    #####:   76:    forward(typename std::remove_reference<_Tp>::type& __t) noexcept
    #####:   77:    { return static_cast<_Tp&&>(__t); }
------------------
_ZSt7forwardIPFivEEOT_RNSt16remove_referenceIS2_E4typeE:
function _ZSt7forwardIPFivEEOT_RNSt16remove_referenceIS2_E4typeE called 6 returned 100% blocks executed 100%
        6:   76:    forward(typename std::remove_reference<_Tp>::type& __t) noexcept
        6:   77:    { return static_cast<_Tp&&>(__t); }
------------------
_ZSt7forwardIRKNSt7__cxx1112regex_traitsIcE10_RegexMaskEEOT_RNSt16remove_referenceIS6_E4typeE:
function _ZSt7forwardIRKNSt7__cxx1112regex_traitsIcE10_RegexMaskEEOT_RNSt16remove_referenceIS6_E4typeE called 0 returned 0% blocks executed 0%
    #####:   76:    forward(typename std::remove_reference<_Tp>::type& __t) noexcept
    #####:   77:    { return static_cast<_Tp&&>(__t); }
------------------
_ZSt7forwardIRNSt8__detail12_CharMatcherINSt7__cxx1112regex_traitsIcEELb1ELb1EEEEOT_RNSt16remove_referenceIS7_E4typeE:
function _ZSt7forwardIRNSt8__detail12_CharMatcherINSt7__cxx1112regex_traitsIcEELb1ELb1EEEEOT_RNSt16remove_referenceIS7_E4typeE called 0 returned 0% blocks executed 0%
    #####:   76:    forward(typename std::remove_reference<_Tp>::type& __t) noexcept
    #####:   77:    { return static_cast<_Tp&&>(__t); }
------------------
_ZSt7forwardIRNSt8__detail12_CharMatcherINSt7__cxx1112regex_traitsIcEELb1ELb0EEEEOT_RNSt16remove_referenceIS7_E4typeE:
function _ZSt7forwardIRNSt8__detail12_CharMatcherINSt7__cxx1112regex_traitsIcEELb1ELb0EEEEOT_RNSt16remove_referenceIS7_E4typeE called 0 returned 0% blocks executed 0%
    #####:   76:    forward(typename std::remove_reference<_Tp>::type& __t) noexcept
    #####:   77:    { return static_cast<_Tp&&>(__t); }
------------------
_ZSt7forwardIRNSt8__detail12_CharMatcherINSt7__cxx1112regex_traitsIcEELb0ELb1EEEEOT_RNSt16remove_referenceIS7_E4typeE:
function _ZSt7forwardIRNSt8__detail12_CharMatcherINSt7__cxx1112regex_traitsIcEELb0ELb1EEEEOT_RNSt16remove_referenceIS7_E4typeE called 0 returned 0% blocks executed 0%
    #####:   76:    forward(typename std::remove_reference<_Tp>::type& __t) noexcept
    #####:   77:    { return static_cast<_Tp&&>(__t); }
------------------
_ZSt7forwardIRNSt8__detail12_CharMatcherINSt7__cxx1112regex_traitsIcEELb0ELb0EEEEOT_RNSt16remove_referenceIS7_E4typeE:
function _ZSt7forwardIRNSt8__detail12_CharMatcherINSt7__cxx1112regex_traitsIcEELb0ELb0EEEEOT_RNSt16remove_referenceIS7_E4typeE called 16 returned 100% blocks executed 100%
       16:   76:    forward(typename std::remove_reference<_Tp>::type& __t) noexcept
       16:   77:    { return static_cast<_Tp&&>(__t); }
------------------
_ZSt7forwardIRNSt8__detail11_AnyMatcherINSt7__cxx1112regex_traitsIcEELb1ELb1ELb1EEEEOT_RNSt16remove_referenceIS7_E4typeE:
function _ZSt7forwardIRNSt8__detail11_AnyMatcherINSt7__cxx1112regex_traitsIcEELb1ELb1ELb1EEEEOT_RNSt16remove_referenceIS7_E4typeE called 0 returned 0% blocks executed 0%
    #####:   76:    forward(typename std::remove_reference<_Tp>::type& __t) noexcept
    #####:   77:    { return static_cast<_Tp&&>(__t); }
------------------
_ZSt7forwardIRNSt8__detail11_AnyMatcherINSt7__cxx1112regex_traitsIcEELb1ELb1ELb0EEEEOT_RNSt16remove_referenceIS7_E4typeE:
function _ZSt7forwardIRNSt8__detail11_AnyMatcherINSt7__cxx1112regex_traitsIcEELb1ELb1ELb0EEEEOT_RNSt16remove_referenceIS7_E4typeE called 0 returned 0% blocks executed 0%
    #####:   76:    forward(typename std::remove_reference<_Tp>::type& __t) noexcept
    #####:   77:    { return static_cast<_Tp&&>(__t); }
------------------
_ZSt7forwardIRNSt8__detail11_AnyMatcherINSt7__cxx1112regex_traitsIcEELb1ELb0ELb1EEEEOT_RNSt16remove_referenceIS7_E4typeE:
function _ZSt7forwardIRNSt8__detail11_AnyMatcherINSt7__cxx1112regex_traitsIcEELb1ELb0ELb1EEEEOT_RNSt16remove_referenceIS7_E4typeE called 0 returned 0% blocks executed 0%
    #####:   76:    forward(typename std::remove_reference<_Tp>::type& __t) noexcept
    #####:   77:    { return static_cast<_Tp&&>(__t); }
------------------
_ZSt7forwardIRNSt8__detail11_AnyMatcherINSt7__cxx1112regex_traitsIcEELb1ELb0ELb0EEEEOT_RNSt16remove_referenceIS7_E4typeE:
function _ZSt7forwardIRNSt8__detail11_AnyMatcherINSt7__cxx1112regex_traitsIcEELb1ELb0ELb0EEEEOT_RNSt16remove_referenceIS7_E4typeE called 0 returned 0% blocks executed 0%
    #####:   76:    forward(typename std::remove_reference<_Tp>::type& __t) noexcept
    #####:   77:    { return static_cast<_Tp&&>(__t); }
------------------
_ZSt7forwardIRNSt8__detail11_AnyMatcherINSt7__cxx1112regex_traitsIcEELb0ELb1ELb1EEEEOT_RNSt16remove_referenceIS7_E4typeE:
function _ZSt7forwardIRNSt8__detail11_AnyMatcherINSt7__cxx1112regex_traitsIcEELb0ELb1ELb1EEEEOT_RNSt16remove_referenceIS7_E4typeE called 0 returned 0% blocks executed 0%
    #####:   76:    forward(typename std::remove_reference<_Tp>::type& __t) noexcept
    #####:   77:    { return static_cast<_Tp&&>(__t); }
------------------
_ZSt7forwardIRNSt8__detail11_AnyMatcherINSt7__cxx1112regex_traitsIcEELb0ELb1ELb0EEEEOT_RNSt16remove_referenceIS7_E4typeE:
function _ZSt7forwardIRNSt8__detail11_AnyMatcherINSt7__cxx1112regex_traitsIcEELb0ELb1ELb0EEEEOT_RNSt16remove_referenceIS7_E4typeE called 0 returned 0% blocks executed 0%
    #####:   76:    forward(typename std::remove_reference<_Tp>::type& __t) noexcept
    #####:   77:    { return static_cast<_Tp&&>(__t); }
------------------
_ZSt7forwardIRNSt8__detail11_AnyMatcherINSt7__cxx1112regex_traitsIcEELb0ELb0ELb1EEEEOT_RNSt16remove_referenceIS7_E4typeE:
function _ZSt7forwardIRNSt8__detail11_AnyMatcherINSt7__cxx1112regex_traitsIcEELb0ELb0ELb1EEEEOT_RNSt16remove_referenceIS7_E4typeE called 0 returned 0% blocks executed 0%
    #####:   76:    forward(typename std::remove_reference<_Tp>::type& __t) noexcept
    #####:   77:    { return static_cast<_Tp&&>(__t); }
------------------
        -:   78:
        -:   79:  /**
        -:   80:   *  @brief  Forward an rvalue.
        -:   81:   *  @return The parameter cast to the specified type.
        -:   82:   *
        -:   83:   *  This function is used to implement "perfect forwarding".
        -:   84:   */
        -:   85:  template<typename _Tp>
        -:   86:    constexpr _Tp&&
        -:   87:    forward(typename std::remove_reference<_Tp>::type&& __t) noexcept
        -:   88:    {
        -:   89:      static_assert(!std::is_lvalue_reference<_Tp>::value, "template argument"
        -:   90:		    " substituting _Tp is an lvalue reference type");
        -:   91:      return static_cast<_Tp&&>(__t);
        -:   92:    }
        -:   93:
        -:   94:  /**
        -:   95:   *  @brief  Convert a value to an rvalue.
        -:   96:   *  @param  __t  A thing of arbitrary type.
        -:   97:   *  @return The parameter cast to an rvalue-reference to allow moving it.
        -:   98:  */
        -:   99:  template<typename _Tp>
        -:  100:    constexpr typename std::remove_reference<_Tp>::type&&
    1136*:  101:    move(_Tp&& __t) noexcept
    1136*:  102:    { return static_cast<typename std::remove_reference<_Tp>::type&&>(__t); }
------------------
_ZSt4moveIRSt6vectorINSt7__cxx119sub_matchIN9__gnu_cxx17__normal_iteratorIPKcNS1_12basic_stringIcSt11char_traitsIcESaIcEEEEEEESaISD_EEEONSt16remove_referenceIT_E4typeEOSI_:
function _ZSt4moveIRSt6vectorINSt7__cxx119sub_matchIN9__gnu_cxx17__normal_iteratorIPKcNS1_12basic_stringIcSt11char_traitsIcESaIcEEEEEEESaISD_EEEONSt16remove_referenceIT_E4typeEOSI_ called 0 returned 0% blocks executed 0%
    #####:  101:    move(_Tp&& __t) noexcept
    #####:  102:    { return static_cast<typename std::remove_reference<_Tp>::type&&>(__t); }
------------------
_ZSt4moveIRNSt8__detail11_AnyMatcherINSt7__cxx1112regex_traitsIcEELb0ELb1ELb0EEEEONSt16remove_referenceIT_E4typeEOS8_:
function _ZSt4moveIRNSt8__detail11_AnyMatcherINSt7__cxx1112regex_traitsIcEELb0ELb1ELb0EEEEONSt16remove_referenceIT_E4typeEOS8_ called 0 returned 0% blocks executed 0%
    #####:  101:    move(_Tp&& __t) noexcept
    #####:  102:    { return static_cast<typename std::remove_reference<_Tp>::type&&>(__t); }
------------------
_ZSt4moveIRNSt8__detail11_AnyMatcherINSt7__cxx1112regex_traitsIcEELb0ELb0ELb1EEEEONSt16remove_referenceIT_E4typeEOS8_:
function _ZSt4moveIRNSt8__detail11_AnyMatcherINSt7__cxx1112regex_traitsIcEELb0ELb0ELb1EEEEONSt16remove_referenceIT_E4typeEOS8_ called 0 returned 0% blocks executed 0%
    #####:  101:    move(_Tp&& __t) noexcept
    #####:  102:    { return static_cast<typename std::remove_reference<_Tp>::type&&>(__t); }
------------------
_ZSt4moveIRNSt8__detail11_AnyMatcherINSt7__cxx1112regex_traitsIcEELb0ELb0ELb0EEEEONSt16remove_referenceIT_E4typeEOS8_:
function _ZSt4moveIRNSt8__detail11_AnyMatcherINSt7__cxx1112regex_traitsIcEELb0ELb0ELb0EEEEONSt16remove_referenceIT_E4typeEOS8_ called 0 returned 0% blocks executed 0%
    #####:  101:    move(_Tp&& __t) noexcept
    #####:  102:    { return static_cast<typename std::remove_reference<_Tp>::type&&>(__t); }
------------------
_ZSt4moveIRPmEONSt16remove_referenceIT_E4typeEOS3_:
function _ZSt4moveIRPmEONSt16remove_referenceIT_E4typeEOS3_ called 0 returned 0% blocks executed 0%
    #####:  101:    move(_Tp&& __t) noexcept
    #####:  102:    { return static_cast<typename std::remove_reference<_Tp>::type&&>(__t); }
------------------
_ZSt4moveIRNSt8__detail15_BracketMatcherINSt7__cxx1112regex_traitsIcEELb1ELb1EEEEONSt16remove_referenceIT_E4typeEOS8_:
function _ZSt4moveIRNSt8__detail15_BracketMatcherINSt7__cxx1112regex_traitsIcEELb1ELb1EEEEONSt16remove_referenceIT_E4typeEOS8_ called 0 returned 0% blocks executed 0%
    #####:  101:    move(_Tp&& __t) noexcept
    #####:  102:    { return static_cast<typename std::remove_reference<_Tp>::type&&>(__t); }
------------------
_ZSt4moveIRNSt8__detail15_BracketMatcherINSt7__cxx1112regex_traitsIcEELb1ELb0EEEEONSt16remove_referenceIT_E4typeEOS8_:
function _ZSt4moveIRNSt8__detail15_BracketMatcherINSt7__cxx1112regex_traitsIcEELb1ELb0EEEEONSt16remove_referenceIT_E4typeEOS8_ called 0 returned 0% blocks executed 0%
    #####:  101:    move(_Tp&& __t) noexcept
    #####:  102:    { return static_cast<typename std::remove_reference<_Tp>::type&&>(__t); }
------------------
_ZSt4moveIRNSt8__detail15_BracketMatcherINSt7__cxx1112regex_traitsIcEELb0ELb1EEEEONSt16remove_referenceIT_E4typeEOS8_:
function _ZSt4moveIRNSt8__detail15_BracketMatcherINSt7__cxx1112regex_traitsIcEELb0ELb1EEEEONSt16remove_referenceIT_E4typeEOS8_ called 0 returned 0% blocks executed 0%
    #####:  101:    move(_Tp&& __t) noexcept
    #####:  102:    { return static_cast<typename std::remove_reference<_Tp>::type&&>(__t); }
------------------
_ZSt4moveIRNSt8__detail15_BracketMatcherINSt7__cxx1112regex_traitsIcEELb0ELb0EEEEONSt16remove_referenceIT_E4typeEOS8_:
function _ZSt4moveIRNSt8__detail15_BracketMatcherINSt7__cxx1112regex_traitsIcEELb0ELb0EEEEONSt16remove_referenceIT_E4typeEOS8_ called 32 returned 100% blocks executed 100%
       32:  101:    move(_Tp&& __t) noexcept
       32:  102:    { return static_cast<typename std::remove_reference<_Tp>::type&&>(__t); }
------------------
_ZSt4moveIRlEONSt16remove_referenceIT_E4typeEOS2_:
function _ZSt4moveIRlEONSt16remove_referenceIT_E4typeEOS2_ called 0 returned 0% blocks executed 0%
    #####:  101:    move(_Tp&& __t) noexcept
    #####:  102:    { return static_cast<typename std::remove_reference<_Tp>::type&&>(__t); }
------------------
_ZSt4moveIRPFbRKSt9_Any_dataOcEEONSt16remove_referenceIT_E4typeEOS8_:
function _ZSt4moveIRPFbRKSt9_Any_dataOcEEONSt16remove_referenceIT_E4typeEOS8_ called 192 returned 100% blocks executed 100%
      192:  101:    move(_Tp&& __t) noexcept
      192:  102:    { return static_cast<typename std::remove_reference<_Tp>::type&&>(__t); }
------------------
_ZSt4moveIRPFbRSt9_Any_dataRKS0_St18_Manager_operationEEONSt16remove_referenceIT_E4typeEOS9_:
function _ZSt4moveIRPFbRSt9_Any_dataRKS0_St18_Manager_operationEEONSt16remove_referenceIT_E4typeEOS9_ called 192 returned 100% blocks executed 100%
      192:  101:    move(_Tp&& __t) noexcept
      192:  102:    { return static_cast<typename std::remove_reference<_Tp>::type&&>(__t); }
------------------
_ZSt4moveIRSt9_Any_dataEONSt16remove_referenceIT_E4typeEOS3_:
function _ZSt4moveIRSt9_Any_dataEONSt16remove_referenceIT_E4typeEOS3_ called 192 returned 100% blocks executed 100%
      192:  101:    move(_Tp&& __t) noexcept
      192:  102:    { return static_cast<typename std::remove_reference<_Tp>::type&&>(__t); }
------------------
_ZSt4moveIRNSt12_Vector_baseISt4pairIlSt6vectorINSt7__cxx119sub_matchIN9__gnu_cxx17__normal_iteratorIPKcNS3_12basic_stringIcSt11char_traitsIcESaIcEEEEEEESaISF_EEESaISI_EE12_Vector_implEEONSt16remove_referenceIT_E4typeEOSO_:
function _ZSt4moveIRNSt12_Vector_baseISt4pairIlSt6vectorINSt7__cxx119sub_matchIN9__gnu_cxx17__normal_iteratorIPKcNS3_12basic_stringIcSt11char_traitsIcESaIcEEEEEEESaISF_EEESaISI_EE12_Vector_implEEONSt16remove_referenceIT_E4typeEOSO_ called 0 returned 0% blocks executed 0%
    #####:  101:    move(_Tp&& __t) noexcept
    #####:  102:    { return static_cast<typename std::remove_reference<_Tp>::type&&>(__t); }
------------------
_ZSt4moveIRNSt8__detail11_AnyMatcherINSt7__cxx1112regex_traitsIcEELb0ELb1ELb1EEEEONSt16remove_referenceIT_E4typeEOS8_:
function _ZSt4moveIRNSt8__detail11_AnyMatcherINSt7__cxx1112regex_traitsIcEELb0ELb1ELb1EEEEONSt16remove_referenceIT_E4typeEOS8_ called 0 returned 0% blocks executed 0%
    #####:  101:    move(_Tp&& __t) noexcept
    #####:  102:    { return static_cast<typename std::remove_reference<_Tp>::type&&>(__t); }
------------------
_ZSt4moveIRSt6vectorISt4pairIlS0_INSt7__cxx119sub_matchIN9__gnu_cxx17__normal_iteratorIPKcNS2_12basic_stringIcSt11char_traitsIcESaIcEEEEEEESaISE_EEESaISH_EEEONSt16remove_referenceIT_E4typeEOSM_:
function _ZSt4moveIRSt6vectorISt4pairIlS0_INSt7__cxx119sub_matchIN9__gnu_cxx17__normal_iteratorIPKcNS2_12basic_stringIcSt11char_traitsIcESaIcEEEEEEESaISE_EEESaISH_EEEONSt16remove_referenceIT_E4typeEOSM_ called 0 returned 0% blocks executed 0%
    #####:  101:    move(_Tp&& __t) noexcept
    #####:  102:    { return static_cast<typename std::remove_reference<_Tp>::type&&>(__t); }
------------------
_ZSt4moveIRNSt8__detail9_StateSeqINSt7__cxx1112regex_traitsIcEEEEEONSt16remove_referenceIT_E4typeEOS8_:
function _ZSt4moveIRNSt8__detail9_StateSeqINSt7__cxx1112regex_traitsIcEEEEEONSt16remove_referenceIT_E4typeEOS8_ called 68 returned 100% blocks executed 100%
       68:  101:    move(_Tp&& __t) noexcept
       68:  102:    { return static_cast<typename std::remove_reference<_Tp>::type&&>(__t); }
------------------
_ZSt4moveIRSt8functionIFbcEEEONSt16remove_referenceIT_E4typeEOS5_:
function _ZSt4moveIRSt8functionIFbcEEEONSt16remove_referenceIT_E4typeEOS5_ called 64 returned 100% blocks executed 100%
       64:  101:    move(_Tp&& __t) noexcept
       64:  102:    { return static_cast<typename std::remove_reference<_Tp>::type&&>(__t); }
------------------
_ZSt4moveIRNSt8__detail6_StateIcEEEONSt16remove_referenceIT_E4typeEOS5_:
function _ZSt4moveIRNSt8__detail6_StateIcEEEONSt16remove_referenceIT_E4typeEOS5_ called 218 returned 100% blocks executed 100%
      218:  101:    move(_Tp&& __t) noexcept
      218:  102:    { return static_cast<typename std::remove_reference<_Tp>::type&&>(__t); }
------------------
_ZSt4moveIRSt10shared_ptrINSt8__detail4_NFAINSt7__cxx1112regex_traitsIcEEEEEEONSt16remove_referenceIT_E4typeEOSA_:
function _ZSt4moveIRSt10shared_ptrINSt8__detail4_NFAINSt7__cxx1112regex_traitsIcEEEEEEONSt16remove_referenceIT_E4typeEOSA_ called 4 returned 100% blocks executed 100%
        4:  101:    move(_Tp&& __t) noexcept
        4:  102:    { return static_cast<typename std::remove_reference<_Tp>::type&&>(__t); }
------------------
_ZSt4moveIRSt11_Tuple_implILm2EJNSt7__cxx1112basic_stringIcSt11char_traitsIcESaIcEEEEEEONSt16remove_referenceIT_E4typeEOSA_:
function _ZSt4moveIRSt11_Tuple_implILm2EJNSt7__cxx1112basic_stringIcSt11char_traitsIcESaIcEEEEEEONSt16remove_referenceIT_E4typeEOSA_ called 1 returned 100% blocks executed 100%
        1:  101:    move(_Tp&& __t) noexcept
        1:  102:    { return static_cast<typename std::remove_reference<_Tp>::type&&>(__t); }
------------------
_ZSt4moveIRSt6localeEONSt16remove_referenceIT_E4typeEOS3_:
function _ZSt4moveIRSt6localeEONSt16remove_referenceIT_E4typeEOS3_ called 8 returned 100% blocks executed 100%
        8:  101:    move(_Tp&& __t) noexcept
        8:  102:    { return static_cast<typename std::remove_reference<_Tp>::type&&>(__t); }
------------------
_ZSt4moveIRPNSt6thread6_StateEEONSt16remove_referenceIT_E4typeEOS5_:
function _ZSt4moveIRPNSt6thread6_StateEEONSt16remove_referenceIT_E4typeEOS5_ called 0 returned 0% blocks executed 0%
    #####:  101:    move(_Tp&& __t) noexcept
    #####:  102:    { return static_cast<typename std::remove_reference<_Tp>::type&&>(__t); }
------------------
_ZSt4moveIRSt11_Tuple_implILm1EJNSt7__cxx1112basic_stringIcSt11char_traitsIcESaIcEEES6_EEEONSt16remove_referenceIT_E4typeEOSA_:
function _ZSt4moveIRSt11_Tuple_implILm1EJNSt7__cxx1112basic_stringIcSt11char_traitsIcESaIcEEES6_EEEONSt16remove_referenceIT_E4typeEOSA_ called 1 returned 100% blocks executed 100%
        1:  101:    move(_Tp&& __t) noexcept
        1:  102:    { return static_cast<typename std::remove_reference<_Tp>::type&&>(__t); }
------------------
_ZSt4moveIRPKcEONSt16remove_referenceIT_E4typeEOS4_:
function _ZSt4moveIRPKcEONSt16remove_referenceIT_E4typeEOS4_ called 8 returned 100% blocks executed 100%
        8:  101:    move(_Tp&& __t) noexcept
        8:  102:    { return static_cast<typename std::remove_reference<_Tp>::type&&>(__t); }
------------------
_ZSt4moveIRSt5tupleIJNSt7__cxx1112basic_stringIcSt11char_traitsIcESaIcEEES6_S6_EEEONSt16remove_referenceIT_E4typeEOSA_:
function _ZSt4moveIRSt5tupleIJNSt7__cxx1112basic_stringIcSt11char_traitsIcESaIcEEES6_S6_EEEONSt16remove_referenceIT_E4typeEOSA_ called 1 returned 100% blocks executed 100%
        1:  101:    move(_Tp&& __t) noexcept
        1:  102:    { return static_cast<typename std::remove_reference<_Tp>::type&&>(__t); }
------------------
_ZSt4moveIRNSt7__cxx1112basic_stringIcSt11char_traitsIcESaIcEEEEONSt16remove_referenceIT_E4typeEOS8_:
function _ZSt4moveIRNSt7__cxx1112basic_stringIcSt11char_traitsIcESaIcEEEEONSt16remove_referenceIT_E4typeEOS8_ called 0 returned 0% blocks executed 0%
    #####:  101:    move(_Tp&& __t) noexcept
    #####:  102:    { return static_cast<typename std::remove_reference<_Tp>::type&&>(__t); }
------------------
_ZSt4moveIRSaIcEEONSt16remove_referenceIT_E4typeEOS3_:
function _ZSt4moveIRSaIcEEONSt16remove_referenceIT_E4typeEOS3_ called 0 returned 0% blocks executed 0%
    #####:  101:    move(_Tp&& __t) noexcept
    #####:  102:    { return static_cast<typename std::remove_reference<_Tp>::type&&>(__t); }
------------------
_ZSt4moveIRSaINSt7__cxx119sub_matchIN9__gnu_cxx17__normal_iteratorIPKcNS0_12basic_stringIcSt11char_traitsIcESaIcEEEEEEEEEONSt16remove_referenceIT_E4typeEOSG_:
function _ZSt4moveIRSaINSt7__cxx119sub_matchIN9__gnu_cxx17__normal_iteratorIPKcNS0_12basic_stringIcSt11char_traitsIcESaIcEEEEEEEEEONSt16remove_referenceIT_E4typeEOSG_ called 0 returned 0% blocks executed 0%
    #####:  101:    move(_Tp&& __t) noexcept
    #####:  102:    { return static_cast<typename std::remove_reference<_Tp>::type&&>(__t); }
------------------
_ZSt4moveIRPSt4pairINSt7__cxx1112basic_stringIcSt11char_traitsIcESaIcEEES6_EEONSt16remove_referenceIT_E4typeEOSB_:
function _ZSt4moveIRPSt4pairINSt7__cxx1112basic_stringIcSt11char_traitsIcESaIcEEES6_EEONSt16remove_referenceIT_E4typeEOSB_ called 0 returned 0% blocks executed 0%
    #####:  101:    move(_Tp&& __t) noexcept
    #####:  102:    { return static_cast<typename std::remove_reference<_Tp>::type&&>(__t); }
------------------
_ZSt4moveIRPSt4pairIccEEONSt16remove_referenceIT_E4typeEOS5_:
function _ZSt4moveIRPSt4pairIccEEONSt16remove_referenceIT_E4typeEOS5_ called 0 returned 0% blocks executed 0%
    #####:  101:    move(_Tp&& __t) noexcept
    #####:  102:    { return static_cast<typename std::remove_reference<_Tp>::type&&>(__t); }
------------------
_ZSt4moveIRPcEONSt16remove_referenceIT_E4typeEOS3_:
function _ZSt4moveIRPcEONSt16remove_referenceIT_E4typeEOS3_ called 0 returned 0% blocks executed 0%
    #####:  101:    move(_Tp&& __t) noexcept
    #####:  102:    { return static_cast<typename std::remove_reference<_Tp>::type&&>(__t); }
------------------
_ZSt4moveIRPNSt7__cxx1112basic_stringIcSt11char_traitsIcESaIcEEEEONSt16remove_referenceIT_E4typeEOS9_:
function _ZSt4moveIRPNSt7__cxx1112basic_stringIcSt11char_traitsIcESaIcEEEEONSt16remove_referenceIT_E4typeEOS9_ called 0 returned 0% blocks executed 0%
    #####:  101:    move(_Tp&& __t) noexcept
    #####:  102:    { return static_cast<typename std::remove_reference<_Tp>::type&&>(__t); }
------------------
_ZSt4moveIRN9__gnu_cxx5__ops15_Iter_less_iterEEONSt16remove_referenceIT_E4typeEOS5_:
function _ZSt4moveIRN9__gnu_cxx5__ops15_Iter_less_iterEEONSt16remove_referenceIT_E4typeEOS5_ called 0 returned 0% blocks executed 0%
    #####:  101:    move(_Tp&& __t) noexcept
    #####:  102:    { return static_cast<typename std::remove_reference<_Tp>::type&&>(__t); }
------------------
_ZSt4moveIRNSt7__cxx1112regex_traitsIcE10_RegexMaskEEONSt16remove_referenceIT_E4typeEOS6_:
function _ZSt4moveIRNSt7__cxx1112regex_traitsIcE10_RegexMaskEEONSt16remove_referenceIT_E4typeEOS6_ called 0 returned 0% blocks executed 0%
    #####:  101:    move(_Tp&& __t) noexcept
    #####:  102:    { return static_cast<typename std::remove_reference<_Tp>::type&&>(__t); }
------------------
_ZSt4moveIRNSt12_Vector_baseINSt7__cxx119sub_matchIN9__gnu_cxx17__normal_iteratorIPKcNS1_12basic_stringIcSt11char_traitsIcESaIcEEEEEEESaISD_EE12_Vector_implEEONSt16remove_referenceIT_E4typeEOSJ_:
function _ZSt4moveIRNSt12_Vector_baseINSt7__cxx119sub_matchIN9__gnu_cxx17__normal_iteratorIPKcNS1_12basic_stringIcSt11char_traitsIcESaIcEEEEEEESaISD_EE12_Vector_implEEONSt16remove_referenceIT_E4typeEOSJ_ called 0 returned 0% blocks executed 0%
    #####:  101:    move(_Tp&& __t) noexcept
    #####:  102:    { return static_cast<typename std::remove_reference<_Tp>::type&&>(__t); }
------------------
_ZSt4moveIRPNSt7__cxx1112regex_traitsIcE10_RegexMaskEEONSt16remove_referenceIT_E4typeEOS7_:
function _ZSt4moveIRPNSt7__cxx1112regex_traitsIcE10_RegexMaskEEONSt16remove_referenceIT_E4typeEOS7_ called 0 returned 0% blocks executed 0%
    #####:  101:    move(_Tp&& __t) noexcept
    #####:  102:    { return static_cast<typename std::remove_reference<_Tp>::type&&>(__t); }
------------------
_ZSt4moveIRSt4pairIlSt6vectorINSt7__cxx119sub_matchIN9__gnu_cxx17__normal_iteratorIPKcNS2_12basic_stringIcSt11char_traitsIcESaIcEEEEEEESaISE_EEEEONSt16remove_referenceIT_E4typeEOSK_:
function _ZSt4moveIRSt4pairIlSt6vectorINSt7__cxx119sub_matchIN9__gnu_cxx17__normal_iteratorIPKcNS2_12basic_stringIcSt11char_traitsIcESaIcEEEEEEESaISE_EEEEONSt16remove_referenceIT_E4typeEOSK_ called 0 returned 0% blocks executed 0%
    #####:  101:    move(_Tp&& __t) noexcept
    #####:  102:    { return static_cast<typename std::remove_reference<_Tp>::type&&>(__t); }
------------------
_ZSt4moveIRSt4pairINSt7__cxx1112basic_stringIcSt11char_traitsIcESaIcEEES6_EEONSt16remove_referenceIT_E4typeEOSA_:
function _ZSt4moveIRSt4pairINSt7__cxx1112basic_stringIcSt11char_traitsIcESaIcEEES6_EEONSt16remove_referenceIT_E4typeEOSA_ called 0 returned 0% blocks executed 0%
    #####:  101:    move(_Tp&& __t) noexcept
    #####:  102:    { return static_cast<typename std::remove_reference<_Tp>::type&&>(__t); }
------------------
_ZSt4moveIRSt4pairIccEEONSt16remove_referenceIT_E4typeEOS4_:
function _ZSt4moveIRSt4pairIccEEONSt16remove_referenceIT_E4typeEOS4_ called 0 returned 0% blocks executed 0%
    #####:  101:    move(_Tp&& __t) noexcept
    #####:  102:    { return static_cast<typename std::remove_reference<_Tp>::type&&>(__t); }
------------------
_ZSt4moveIRPSt4pairIlSt6vectorINSt7__cxx119sub_matchIN9__gnu_cxx17__normal_iteratorIPKcNS2_12basic_stringIcSt11char_traitsIcESaIcEEEEEEESaISE_EEEEONSt16remove_referenceIT_E4typeEOSL_:
function _ZSt4moveIRPSt4pairIlSt6vectorINSt7__cxx119sub_matchIN9__gnu_cxx17__normal_iteratorIPKcNS2_12basic_stringIcSt11char_traitsIcESaIcEEEEEEESaISE_EEEEONSt16remove_referenceIT_E4typeEOSL_ called 0 returned 0% blocks executed 0%
    #####:  101:    move(_Tp&& __t) noexcept
    #####:  102:    { return static_cast<typename std::remove_reference<_Tp>::type&&>(__t); }
------------------
_ZSt4moveIRcEONSt16remove_referenceIT_E4typeEOS2_:
function _ZSt4moveIRcEONSt16remove_referenceIT_E4typeEOS2_ called 0 returned 0% blocks executed 0%
    #####:  101:    move(_Tp&& __t) noexcept
    #####:  102:    { return static_cast<typename std::remove_reference<_Tp>::type&&>(__t); }
------------------
_ZSt4moveIRSt5tupleIJPFivEEEEONSt16remove_referenceIT_E4typeEOS6_:
function _ZSt4moveIRSt5tupleIJPFivEEEEONSt16remove_referenceIT_E4typeEOS6_ called 3 returned 100% blocks executed 100%
        3:  101:    move(_Tp&& __t) noexcept
        3:  102:    { return static_cast<typename std::remove_reference<_Tp>::type&&>(__t); }
------------------
_ZSt4moveIRNSt12_Vector_baseISt4pairINSt7__cxx1112basic_stringIcSt11char_traitsIcESaIcEEES7_ESaIS8_EE12_Vector_implEEONSt16remove_referenceIT_E4typeEOSE_:
function _ZSt4moveIRNSt12_Vector_baseISt4pairINSt7__cxx1112basic_stringIcSt11char_traitsIcESaIcEEES7_ESaIS8_EE12_Vector_implEEONSt16remove_referenceIT_E4typeEOSE_ called 0 returned 0% blocks executed 0%
    #####:  101:    move(_Tp&& __t) noexcept
    #####:  102:    { return static_cast<typename std::remove_reference<_Tp>::type&&>(__t); }
------------------
_ZSt4moveIRNSt12_Vector_baseINSt7__cxx1112regex_traitsIcE10_RegexMaskESaIS4_EE12_Vector_implEEONSt16remove_referenceIT_E4typeEOSA_:
function _ZSt4moveIRNSt12_Vector_baseINSt7__cxx1112regex_traitsIcE10_RegexMaskESaIS4_EE12_Vector_implEEONSt16remove_referenceIT_E4typeEOSA_ called 32 returned 100% blocks executed 100%
       32:  101:    move(_Tp&& __t) noexcept
       32:  102:    { return static_cast<typename std::remove_reference<_Tp>::type&&>(__t); }
------------------
_ZSt4moveIRNSt12_Vector_baseISt4pairIccESaIS2_EE12_Vector_implEEONSt16remove_referenceIT_E4typeEOS8_:
function _ZSt4moveIRNSt12_Vector_baseISt4pairIccESaIS2_EE12_Vector_implEEONSt16remove_referenceIT_E4typeEOS8_ called 32 returned 100% blocks executed 100%
       32:  101:    move(_Tp&& __t) noexcept
       32:  102:    { return static_cast<typename std::remove_reference<_Tp>::type&&>(__t); }
------------------
_ZSt4moveIRNSt12_Vector_baseINSt7__cxx1112basic_stringIcSt11char_traitsIcESaIcEEESaIS6_EE12_Vector_implEEONSt16remove_referenceIT_E4typeEOSC_:
function _ZSt4moveIRNSt12_Vector_baseINSt7__cxx1112basic_stringIcSt11char_traitsIcESaIcEEESaIS6_EE12_Vector_implEEONSt16remove_referenceIT_E4typeEOSC_ called 32 returned 100% blocks executed 100%
       32:  101:    move(_Tp&& __t) noexcept
       32:  102:    { return static_cast<typename std::remove_reference<_Tp>::type&&>(__t); }
------------------
_ZSt4moveIRNSt12_Vector_baseIcSaIcEE12_Vector_implEEONSt16remove_referenceIT_E4typeEOS6_:
function _ZSt4moveIRNSt12_Vector_baseIcSaIcEE12_Vector_implEEONSt16remove_referenceIT_E4typeEOS6_ called 32 returned 100% blocks executed 100%
       32:  101:    move(_Tp&& __t) noexcept
       32:  102:    { return static_cast<typename std::remove_reference<_Tp>::type&&>(__t); }
------------------
_ZSt4moveIRNSt8__detail12_CharMatcherINSt7__cxx1112regex_traitsIcEELb1ELb1EEEEONSt16remove_referenceIT_E4typeEOS8_:
function _ZSt4moveIRNSt8__detail12_CharMatcherINSt7__cxx1112regex_traitsIcEELb1ELb1EEEEONSt16remove_referenceIT_E4typeEOS8_ called 0 returned 0% blocks executed 0%
    #####:  101:    move(_Tp&& __t) noexcept
    #####:  102:    { return static_cast<typename std::remove_reference<_Tp>::type&&>(__t); }
------------------
_ZSt4moveIRNSt8__detail12_CharMatcherINSt7__cxx1112regex_traitsIcEELb1ELb0EEEEONSt16remove_referenceIT_E4typeEOS8_:
function _ZSt4moveIRNSt8__detail12_CharMatcherINSt7__cxx1112regex_traitsIcEELb1ELb0EEEEONSt16remove_referenceIT_E4typeEOS8_ called 0 returned 0% blocks executed 0%
    #####:  101:    move(_Tp&& __t) noexcept
    #####:  102:    { return static_cast<typename std::remove_reference<_Tp>::type&&>(__t); }
------------------
_ZSt4moveIRNSt8__detail12_CharMatcherINSt7__cxx1112regex_traitsIcEELb0ELb1EEEEONSt16remove_referenceIT_E4typeEOS8_:
function _ZSt4moveIRNSt8__detail12_CharMatcherINSt7__cxx1112regex_traitsIcEELb0ELb1EEEEONSt16remove_referenceIT_E4typeEOS8_ called 0 returned 0% blocks executed 0%
    #####:  101:    move(_Tp&& __t) noexcept
    #####:  102:    { return static_cast<typename std::remove_reference<_Tp>::type&&>(__t); }
------------------
_ZSt4moveIRNSt8__detail12_CharMatcherINSt7__cxx1112regex_traitsIcEELb0ELb0EEEEONSt16remove_referenceIT_E4typeEOS8_:
function _ZSt4moveIRNSt8__detail12_CharMatcherINSt7__cxx1112regex_traitsIcEELb0ELb0EEEEONSt16remove_referenceIT_E4typeEOS8_ called 24 returned 100% blocks executed 100%
       24:  101:    move(_Tp&& __t) noexcept
       24:  102:    { return static_cast<typename std::remove_reference<_Tp>::type&&>(__t); }
------------------
_ZSt4moveIRNSt8__detail11_AnyMatcherINSt7__cxx1112regex_traitsIcEELb1ELb1ELb1EEEEONSt16remove_referenceIT_E4typeEOS8_:
function _ZSt4moveIRNSt8__detail11_AnyMatcherINSt7__cxx1112regex_traitsIcEELb1ELb1ELb1EEEEONSt16remove_referenceIT_E4typeEOS8_ called 0 returned 0% blocks executed 0%
    #####:  101:    move(_Tp&& __t) noexcept
    #####:  102:    { return static_cast<typename std::remove_reference<_Tp>::type&&>(__t); }
------------------
_ZSt4moveIRNSt8__detail11_AnyMatcherINSt7__cxx1112regex_traitsIcEELb1ELb1ELb0EEEEONSt16remove_referenceIT_E4typeEOS8_:
function _ZSt4moveIRNSt8__detail11_AnyMatcherINSt7__cxx1112regex_traitsIcEELb1ELb1ELb0EEEEONSt16remove_referenceIT_E4typeEOS8_ called 0 returned 0% blocks executed 0%
    #####:  101:    move(_Tp&& __t) noexcept
    #####:  102:    { return static_cast<typename std::remove_reference<_Tp>::type&&>(__t); }
------------------
_ZSt4moveIRNSt8__detail11_AnyMatcherINSt7__cxx1112regex_traitsIcEELb1ELb0ELb1EEEEONSt16remove_referenceIT_E4typeEOS8_:
function _ZSt4moveIRNSt8__detail11_AnyMatcherINSt7__cxx1112regex_traitsIcEELb1ELb0ELb1EEEEONSt16remove_referenceIT_E4typeEOS8_ called 0 returned 0% blocks executed 0%
    #####:  101:    move(_Tp&& __t) noexcept
    #####:  102:    { return static_cast<typename std::remove_reference<_Tp>::type&&>(__t); }
------------------
_ZSt4moveIRNSt8__detail11_AnyMatcherINSt7__cxx1112regex_traitsIcEELb1ELb0ELb0EEEEONSt16remove_referenceIT_E4typeEOS8_:
function _ZSt4moveIRNSt8__detail11_AnyMatcherINSt7__cxx1112regex_traitsIcEELb1ELb0ELb0EEEEONSt16remove_referenceIT_E4typeEOS8_ called 0 returned 0% blocks executed 0%
    #####:  101:    move(_Tp&& __t) noexcept
    #####:  102:    { return static_cast<typename std::remove_reference<_Tp>::type&&>(__t); }
------------------
        -:  103:
        -:  104:
        -:  105:  template<typename _Tp>
        -:  106:    struct __move_if_noexcept_cond
        -:  107:    : public __and_<__not_<is_nothrow_move_constructible<_Tp>>,
        -:  108:                    is_copy_constructible<_Tp>>::type { };
        -:  109:
        -:  110:  /**
        -:  111:   *  @brief  Conditionally convert a value to an rvalue.
        -:  112:   *  @param  __x  A thing of arbitrary type.
        -:  113:   *  @return The parameter, possibly cast to an rvalue-reference.
        -:  114:   *
        -:  115:   *  Same as std::move unless the type's move constructor could throw and the
        -:  116:   *  type is copyable, in which case an lvalue-reference is returned instead.
        -:  117:   */
        -:  118:  template<typename _Tp>
        -:  119:    constexpr typename
        -:  120:    conditional<__move_if_noexcept_cond<_Tp>::value, const _Tp&, _Tp&&>::type
        -:  121:    move_if_noexcept(_Tp& __x) noexcept
        -:  122:    { return std::move(__x); }
        -:  123:
        -:  124:  // declval, from type_traits.
        -:  125:
        -:  126:#if __cplusplus > 201402L
        -:  127:  // _GLIBCXX_RESOLVE_LIB_DEFECTS
        -:  128:  // 2296. std::addressof should be constexpr
        -:  129:# define __cpp_lib_addressof_constexpr 201603
        -:  130:#endif
        -:  131:  /**
        -:  132:   *  @brief Returns the actual address of the object or function
        -:  133:   *         referenced by r, even in the presence of an overloaded
        -:  134:   *         operator&.
        -:  135:   *  @param  __r  Reference to an object or function.
        -:  136:   *  @return   The actual address.
        -:  137:  */
        -:  138:  template<typename _Tp>
        -:  139:    inline _GLIBCXX17_CONSTEXPR _Tp*
function _ZSt9addressofISt14_Fwd_list_nodeISt5tupleIJNSt7__cxx1112basic_stringIcSt11char_traitsIcESaIcEEES7_S7_EEEEPT_RSA_ called 1 returned 100% blocks executed 100%
        1:  140:    addressof(_Tp& __r) noexcept
        1:  141:    { return std::__addressof(__r); }
call    0 returned 1
        -:  142:
        -:  143:  // _GLIBCXX_RESOLVE_LIB_DEFECTS
        -:  144:  // 2598. addressof works on temporaries
        -:  145:  template<typename _Tp>
        -:  146:    const _Tp* addressof(const _Tp&&) = delete;
        -:  147:
        -:  148:  // C++11 version of std::exchange for internal use.
        -:  149:  template <typename _Tp, typename _Up = _Tp>
        -:  150:    _GLIBCXX20_CONSTEXPR
        -:  151:    inline _Tp
        -:  152:    __exchange(_Tp& __obj, _Up&& __new_val)
        -:  153:    {
        -:  154:      _Tp __old_val = std::move(__obj);
        -:  155:      __obj = std::forward<_Up>(__new_val);
        -:  156:      return __old_val;
        -:  157:    }
        -:  158:
        -:  159:  /// @} group utilities
        -:  160:
        -:  161:#define _GLIBCXX_MOVE(__val) std::move(__val)
        -:  162:#define _GLIBCXX_FORWARD(_Tp, __val) std::forward<_Tp>(__val)
        -:  163:#else
        -:  164:#define _GLIBCXX_MOVE(__val) (__val)
        -:  165:#define _GLIBCXX_FORWARD(_Tp, __val) (__val)
        -:  166:#endif
        -:  167:
        -:  168:  /**
        -:  169:   *  @addtogroup utilities
        -:  170:   *  @{
        -:  171:   */
        -:  172:
        -:  173:  /**
        -:  174:   *  @brief Swaps two values.
        -:  175:   *  @param  __a  A thing of arbitrary type.
        -:  176:   *  @param  __b  Another thing of arbitrary type.
        -:  177:   *  @return   Nothing.
        -:  178:  */
        -:  179:  template<typename _Tp>
        -:  180:    _GLIBCXX20_CONSTEXPR
        -:  181:    inline
        -:  182:#if __cplusplus >= 201103L
        -:  183:    typename enable_if<__and_<__not_<__is_tuple_like<_Tp>>,
        -:  184:			      is_move_constructible<_Tp>,
        -:  185:			      is_move_assignable<_Tp>>::value>::type
        -:  186:#else
        -:  187:    void
        -:  188:#endif
     194*:  189:    swap(_Tp& __a, _Tp& __b)
        -:  190:    _GLIBCXX_NOEXCEPT_IF(__and_<is_nothrow_move_constructible<_Tp>,
        -:  191:				is_nothrow_move_assignable<_Tp>>::value)
        -:  192:    {
        -:  193:#if __cplusplus < 201103L
        -:  194:      // concept requirements
        -:  195:      __glibcxx_function_requires(_SGIAssignableConcept<_Tp>)
        -:  196:#endif
     196*:  197:      _Tp __tmp = _GLIBCXX_MOVE(__a);
     194*:  198:      __a = _GLIBCXX_MOVE(__b);
     194*:  199:      __b = _GLIBCXX_MOVE(__tmp);
     194*:  200:    }
------------------
_ZSt4swapIcENSt9enable_ifIXsrSt6__and_IJSt6__not_ISt15__is_tuple_likeIT_EESt21is_move_constructibleIS4_ESt18is_move_assignableIS4_EEE5valueEvE4typeERS4_SE_:
function _ZSt4swapIcENSt9enable_ifIXsrSt6__and_IJSt6__not_ISt15__is_tuple_likeIT_EESt21is_move_constructibleIS4_ESt18is_move_assignableIS4_EEE5valueEvE4typeERS4_SE_ called 0 returned 0% blocks executed 0%
    #####:  189:    swap(_Tp& __a, _Tp& __b)
        -:  190:    _GLIBCXX_NOEXCEPT_IF(__and_<is_nothrow_move_constructible<_Tp>,
        -:  191:				is_nothrow_move_assignable<_Tp>>::value)
        -:  192:    {
        -:  193:#if __cplusplus < 201103L
        -:  194:      // concept requirements
        -:  195:      __glibcxx_function_requires(_SGIAssignableConcept<_Tp>)
        -:  196:#endif
    #####:  197:      _Tp __tmp = _GLIBCXX_MOVE(__a);
call    0 never executed
    #####:  198:      __a = _GLIBCXX_MOVE(__b);
call    0 never executed
    #####:  199:      __b = _GLIBCXX_MOVE(__tmp);
call    0 never executed
    #####:  200:    }
------------------
_ZSt4swapISt6localeENSt9enable_ifIXsrSt6__and_IJSt6__not_ISt15__is_tuple_likeIT_EESt21is_move_constructibleIS5_ESt18is_move_assignableIS5_EEE5valueEvE4typeERS5_SF_:
function _ZSt4swapISt6localeENSt9enable_ifIXsrSt6__and_IJSt6__not_ISt15__is_tuple_likeIT_EESt21is_move_constructibleIS5_ESt18is_move_assignableIS5_EEE5valueEvE4typeERS5_SF_ called 2 returned 100% blocks executed 100%
        2:  189:    swap(_Tp& __a, _Tp& __b)
        -:  190:    _GLIBCXX_NOEXCEPT_IF(__and_<is_nothrow_move_constructible<_Tp>,
        -:  191:				is_nothrow_move_assignable<_Tp>>::value)
        -:  192:    {
        -:  193:#if __cplusplus < 201103L
        -:  194:      // concept requirements
        -:  195:      __glibcxx_function_requires(_SGIAssignableConcept<_Tp>)
        -:  196:#endif
        4:  197:      _Tp __tmp = _GLIBCXX_MOVE(__a);
call    0 returned 2
call    1 returned 2
call    2 returned 2
        2:  198:      __a = _GLIBCXX_MOVE(__b);
call    0 returned 2
call    1 returned 2
        2:  199:      __b = _GLIBCXX_MOVE(__tmp);
call    0 returned 2
call    1 returned 2
        2:  200:    }
------------------
_ZSt4swapIlENSt9enable_ifIXsrSt6__and_IJSt6__not_ISt15__is_tuple_likeIT_EESt21is_move_constructibleIS4_ESt18is_move_assignableIS4_EEE5valueEvE4typeERS4_SE_:
function _ZSt4swapIlENSt9enable_ifIXsrSt6__and_IJSt6__not_ISt15__is_tuple_likeIT_EESt21is_move_constructibleIS4_ESt18is_move_assignableIS4_EEE5valueEvE4typeERS4_SE_ called 0 returned 0% blocks executed 0%
    #####:  189:    swap(_Tp& __a, _Tp& __b)
        -:  190:    _GLIBCXX_NOEXCEPT_IF(__and_<is_nothrow_move_constructible<_Tp>,
        -:  191:				is_nothrow_move_assignable<_Tp>>::value)
        -:  192:    {
        -:  193:#if __cplusplus < 201103L
        -:  194:      // concept requirements
        -:  195:      __glibcxx_function_requires(_SGIAssignableConcept<_Tp>)
        -:  196:#endif
    #####:  197:      _Tp __tmp = _GLIBCXX_MOVE(__a);
call    0 never executed
    #####:  198:      __a = _GLIBCXX_MOVE(__b);
call    0 never executed
    #####:  199:      __b = _GLIBCXX_MOVE(__tmp);
call    0 never executed
    #####:  200:    }
------------------
_ZSt4swapIPFbRKSt9_Any_dataOcEENSt9enable_ifIXsrSt6__and_IJSt6__not_ISt15__is_tuple_likeIT_EESt21is_move_constructibleISA_ESt18is_move_assignableISA_EEE5valueEvE4typeERSA_SK_:
function _ZSt4swapIPFbRKSt9_Any_dataOcEENSt9enable_ifIXsrSt6__and_IJSt6__not_ISt15__is_tuple_likeIT_EESt21is_move_constructibleISA_ESt18is_move_assignableISA_EEE5valueEvE4typeERSA_SK_ called 64 returned 100% blocks executed 100%
       64:  189:    swap(_Tp& __a, _Tp& __b)
        -:  190:    _GLIBCXX_NOEXCEPT_IF(__and_<is_nothrow_move_constructible<_Tp>,
        -:  191:				is_nothrow_move_assignable<_Tp>>::value)
        -:  192:    {
        -:  193:#if __cplusplus < 201103L
        -:  194:      // concept requirements
        -:  195:      __glibcxx_function_requires(_SGIAssignableConcept<_Tp>)
        -:  196:#endif
       64:  197:      _Tp __tmp = _GLIBCXX_MOVE(__a);
call    0 returned 64
       64:  198:      __a = _GLIBCXX_MOVE(__b);
call    0 returned 64
       64:  199:      __b = _GLIBCXX_MOVE(__tmp);
call    0 returned 64
       64:  200:    }
------------------
_ZSt4swapIPFbRSt9_Any_dataRKS0_St18_Manager_operationEENSt9enable_ifIXsrSt6__and_IJSt6__not_ISt15__is_tuple_likeIT_EESt21is_move_constructibleISB_ESt18is_move_assignableISB_EEE5valueEvE4typeERSB_SL_:
function _ZSt4swapIPFbRSt9_Any_dataRKS0_St18_Manager_operationEENSt9enable_ifIXsrSt6__and_IJSt6__not_ISt15__is_tuple_likeIT_EESt21is_move_constructibleISB_ESt18is_move_assignableISB_EEE5valueEvE4typeERSB_SL_ called 64 returned 100% blocks executed 100%
       64:  189:    swap(_Tp& __a, _Tp& __b)
        -:  190:    _GLIBCXX_NOEXCEPT_IF(__and_<is_nothrow_move_constructible<_Tp>,
        -:  191:				is_nothrow_move_assignable<_Tp>>::value)
        -:  192:    {
        -:  193:#if __cplusplus < 201103L
        -:  194:      // concept requirements
        -:  195:      __glibcxx_function_requires(_SGIAssignableConcept<_Tp>)
        -:  196:#endif
       64:  197:      _Tp __tmp = _GLIBCXX_MOVE(__a);
call    0 returned 64
       64:  198:      __a = _GLIBCXX_MOVE(__b);
call    0 returned 64
       64:  199:      __b = _GLIBCXX_MOVE(__tmp);
call    0 returned 64
       64:  200:    }
------------------
_ZSt4swapISt9_Any_dataENSt9enable_ifIXsrSt6__and_IJSt6__not_ISt15__is_tuple_likeIT_EESt21is_move_constructibleIS5_ESt18is_move_assignableIS5_EEE5valueEvE4typeERS5_SF_:
function _ZSt4swapISt9_Any_dataENSt9enable_ifIXsrSt6__and_IJSt6__not_ISt15__is_tuple_likeIT_EESt21is_move_constructibleIS5_ESt18is_move_assignableIS5_EEE5valueEvE4typeERS5_SF_ called 64 returned 100% blocks executed 100%
       64:  189:    swap(_Tp& __a, _Tp& __b)
        -:  190:    _GLIBCXX_NOEXCEPT_IF(__and_<is_nothrow_move_constructible<_Tp>,
        -:  191:				is_nothrow_move_assignable<_Tp>>::value)
        -:  192:    {
        -:  193:#if __cplusplus < 201103L
        -:  194:      // concept requirements
        -:  195:      __glibcxx_function_requires(_SGIAssignableConcept<_Tp>)
        -:  196:#endif
       64:  197:      _Tp __tmp = _GLIBCXX_MOVE(__a);
call    0 returned 64
       64:  198:      __a = _GLIBCXX_MOVE(__b);
call    0 returned 64
       64:  199:      __b = _GLIBCXX_MOVE(__tmp);
call    0 returned 64
       64:  200:    }
------------------
        -:  201:
        -:  202:  // _GLIBCXX_RESOLVE_LIB_DEFECTS
        -:  203:  // DR 809. std::swap should be overloaded for array types.
        -:  204:  /// Swap the contents of two arrays.
        -:  205:  template<typename _Tp, size_t _Nm>
        -:  206:    _GLIBCXX20_CONSTEXPR
        -:  207:    inline
        -:  208:#if __cplusplus >= 201103L
        -:  209:    typename enable_if<__is_swappable<_Tp>::value>::type
        -:  210:#else
        -:  211:    void
        -:  212:#endif
        -:  213:    swap(_Tp (&__a)[_Nm], _Tp (&__b)[_Nm])
        -:  214:    _GLIBCXX_NOEXCEPT_IF(__is_nothrow_swappable<_Tp>::value)
        -:  215:    {
        -:  216:      for (size_t __n = 0; __n < _Nm; ++__n)
        -:  217:	swap(__a[__n], __b[__n]);
        -:  218:    }
        -:  219:
        -:  220:  /// @} group utilities
        -:  221:_GLIBCXX_END_NAMESPACE_VERSION
        -:  222:} // namespace
        -:  223:
        -:  224:#endif /* _MOVE_H */
