        -:    0:Source:/usr/include/c++/10/ext/new_allocator.h
        -:    0:Graph:menus.gcno
        -:    0:Data:menus.gcda
        -:    0:Runs:1
        -:    1:// Allocator that wraps operator new -*- C++ -*-
        -:    2:
        -:    3:// Copyright (C) 2001-2020 Free Software Foundation, Inc.
        -:    4://
        -:    5:// This file is part of the GNU ISO C++ Library.  This library is free
        -:    6:// software; you can redistribute it and/or modify it under the
        -:    7:// terms of the GNU General Public License as published by the
        -:    8:// Free Software Foundation; either version 3, or (at your option)
        -:    9:// any later version.
        -:   10:
        -:   11:// This library is distributed in the hope that it will be useful,
        -:   12:// but WITHOUT ANY WARRANTY; without even the implied warranty of
        -:   13:// MERCHANTABILITY or FITNESS FOR A PARTICULAR PURPOSE.  See the
        -:   14:// GNU General Public License for more details.
        -:   15:
        -:   16:// Under Section 7 of GPL version 3, you are granted additional
        -:   17:// permissions described in the GCC Runtime Library Exception, version
        -:   18:// 3.1, as published by the Free Software Foundation.
        -:   19:
        -:   20:// You should have received a copy of the GNU General Public License and
        -:   21:// a copy of the GCC Runtime Library Exception along with this program;
        -:   22:// see the files COPYING3 and COPYING.RUNTIME respectively.  If not, see
        -:   23:// <http://www.gnu.org/licenses/>.
        -:   24:
        -:   25:/** @file ext/new_allocator.h
        -:   26: *  This file is a GNU extension to the Standard C++ Library.
        -:   27: */
        -:   28:
        -:   29:#ifndef _NEW_ALLOCATOR_H
        -:   30:#define _NEW_ALLOCATOR_H 1
        -:   31:
        -:   32:#include <bits/c++config.h>
        -:   33:#include <new>
        -:   34:#include <bits/functexcept.h>
        -:   35:#include <bits/move.h>
        -:   36:#if __cplusplus >= 201103L
        -:   37:#include <type_traits>
        -:   38:#endif
        -:   39:
        -:   40:namespace __gnu_cxx _GLIBCXX_VISIBILITY(default)
        -:   41:{
        -:   42:_GLIBCXX_BEGIN_NAMESPACE_VERSION
        -:   43:
        -:   44:  /**
        -:   45:   *  @brief  An allocator that uses global new, as per [20.4].
        -:   46:   *  @ingroup allocators
        -:   47:   *
        -:   48:   *  This is precisely the allocator defined in the C++ Standard.
        -:   49:   *    - all allocation calls operator new
        -:   50:   *    - all deallocation calls operator delete
        -:   51:   *
        -:   52:   *  @tparam  _Tp  Type of allocated object.
        -:   53:   */
        -:   54:  template<typename _Tp>
        -:   55:    class new_allocator
        -:   56:    {
        -:   57:    public:
        -:   58:      typedef _Tp        value_type;
        -:   59:      typedef std::size_t     size_type;
        -:   60:      typedef std::ptrdiff_t  difference_type;
        -:   61:#if __cplusplus <= 201703L
        -:   62:      typedef _Tp*       pointer;
        -:   63:      typedef const _Tp* const_pointer;
        -:   64:      typedef _Tp&       reference;
        -:   65:      typedef const _Tp& const_reference;
        -:   66:
        -:   67:      template<typename _Tp1>
        -:   68:	struct rebind
        -:   69:	{ typedef new_allocator<_Tp1> other; };
        -:   70:#endif
        -:   71:
        -:   72:#if __cplusplus >= 201103L
        -:   73:      // _GLIBCXX_RESOLVE_LIB_DEFECTS
        -:   74:      // 2103. propagate_on_container_move_assignment
        -:   75:      typedef std::true_type propagate_on_container_move_assignment;
        -:   76:#endif
        -:   77:
        -:   78:      _GLIBCXX20_CONSTEXPR
      52*:   79:      new_allocator() _GLIBCXX_USE_NOEXCEPT { }
------------------
_ZN9__gnu_cxx13new_allocatorINSt8__detail9_StateSeqINSt7__cxx1112regex_traitsIcEEEEEC2Ev:
function _ZN9__gnu_cxx13new_allocatorINSt8__detail9_StateSeqINSt7__cxx1112regex_traitsIcEEEEEC2Ev called 2 returned 100% blocks executed 100%
        2:   79:      new_allocator() _GLIBCXX_USE_NOEXCEPT { }
------------------
_ZN9__gnu_cxx13new_allocatorIcEC2Ev:
function _ZN9__gnu_cxx13new_allocatorIcEC2Ev called 0 returned 0% blocks executed 0%
    #####:   79:      new_allocator() _GLIBCXX_USE_NOEXCEPT { }
------------------
_ZN9__gnu_cxx13new_allocatorImEC2Ev:
function _ZN9__gnu_cxx13new_allocatorImEC2Ev called 2 returned 100% blocks executed 100%
        2:   79:      new_allocator() _GLIBCXX_USE_NOEXCEPT { }
------------------
_ZN9__gnu_cxx13new_allocatorISt10_List_nodeI6AlumniEEC2Ev:
function _ZN9__gnu_cxx13new_allocatorISt10_List_nodeI6AlumniEEC2Ev called 3 returned 100% blocks executed 100%
        3:   79:      new_allocator() _GLIBCXX_USE_NOEXCEPT { }
------------------
_ZN9__gnu_cxx13new_allocatorISt13_Rb_tree_nodeISt4pairIKNSt7__cxx1112basic_stringIcSt11char_traitsIcESaIcEEES8_EEEC2Ev:
function _ZN9__gnu_cxx13new_allocatorISt13_Rb_tree_nodeISt4pairIKNSt7__cxx1112basic_stringIcSt11char_traitsIcESaIcEEES8_EEEC2Ev called 1 returned 100% blocks executed 100%
        1:   79:      new_allocator() _GLIBCXX_USE_NOEXCEPT { }
------------------
_ZN9__gnu_cxx13new_allocatorISt10_List_nodeI7studentEEC2Ev:
function _ZN9__gnu_cxx13new_allocatorISt10_List_nodeI7studentEEC2Ev called 1 returned 100% blocks executed 100%
        1:   79:      new_allocator() _GLIBCXX_USE_NOEXCEPT { }
------------------
_ZN9__gnu_cxx13new_allocatorISt14_Fwd_list_nodeISt5tupleIJNSt7__cxx1112basic_stringIcSt11char_traitsIcESaIcEEES8_S8_EEEEC2Ev:
function _ZN9__gnu_cxx13new_allocatorISt14_Fwd_list_nodeISt5tupleIJNSt7__cxx1112basic_stringIcSt11char_traitsIcESaIcEEES8_S8_EEEEC2Ev called 1 returned 100% blocks executed 100%
        1:   79:      new_allocator() _GLIBCXX_USE_NOEXCEPT { }
------------------
_ZN9__gnu_cxx13new_allocatorINSt7__cxx119sub_matchINS_17__normal_iteratorIPKcNS1_12basic_stringIcSt11char_traitsIcESaIcEEEEEEEEC2Ev:
function _ZN9__gnu_cxx13new_allocatorINSt7__cxx119sub_matchINS_17__normal_iteratorIPKcNS1_12basic_stringIcSt11char_traitsIcESaIcEEEEEEEEC2Ev called 4 returned 100% blocks executed 100%
        4:   79:      new_allocator() _GLIBCXX_USE_NOEXCEPT { }
------------------
_ZN9__gnu_cxx13new_allocatorISt4pairINS_17__normal_iteratorIPKcNSt7__cxx1112basic_stringIcSt11char_traitsIcESaIcEEEEEiEEC2Ev:
function _ZN9__gnu_cxx13new_allocatorISt4pairINS_17__normal_iteratorIPKcNSt7__cxx1112basic_stringIcSt11char_traitsIcESaIcEEEEEiEEC2Ev called 2 returned 100% blocks executed 100%
        2:   79:      new_allocator() _GLIBCXX_USE_NOEXCEPT { }
------------------
_ZN9__gnu_cxx13new_allocatorINSt8__detail4_NFAINSt7__cxx1112regex_traitsIcEEEEEC2Ev:
function _ZN9__gnu_cxx13new_allocatorINSt8__detail4_NFAINSt7__cxx1112regex_traitsIcEEEEEC2Ev called 2 returned 100% blocks executed 100%
        2:   79:      new_allocator() _GLIBCXX_USE_NOEXCEPT { }
------------------
_ZN9__gnu_cxx13new_allocatorISt4pairIlSt6vectorINSt7__cxx119sub_matchINS_17__normal_iteratorIPKcNS3_12basic_stringIcSt11char_traitsIcESaIcEEEEEEESaISE_EEEEC2Ev:
function _ZN9__gnu_cxx13new_allocatorISt4pairIlSt6vectorINSt7__cxx119sub_matchINS_17__normal_iteratorIPKcNS3_12basic_stringIcSt11char_traitsIcESaIcEEEEEEESaISE_EEEEC2Ev called 0 returned 0% blocks executed 0%
    #####:   79:      new_allocator() _GLIBCXX_USE_NOEXCEPT { }
------------------
_ZN9__gnu_cxx13new_allocatorINSt8__detail6_StateIcEEEC2Ev:
function _ZN9__gnu_cxx13new_allocatorINSt8__detail6_StateIcEEEC2Ev called 2 returned 100% blocks executed 100%
        2:   79:      new_allocator() _GLIBCXX_USE_NOEXCEPT { }
------------------
_ZN9__gnu_cxx13new_allocatorIPNSt8__detail9_StateSeqINSt7__cxx1112regex_traitsIcEEEEEC2Ev:
function _ZN9__gnu_cxx13new_allocatorIPNSt8__detail9_StateSeqINSt7__cxx1112regex_traitsIcEEEEEC2Ev called 4 returned 100% blocks executed 100%
        4:   79:      new_allocator() _GLIBCXX_USE_NOEXCEPT { }
------------------
_ZN9__gnu_cxx13new_allocatorISt23_Sp_counted_ptr_inplaceINSt8__detail4_NFAINSt7__cxx1112regex_traitsIcEEEESaIS7_ELNS_12_Lock_policyE2EEEC2Ev:
function _ZN9__gnu_cxx13new_allocatorISt23_Sp_counted_ptr_inplaceINSt8__detail4_NFAINSt7__cxx1112regex_traitsIcEEEESaIS7_ELNS_12_Lock_policyE2EEEC2Ev called 4 returned 100% blocks executed 100%
        4:   79:      new_allocator() _GLIBCXX_USE_NOEXCEPT { }
------------------
_ZN9__gnu_cxx13new_allocatorISt13_Rb_tree_nodeISt4pairIKllEEEC2Ev:
function _ZN9__gnu_cxx13new_allocatorISt13_Rb_tree_nodeISt4pairIKllEEEC2Ev called 0 returned 0% blocks executed 0%
    #####:   79:      new_allocator() _GLIBCXX_USE_NOEXCEPT { }
------------------
_ZN9__gnu_cxx13new_allocatorINSt7__cxx1112basic_stringIcSt11char_traitsIcESaIcEEEEC2Ev:
function _ZN9__gnu_cxx13new_allocatorINSt7__cxx1112basic_stringIcSt11char_traitsIcESaIcEEEEC2Ev called 8 returned 100% blocks executed 100%
        8:   79:      new_allocator() _GLIBCXX_USE_NOEXCEPT { }
------------------
_ZN9__gnu_cxx13new_allocatorISt4pairIccEEC2Ev:
function _ZN9__gnu_cxx13new_allocatorISt4pairIccEEC2Ev called 8 returned 100% blocks executed 100%
        8:   79:      new_allocator() _GLIBCXX_USE_NOEXCEPT { }
------------------
_ZN9__gnu_cxx13new_allocatorINSt7__cxx1112regex_traitsIcE10_RegexMaskEEC2Ev:
function _ZN9__gnu_cxx13new_allocatorINSt7__cxx1112regex_traitsIcE10_RegexMaskEEC2Ev called 8 returned 100% blocks executed 100%
        8:   79:      new_allocator() _GLIBCXX_USE_NOEXCEPT { }
------------------
_ZN9__gnu_cxx13new_allocatorISt4pairINSt7__cxx1112basic_stringIcSt11char_traitsIcESaIcEEES7_EEC2Ev:
function _ZN9__gnu_cxx13new_allocatorISt4pairINSt7__cxx1112basic_stringIcSt11char_traitsIcESaIcEEES7_EEC2Ev called 0 returned 0% blocks executed 0%
    #####:   79:      new_allocator() _GLIBCXX_USE_NOEXCEPT { }
------------------
_ZN9__gnu_cxx13new_allocatorIlEC2Ev:
function _ZN9__gnu_cxx13new_allocatorIlEC2Ev called 0 returned 0% blocks executed 0%
    #####:   79:      new_allocator() _GLIBCXX_USE_NOEXCEPT { }
------------------
_ZN9__gnu_cxx13new_allocatorIPlEC2Ev:
function _ZN9__gnu_cxx13new_allocatorIPlEC2Ev called 0 returned 0% blocks executed 0%
    #####:   79:      new_allocator() _GLIBCXX_USE_NOEXCEPT { }
------------------
        -:   80:
        -:   81:      _GLIBCXX20_CONSTEXPR
     148*:   82:      new_allocator(const new_allocator&) _GLIBCXX_USE_NOEXCEPT { }
------------------
_ZN9__gnu_cxx13new_allocatorISt4pairINSt7__cxx1112basic_stringIcSt11char_traitsIcESaIcEEES7_EEC2ERKS9_:
function _ZN9__gnu_cxx13new_allocatorISt4pairINSt7__cxx1112basic_stringIcSt11char_traitsIcESaIcEEES7_EEC2ERKS9_ called 0 returned 0% blocks executed 0%
    #####:   82:      new_allocator(const new_allocator&) _GLIBCXX_USE_NOEXCEPT { }
------------------
_ZN9__gnu_cxx13new_allocatorINSt7__cxx1112regex_traitsIcE10_RegexMaskEEC2ERKS5_:
function _ZN9__gnu_cxx13new_allocatorINSt7__cxx1112regex_traitsIcE10_RegexMaskEEC2ERKS5_ called 44 returned 100% blocks executed 100%
       44:   82:      new_allocator(const new_allocator&) _GLIBCXX_USE_NOEXCEPT { }
------------------
_ZN9__gnu_cxx13new_allocatorISt4pairIccEEC2ERKS3_:
function _ZN9__gnu_cxx13new_allocatorISt4pairIccEEC2ERKS3_ called 44 returned 100% blocks executed 100%
       44:   82:      new_allocator(const new_allocator&) _GLIBCXX_USE_NOEXCEPT { }
------------------
_ZN9__gnu_cxx13new_allocatorINSt7__cxx1112basic_stringIcSt11char_traitsIcESaIcEEEEC2ERKS7_:
function _ZN9__gnu_cxx13new_allocatorINSt7__cxx1112basic_stringIcSt11char_traitsIcESaIcEEEEC2ERKS7_ called 44 returned 100% blocks executed 100%
       44:   82:      new_allocator(const new_allocator&) _GLIBCXX_USE_NOEXCEPT { }
------------------
_ZN9__gnu_cxx13new_allocatorINSt8__detail4_NFAINSt7__cxx1112regex_traitsIcEEEEEC2ERKS7_:
function _ZN9__gnu_cxx13new_allocatorINSt8__detail4_NFAINSt7__cxx1112regex_traitsIcEEEEEC2ERKS7_ called 6 returned 100% blocks executed 100%
        6:   82:      new_allocator(const new_allocator&) _GLIBCXX_USE_NOEXCEPT { }
------------------
_ZN9__gnu_cxx13new_allocatorISt4pairIlSt6vectorINSt7__cxx119sub_matchINS_17__normal_iteratorIPKcNS3_12basic_stringIcSt11char_traitsIcESaIcEEEEEEESaISE_EEEEC2ERKSI_:
function _ZN9__gnu_cxx13new_allocatorISt4pairIlSt6vectorINSt7__cxx119sub_matchINS_17__normal_iteratorIPKcNS3_12basic_stringIcSt11char_traitsIcESaIcEEEEEEESaISE_EEEEC2ERKSI_ called 0 returned 0% blocks executed 0%
    #####:   82:      new_allocator(const new_allocator&) _GLIBCXX_USE_NOEXCEPT { }
------------------
_ZN9__gnu_cxx13new_allocatorISt4pairINS_17__normal_iteratorIPKcNSt7__cxx1112basic_stringIcSt11char_traitsIcESaIcEEEEEiEEC2ERKSD_:
function _ZN9__gnu_cxx13new_allocatorISt4pairINS_17__normal_iteratorIPKcNSt7__cxx1112basic_stringIcSt11char_traitsIcESaIcEEEEEiEEC2ERKSD_ called 4 returned 100% blocks executed 100%
        4:   82:      new_allocator(const new_allocator&) _GLIBCXX_USE_NOEXCEPT { }
------------------
_ZN9__gnu_cxx13new_allocatorINSt7__cxx119sub_matchINS_17__normal_iteratorIPKcNS1_12basic_stringIcSt11char_traitsIcESaIcEEEEEEEEC2ERKSD_:
function _ZN9__gnu_cxx13new_allocatorINSt7__cxx119sub_matchINS_17__normal_iteratorIPKcNS1_12basic_stringIcSt11char_traitsIcESaIcEEEEEEEEC2ERKSD_ called 6 returned 100% blocks executed 100%
        6:   82:      new_allocator(const new_allocator&) _GLIBCXX_USE_NOEXCEPT { }
------------------
_ZN9__gnu_cxx13new_allocatorIcEC2ERKS1_:
function _ZN9__gnu_cxx13new_allocatorIcEC2ERKS1_ called 0 returned 0% blocks executed 0%
    #####:   82:      new_allocator(const new_allocator&) _GLIBCXX_USE_NOEXCEPT { }
------------------
        -:   83:
        -:   84:      template<typename _Tp1>
        -:   85:	_GLIBCXX20_CONSTEXPR
        -:   86:	new_allocator(const new_allocator<_Tp1>&) _GLIBCXX_USE_NOEXCEPT { }
        -:   87:
        -:   88:#if __cplusplus <= 201703L
     200*:   89:      ~new_allocator() _GLIBCXX_USE_NOEXCEPT { }
------------------
_ZN9__gnu_cxx13new_allocatorISt4pairIlSt6vectorINSt7__cxx119sub_matchINS_17__normal_iteratorIPKcNS3_12basic_stringIcSt11char_traitsIcESaIcEEEEEEESaISE_EEEED2Ev:
function _ZN9__gnu_cxx13new_allocatorISt4pairIlSt6vectorINSt7__cxx119sub_matchINS_17__normal_iteratorIPKcNS3_12basic_stringIcSt11char_traitsIcESaIcEEEEEEESaISE_EEEED2Ev called 0 returned 0% blocks executed 0%
    #####:   89:      ~new_allocator() _GLIBCXX_USE_NOEXCEPT { }
------------------
_ZN9__gnu_cxx13new_allocatorIcED2Ev:
function _ZN9__gnu_cxx13new_allocatorIcED2Ev called 0 returned 0% blocks executed 0%
    #####:   89:      ~new_allocator() _GLIBCXX_USE_NOEXCEPT { }
------------------
_ZN9__gnu_cxx13new_allocatorImED2Ev:
function _ZN9__gnu_cxx13new_allocatorImED2Ev called 2 returned 100% blocks executed 100%
        2:   89:      ~new_allocator() _GLIBCXX_USE_NOEXCEPT { }
------------------
_ZN9__gnu_cxx13new_allocatorISt10_List_nodeI6AlumniEED2Ev:
function _ZN9__gnu_cxx13new_allocatorISt10_List_nodeI6AlumniEED2Ev called 3 returned 100% blocks executed 100%
        3:   89:      ~new_allocator() _GLIBCXX_USE_NOEXCEPT { }
------------------
_ZN9__gnu_cxx13new_allocatorISt13_Rb_tree_nodeISt4pairIKNSt7__cxx1112basic_stringIcSt11char_traitsIcESaIcEEES8_EEED2Ev:
function _ZN9__gnu_cxx13new_allocatorISt13_Rb_tree_nodeISt4pairIKNSt7__cxx1112basic_stringIcSt11char_traitsIcESaIcEEES8_EEED2Ev called 1 returned 100% blocks executed 100%
        1:   89:      ~new_allocator() _GLIBCXX_USE_NOEXCEPT { }
------------------
_ZN9__gnu_cxx13new_allocatorISt10_List_nodeI7studentEED2Ev:
function _ZN9__gnu_cxx13new_allocatorISt10_List_nodeI7studentEED2Ev called 1 returned 100% blocks executed 100%
        1:   89:      ~new_allocator() _GLIBCXX_USE_NOEXCEPT { }
------------------
_ZN9__gnu_cxx13new_allocatorISt14_Fwd_list_nodeISt5tupleIJNSt7__cxx1112basic_stringIcSt11char_traitsIcESaIcEEES8_S8_EEEED2Ev:
function _ZN9__gnu_cxx13new_allocatorISt14_Fwd_list_nodeISt5tupleIJNSt7__cxx1112basic_stringIcSt11char_traitsIcESaIcEEES8_S8_EEEED2Ev called 1 returned 100% blocks executed 100%
        1:   89:      ~new_allocator() _GLIBCXX_USE_NOEXCEPT { }
------------------
_ZN9__gnu_cxx13new_allocatorINSt7__cxx119sub_matchINS_17__normal_iteratorIPKcNS1_12basic_stringIcSt11char_traitsIcESaIcEEEEEEEED2Ev:
function _ZN9__gnu_cxx13new_allocatorINSt7__cxx119sub_matchINS_17__normal_iteratorIPKcNS1_12basic_stringIcSt11char_traitsIcESaIcEEEEEEEED2Ev called 10 returned 100% blocks executed 100%
       10:   89:      ~new_allocator() _GLIBCXX_USE_NOEXCEPT { }
------------------
_ZN9__gnu_cxx13new_allocatorISt4pairINS_17__normal_iteratorIPKcNSt7__cxx1112basic_stringIcSt11char_traitsIcESaIcEEEEEiEED2Ev:
function _ZN9__gnu_cxx13new_allocatorISt4pairINS_17__normal_iteratorIPKcNSt7__cxx1112basic_stringIcSt11char_traitsIcESaIcEEEEEiEED2Ev called 6 returned 100% blocks executed 100%
        6:   89:      ~new_allocator() _GLIBCXX_USE_NOEXCEPT { }
------------------
_ZN9__gnu_cxx13new_allocatorINSt8__detail4_NFAINSt7__cxx1112regex_traitsIcEEEEED2Ev:
function _ZN9__gnu_cxx13new_allocatorINSt8__detail4_NFAINSt7__cxx1112regex_traitsIcEEEEED2Ev called 8 returned 100% blocks executed 100%
        8:   89:      ~new_allocator() _GLIBCXX_USE_NOEXCEPT { }
------------------
_ZN9__gnu_cxx13new_allocatorINSt8__detail9_StateSeqINSt7__cxx1112regex_traitsIcEEEEED2Ev:
function _ZN9__gnu_cxx13new_allocatorINSt8__detail9_StateSeqINSt7__cxx1112regex_traitsIcEEEEED2Ev called 2 returned 100% blocks executed 100%
        2:   89:      ~new_allocator() _GLIBCXX_USE_NOEXCEPT { }
------------------
_ZN9__gnu_cxx13new_allocatorINSt8__detail6_StateIcEEED2Ev:
function _ZN9__gnu_cxx13new_allocatorINSt8__detail6_StateIcEEED2Ev called 2 returned 100% blocks executed 100%
        2:   89:      ~new_allocator() _GLIBCXX_USE_NOEXCEPT { }
------------------
_ZN9__gnu_cxx13new_allocatorIPNSt8__detail9_StateSeqINSt7__cxx1112regex_traitsIcEEEEED2Ev:
function _ZN9__gnu_cxx13new_allocatorIPNSt8__detail9_StateSeqINSt7__cxx1112regex_traitsIcEEEEED2Ev called 4 returned 100% blocks executed 100%
        4:   89:      ~new_allocator() _GLIBCXX_USE_NOEXCEPT { }
------------------
_ZN9__gnu_cxx13new_allocatorISt23_Sp_counted_ptr_inplaceINSt8__detail4_NFAINSt7__cxx1112regex_traitsIcEEEESaIS7_ELNS_12_Lock_policyE2EEED2Ev:
function _ZN9__gnu_cxx13new_allocatorISt23_Sp_counted_ptr_inplaceINSt8__detail4_NFAINSt7__cxx1112regex_traitsIcEEEESaIS7_ELNS_12_Lock_policyE2EEED2Ev called 4 returned 100% blocks executed 100%
        4:   89:      ~new_allocator() _GLIBCXX_USE_NOEXCEPT { }
------------------
_ZN9__gnu_cxx13new_allocatorINSt7__cxx1112basic_stringIcSt11char_traitsIcESaIcEEEED2Ev:
function _ZN9__gnu_cxx13new_allocatorINSt7__cxx1112basic_stringIcSt11char_traitsIcESaIcEEEED2Ev called 52 returned 100% blocks executed 100%
       52:   89:      ~new_allocator() _GLIBCXX_USE_NOEXCEPT { }
------------------
_ZN9__gnu_cxx13new_allocatorISt4pairIccEED2Ev:
function _ZN9__gnu_cxx13new_allocatorISt4pairIccEED2Ev called 52 returned 100% blocks executed 100%
       52:   89:      ~new_allocator() _GLIBCXX_USE_NOEXCEPT { }
------------------
_ZN9__gnu_cxx13new_allocatorINSt7__cxx1112regex_traitsIcE10_RegexMaskEED2Ev:
function _ZN9__gnu_cxx13new_allocatorINSt7__cxx1112regex_traitsIcE10_RegexMaskEED2Ev called 52 returned 100% blocks executed 100%
       52:   89:      ~new_allocator() _GLIBCXX_USE_NOEXCEPT { }
------------------
_ZN9__gnu_cxx13new_allocatorISt4pairINSt7__cxx1112basic_stringIcSt11char_traitsIcESaIcEEES7_EED2Ev:
function _ZN9__gnu_cxx13new_allocatorISt4pairINSt7__cxx1112basic_stringIcSt11char_traitsIcESaIcEEES7_EED2Ev called 0 returned 0% blocks executed 0%
    #####:   89:      ~new_allocator() _GLIBCXX_USE_NOEXCEPT { }
------------------
_ZN9__gnu_cxx13new_allocatorISt13_Rb_tree_nodeISt4pairIKllEEED2Ev:
function _ZN9__gnu_cxx13new_allocatorISt13_Rb_tree_nodeISt4pairIKllEEED2Ev called 0 returned 0% blocks executed 0%
    #####:   89:      ~new_allocator() _GLIBCXX_USE_NOEXCEPT { }
------------------
_ZN9__gnu_cxx13new_allocatorIlED2Ev:
function _ZN9__gnu_cxx13new_allocatorIlED2Ev called 0 returned 0% blocks executed 0%
    #####:   89:      ~new_allocator() _GLIBCXX_USE_NOEXCEPT { }
------------------
_ZN9__gnu_cxx13new_allocatorIPlED2Ev:
function _ZN9__gnu_cxx13new_allocatorIPlED2Ev called 0 returned 0% blocks executed 0%
    #####:   89:      ~new_allocator() _GLIBCXX_USE_NOEXCEPT { }
------------------
        -:   90:
        -:   91:      pointer
        -:   92:      address(reference __x) const _GLIBCXX_NOEXCEPT
        -:   93:      { return std::__addressof(__x); }
        -:   94:
        -:   95:      const_pointer
        -:   96:      address(const_reference __x) const _GLIBCXX_NOEXCEPT
        -:   97:      { return std::__addressof(__x); }
        -:   98:#endif
        -:   99:
        -:  100:      // NB: __n is permitted to be 0.  The C++ standard says nothing
        -:  101:      // about what the return value is when __n == 0.
        -:  102:      _GLIBCXX_NODISCARD _Tp*
    1582*:  103:      allocate(size_type __n, const void* = static_cast<const void*>(0))
        -:  104:      {
    1582*:  105:	if (__n > this->_M_max_size())
    #####:  106:	  std::__throw_bad_alloc();
        -:  107:
        -:  108:#if __cpp_aligned_new
        -:  109:	if (alignof(_Tp) > __STDCPP_DEFAULT_NEW_ALIGNMENT__)
        -:  110:	  {
        -:  111:	    std::align_val_t __al = std::align_val_t(alignof(_Tp));
        -:  112:	    return static_cast<_Tp*>(::operator new(__n * sizeof(_Tp), __al));
        -:  113:	  }
        -:  114:#endif
    1582*:  115:	return static_cast<_Tp*>(::operator new(__n * sizeof(_Tp)));
        -:  116:      }
------------------
_ZN9__gnu_cxx13new_allocatorINSt7__cxx119sub_matchINS_17__normal_iteratorIPKcNS1_12basic_stringIcSt11char_traitsIcESaIcEEEEEEEE8allocateEmPKv:
function _ZN9__gnu_cxx13new_allocatorINSt7__cxx119sub_matchINS_17__normal_iteratorIPKcNS1_12basic_stringIcSt11char_traitsIcESaIcEEEEEEEE8allocateEmPKv called 4 returned 100% blocks executed 83%
        4:  103:      allocate(size_type __n, const void* = static_cast<const void*>(0))
        -:  104:      {
        4:  105:	if (__n > this->_M_max_size())
call    0 returned 4
branch  1 taken 0 (fallthrough)
branch  2 taken 4
    #####:  106:	  std::__throw_bad_alloc();
call    0 never executed
        -:  107:
        -:  108:#if __cpp_aligned_new
        -:  109:	if (alignof(_Tp) > __STDCPP_DEFAULT_NEW_ALIGNMENT__)
        -:  110:	  {
        -:  111:	    std::align_val_t __al = std::align_val_t(alignof(_Tp));
        -:  112:	    return static_cast<_Tp*>(::operator new(__n * sizeof(_Tp), __al));
        -:  113:	  }
        -:  114:#endif
        4:  115:	return static_cast<_Tp*>(::operator new(__n * sizeof(_Tp)));
call    0 returned 4
        -:  116:      }
------------------
_ZN9__gnu_cxx13new_allocatorIcE8allocateEmPKv:
function _ZN9__gnu_cxx13new_allocatorIcE8allocateEmPKv called 1544 returned 100% blocks executed 83%
     1544:  103:      allocate(size_type __n, const void* = static_cast<const void*>(0))
        -:  104:      {
     1544:  105:	if (__n > this->_M_max_size())
call    0 returned 1544
branch  1 taken 0 (fallthrough)
branch  2 taken 1544
    #####:  106:	  std::__throw_bad_alloc();
call    0 never executed
        -:  107:
        -:  108:#if __cpp_aligned_new
        -:  109:	if (alignof(_Tp) > __STDCPP_DEFAULT_NEW_ALIGNMENT__)
        -:  110:	  {
        -:  111:	    std::align_val_t __al = std::align_val_t(alignof(_Tp));
        -:  112:	    return static_cast<_Tp*>(::operator new(__n * sizeof(_Tp), __al));
        -:  113:	  }
        -:  114:#endif
     1544:  115:	return static_cast<_Tp*>(::operator new(__n * sizeof(_Tp)));
call    0 returned 1544
        -:  116:      }
------------------
_ZN9__gnu_cxx13new_allocatorISt10_List_nodeI6AlumniEE8allocateEmPKv:
function _ZN9__gnu_cxx13new_allocatorISt10_List_nodeI6AlumniEE8allocateEmPKv called 3 returned 100% blocks executed 83%
        3:  103:      allocate(size_type __n, const void* = static_cast<const void*>(0))
        -:  104:      {
        3:  105:	if (__n > this->_M_max_size())
call    0 returned 3
branch  1 taken 0 (fallthrough)
branch  2 taken 3
    #####:  106:	  std::__throw_bad_alloc();
call    0 never executed
        -:  107:
        -:  108:#if __cpp_aligned_new
        -:  109:	if (alignof(_Tp) > __STDCPP_DEFAULT_NEW_ALIGNMENT__)
        -:  110:	  {
        -:  111:	    std::align_val_t __al = std::align_val_t(alignof(_Tp));
        -:  112:	    return static_cast<_Tp*>(::operator new(__n * sizeof(_Tp), __al));
        -:  113:	  }
        -:  114:#endif
        3:  115:	return static_cast<_Tp*>(::operator new(__n * sizeof(_Tp)));
call    0 returned 3
        -:  116:      }
------------------
_ZN9__gnu_cxx13new_allocatorISt13_Rb_tree_nodeISt4pairIKNSt7__cxx1112basic_stringIcSt11char_traitsIcESaIcEEES8_EEE8allocateEmPKv:
function _ZN9__gnu_cxx13new_allocatorISt13_Rb_tree_nodeISt4pairIKNSt7__cxx1112basic_stringIcSt11char_traitsIcESaIcEEES8_EEE8allocateEmPKv called 1 returned 100% blocks executed 83%
        1:  103:      allocate(size_type __n, const void* = static_cast<const void*>(0))
        -:  104:      {
        1:  105:	if (__n > this->_M_max_size())
call    0 returned 1
branch  1 taken 0 (fallthrough)
branch  2 taken 1
    #####:  106:	  std::__throw_bad_alloc();
call    0 never executed
        -:  107:
        -:  108:#if __cpp_aligned_new
        -:  109:	if (alignof(_Tp) > __STDCPP_DEFAULT_NEW_ALIGNMENT__)
        -:  110:	  {
        -:  111:	    std::align_val_t __al = std::align_val_t(alignof(_Tp));
        -:  112:	    return static_cast<_Tp*>(::operator new(__n * sizeof(_Tp), __al));
        -:  113:	  }
        -:  114:#endif
        1:  115:	return static_cast<_Tp*>(::operator new(__n * sizeof(_Tp)));
call    0 returned 1
        -:  116:      }
------------------
_ZN9__gnu_cxx13new_allocatorISt10_List_nodeI7studentEE8allocateEmPKv:
function _ZN9__gnu_cxx13new_allocatorISt10_List_nodeI7studentEE8allocateEmPKv called 1 returned 100% blocks executed 83%
        1:  103:      allocate(size_type __n, const void* = static_cast<const void*>(0))
        -:  104:      {
        1:  105:	if (__n > this->_M_max_size())
call    0 returned 1
branch  1 taken 0 (fallthrough)
branch  2 taken 1
    #####:  106:	  std::__throw_bad_alloc();
call    0 never executed
        -:  107:
        -:  108:#if __cpp_aligned_new
        -:  109:	if (alignof(_Tp) > __STDCPP_DEFAULT_NEW_ALIGNMENT__)
        -:  110:	  {
        -:  111:	    std::align_val_t __al = std::align_val_t(alignof(_Tp));
        -:  112:	    return static_cast<_Tp*>(::operator new(__n * sizeof(_Tp), __al));
        -:  113:	  }
        -:  114:#endif
        1:  115:	return static_cast<_Tp*>(::operator new(__n * sizeof(_Tp)));
call    0 returned 1
        -:  116:      }
------------------
_ZN9__gnu_cxx13new_allocatorISt14_Fwd_list_nodeISt5tupleIJNSt7__cxx1112basic_stringIcSt11char_traitsIcESaIcEEES8_S8_EEEE8allocateEmPKv:
function _ZN9__gnu_cxx13new_allocatorISt14_Fwd_list_nodeISt5tupleIJNSt7__cxx1112basic_stringIcSt11char_traitsIcESaIcEEES8_S8_EEEE8allocateEmPKv called 1 returned 100% blocks executed 83%
        1:  103:      allocate(size_type __n, const void* = static_cast<const void*>(0))
        -:  104:      {
        1:  105:	if (__n > this->_M_max_size())
call    0 returned 1
branch  1 taken 0 (fallthrough)
branch  2 taken 1
    #####:  106:	  std::__throw_bad_alloc();
call    0 never executed
        -:  107:
        -:  108:#if __cpp_aligned_new
        -:  109:	if (alignof(_Tp) > __STDCPP_DEFAULT_NEW_ALIGNMENT__)
        -:  110:	  {
        -:  111:	    std::align_val_t __al = std::align_val_t(alignof(_Tp));
        -:  112:	    return static_cast<_Tp*>(::operator new(__n * sizeof(_Tp), __al));
        -:  113:	  }
        -:  114:#endif
        1:  115:	return static_cast<_Tp*>(::operator new(__n * sizeof(_Tp)));
call    0 returned 1
        -:  116:      }
------------------
_ZN9__gnu_cxx13new_allocatorIPNSt8__detail9_StateSeqINSt7__cxx1112regex_traitsIcEEEEE8allocateEmPKv:
function _ZN9__gnu_cxx13new_allocatorIPNSt8__detail9_StateSeqINSt7__cxx1112regex_traitsIcEEEEE8allocateEmPKv called 2 returned 100% blocks executed 83%
        2:  103:      allocate(size_type __n, const void* = static_cast<const void*>(0))
        -:  104:      {
        2:  105:	if (__n > this->_M_max_size())
call    0 returned 2
branch  1 taken 0 (fallthrough)
branch  2 taken 2
    #####:  106:	  std::__throw_bad_alloc();
call    0 never executed
        -:  107:
        -:  108:#if __cpp_aligned_new
        -:  109:	if (alignof(_Tp) > __STDCPP_DEFAULT_NEW_ALIGNMENT__)
        -:  110:	  {
        -:  111:	    std::align_val_t __al = std::align_val_t(alignof(_Tp));
        -:  112:	    return static_cast<_Tp*>(::operator new(__n * sizeof(_Tp), __al));
        -:  113:	  }
        -:  114:#endif
        2:  115:	return static_cast<_Tp*>(::operator new(__n * sizeof(_Tp)));
call    0 returned 2
        -:  116:      }
------------------
_ZN9__gnu_cxx13new_allocatorImE8allocateEmPKv:
function _ZN9__gnu_cxx13new_allocatorImE8allocateEmPKv called 6 returned 100% blocks executed 83%
        6:  103:      allocate(size_type __n, const void* = static_cast<const void*>(0))
        -:  104:      {
        6:  105:	if (__n > this->_M_max_size())
call    0 returned 6
branch  1 taken 0 (fallthrough)
branch  2 taken 6
    #####:  106:	  std::__throw_bad_alloc();
call    0 never executed
        -:  107:
        -:  108:#if __cpp_aligned_new
        -:  109:	if (alignof(_Tp) > __STDCPP_DEFAULT_NEW_ALIGNMENT__)
        -:  110:	  {
        -:  111:	    std::align_val_t __al = std::align_val_t(alignof(_Tp));
        -:  112:	    return static_cast<_Tp*>(::operator new(__n * sizeof(_Tp), __al));
        -:  113:	  }
        -:  114:#endif
        6:  115:	return static_cast<_Tp*>(::operator new(__n * sizeof(_Tp)));
call    0 returned 6
        -:  116:      }
------------------
_ZN9__gnu_cxx13new_allocatorISt4pairINS_17__normal_iteratorIPKcNSt7__cxx1112basic_stringIcSt11char_traitsIcESaIcEEEEEiEE8allocateEmPKv:
function _ZN9__gnu_cxx13new_allocatorISt4pairINS_17__normal_iteratorIPKcNSt7__cxx1112basic_stringIcSt11char_traitsIcESaIcEEEEEiEE8allocateEmPKv called 2 returned 100% blocks executed 83%
        2:  103:      allocate(size_type __n, const void* = static_cast<const void*>(0))
        -:  104:      {
        2:  105:	if (__n > this->_M_max_size())
call    0 returned 2
branch  1 taken 0 (fallthrough)
branch  2 taken 2
    #####:  106:	  std::__throw_bad_alloc();
call    0 never executed
        -:  107:
        -:  108:#if __cpp_aligned_new
        -:  109:	if (alignof(_Tp) > __STDCPP_DEFAULT_NEW_ALIGNMENT__)
        -:  110:	  {
        -:  111:	    std::align_val_t __al = std::align_val_t(alignof(_Tp));
        -:  112:	    return static_cast<_Tp*>(::operator new(__n * sizeof(_Tp), __al));
        -:  113:	  }
        -:  114:#endif
        2:  115:	return static_cast<_Tp*>(::operator new(__n * sizeof(_Tp)));
call    0 returned 2
        -:  116:      }
------------------
_ZN9__gnu_cxx13new_allocatorINSt8__detail9_StateSeqINSt7__cxx1112regex_traitsIcEEEEE8allocateEmPKv:
function _ZN9__gnu_cxx13new_allocatorINSt8__detail9_StateSeqINSt7__cxx1112regex_traitsIcEEEEE8allocateEmPKv called 2 returned 100% blocks executed 83%
        2:  103:      allocate(size_type __n, const void* = static_cast<const void*>(0))
        -:  104:      {
        2:  105:	if (__n > this->_M_max_size())
call    0 returned 2
branch  1 taken 0 (fallthrough)
branch  2 taken 2
    #####:  106:	  std::__throw_bad_alloc();
call    0 never executed
        -:  107:
        -:  108:#if __cpp_aligned_new
        -:  109:	if (alignof(_Tp) > __STDCPP_DEFAULT_NEW_ALIGNMENT__)
        -:  110:	  {
        -:  111:	    std::align_val_t __al = std::align_val_t(alignof(_Tp));
        -:  112:	    return static_cast<_Tp*>(::operator new(__n * sizeof(_Tp), __al));
        -:  113:	  }
        -:  114:#endif
        2:  115:	return static_cast<_Tp*>(::operator new(__n * sizeof(_Tp)));
call    0 returned 2
        -:  116:      }
------------------
_ZN9__gnu_cxx13new_allocatorISt4pairINSt7__cxx1112basic_stringIcSt11char_traitsIcESaIcEEES7_EE8allocateEmPKv:
function _ZN9__gnu_cxx13new_allocatorISt4pairINSt7__cxx1112basic_stringIcSt11char_traitsIcESaIcEEES7_EE8allocateEmPKv called 0 returned 0% blocks executed 0%
    #####:  103:      allocate(size_type __n, const void* = static_cast<const void*>(0))
        -:  104:      {
    #####:  105:	if (__n > this->_M_max_size())
call    0 never executed
branch  1 never executed
branch  2 never executed
    #####:  106:	  std::__throw_bad_alloc();
call    0 never executed
        -:  107:
        -:  108:#if __cpp_aligned_new
        -:  109:	if (alignof(_Tp) > __STDCPP_DEFAULT_NEW_ALIGNMENT__)
        -:  110:	  {
        -:  111:	    std::align_val_t __al = std::align_val_t(alignof(_Tp));
        -:  112:	    return static_cast<_Tp*>(::operator new(__n * sizeof(_Tp), __al));
        -:  113:	  }
        -:  114:#endif
    #####:  115:	return static_cast<_Tp*>(::operator new(__n * sizeof(_Tp)));
call    0 never executed
        -:  116:      }
------------------
_ZN9__gnu_cxx13new_allocatorISt23_Sp_counted_ptr_inplaceINSt8__detail4_NFAINSt7__cxx1112regex_traitsIcEEEESaIS7_ELNS_12_Lock_policyE2EEE8allocateEmPKv:
function _ZN9__gnu_cxx13new_allocatorISt23_Sp_counted_ptr_inplaceINSt8__detail4_NFAINSt7__cxx1112regex_traitsIcEEEESaIS7_ELNS_12_Lock_policyE2EEE8allocateEmPKv called 2 returned 100% blocks executed 83%
        2:  103:      allocate(size_type __n, const void* = static_cast<const void*>(0))
        -:  104:      {
        2:  105:	if (__n > this->_M_max_size())
call    0 returned 2
branch  1 taken 0 (fallthrough)
branch  2 taken 2
    #####:  106:	  std::__throw_bad_alloc();
call    0 never executed
        -:  107:
        -:  108:#if __cpp_aligned_new
        -:  109:	if (alignof(_Tp) > __STDCPP_DEFAULT_NEW_ALIGNMENT__)
        -:  110:	  {
        -:  111:	    std::align_val_t __al = std::align_val_t(alignof(_Tp));
        -:  112:	    return static_cast<_Tp*>(::operator new(__n * sizeof(_Tp), __al));
        -:  113:	  }
        -:  114:#endif
        2:  115:	return static_cast<_Tp*>(::operator new(__n * sizeof(_Tp)));
call    0 returned 2
        -:  116:      }
------------------
_ZN9__gnu_cxx13new_allocatorINSt8__detail6_StateIcEEE8allocateEmPKv:
function _ZN9__gnu_cxx13new_allocatorINSt8__detail6_StateIcEEE8allocateEmPKv called 14 returned 100% blocks executed 83%
       14:  103:      allocate(size_type __n, const void* = static_cast<const void*>(0))
        -:  104:      {
       14:  105:	if (__n > this->_M_max_size())
call    0 returned 14
branch  1 taken 0 (fallthrough)
branch  2 taken 14
    #####:  106:	  std::__throw_bad_alloc();
call    0 never executed
        -:  107:
        -:  108:#if __cpp_aligned_new
        -:  109:	if (alignof(_Tp) > __STDCPP_DEFAULT_NEW_ALIGNMENT__)
        -:  110:	  {
        -:  111:	    std::align_val_t __al = std::align_val_t(alignof(_Tp));
        -:  112:	    return static_cast<_Tp*>(::operator new(__n * sizeof(_Tp), __al));
        -:  113:	  }
        -:  114:#endif
       14:  115:	return static_cast<_Tp*>(::operator new(__n * sizeof(_Tp)));
call    0 returned 14
        -:  116:      }
------------------
_ZN9__gnu_cxx13new_allocatorISt4pairIlSt6vectorINSt7__cxx119sub_matchINS_17__normal_iteratorIPKcNS3_12basic_stringIcSt11char_traitsIcESaIcEEEEEEESaISE_EEEE8allocateEmPKv:
function _ZN9__gnu_cxx13new_allocatorISt4pairIlSt6vectorINSt7__cxx119sub_matchINS_17__normal_iteratorIPKcNS3_12basic_stringIcSt11char_traitsIcESaIcEEEEEEESaISE_EEEE8allocateEmPKv called 0 returned 0% blocks executed 0%
    #####:  103:      allocate(size_type __n, const void* = static_cast<const void*>(0))
        -:  104:      {
    #####:  105:	if (__n > this->_M_max_size())
call    0 never executed
branch  1 never executed
branch  2 never executed
    #####:  106:	  std::__throw_bad_alloc();
call    0 never executed
        -:  107:
        -:  108:#if __cpp_aligned_new
        -:  109:	if (alignof(_Tp) > __STDCPP_DEFAULT_NEW_ALIGNMENT__)
        -:  110:	  {
        -:  111:	    std::align_val_t __al = std::align_val_t(alignof(_Tp));
        -:  112:	    return static_cast<_Tp*>(::operator new(__n * sizeof(_Tp), __al));
        -:  113:	  }
        -:  114:#endif
    #####:  115:	return static_cast<_Tp*>(::operator new(__n * sizeof(_Tp)));
call    0 never executed
        -:  116:      }
------------------
_ZN9__gnu_cxx13new_allocatorIPlE8allocateEmPKv:
function _ZN9__gnu_cxx13new_allocatorIPlE8allocateEmPKv called 0 returned 0% blocks executed 0%
    #####:  103:      allocate(size_type __n, const void* = static_cast<const void*>(0))
        -:  104:      {
    #####:  105:	if (__n > this->_M_max_size())
call    0 never executed
branch  1 never executed
branch  2 never executed
    #####:  106:	  std::__throw_bad_alloc();
call    0 never executed
        -:  107:
        -:  108:#if __cpp_aligned_new
        -:  109:	if (alignof(_Tp) > __STDCPP_DEFAULT_NEW_ALIGNMENT__)
        -:  110:	  {
        -:  111:	    std::align_val_t __al = std::align_val_t(alignof(_Tp));
        -:  112:	    return static_cast<_Tp*>(::operator new(__n * sizeof(_Tp), __al));
        -:  113:	  }
        -:  114:#endif
    #####:  115:	return static_cast<_Tp*>(::operator new(__n * sizeof(_Tp)));
call    0 never executed
        -:  116:      }
------------------
_ZN9__gnu_cxx13new_allocatorIlE8allocateEmPKv:
function _ZN9__gnu_cxx13new_allocatorIlE8allocateEmPKv called 0 returned 0% blocks executed 0%
    #####:  103:      allocate(size_type __n, const void* = static_cast<const void*>(0))
        -:  104:      {
    #####:  105:	if (__n > this->_M_max_size())
call    0 never executed
branch  1 never executed
branch  2 never executed
    #####:  106:	  std::__throw_bad_alloc();
call    0 never executed
        -:  107:
        -:  108:#if __cpp_aligned_new
        -:  109:	if (alignof(_Tp) > __STDCPP_DEFAULT_NEW_ALIGNMENT__)
        -:  110:	  {
        -:  111:	    std::align_val_t __al = std::align_val_t(alignof(_Tp));
        -:  112:	    return static_cast<_Tp*>(::operator new(__n * sizeof(_Tp), __al));
        -:  113:	  }
        -:  114:#endif
    #####:  115:	return static_cast<_Tp*>(::operator new(__n * sizeof(_Tp)));
call    0 never executed
        -:  116:      }
------------------
_ZN9__gnu_cxx13new_allocatorINSt7__cxx1112regex_traitsIcE10_RegexMaskEE8allocateEmPKv:
function _ZN9__gnu_cxx13new_allocatorINSt7__cxx1112regex_traitsIcE10_RegexMaskEE8allocateEmPKv called 0 returned 0% blocks executed 0%
    #####:  103:      allocate(size_type __n, const void* = static_cast<const void*>(0))
        -:  104:      {
    #####:  105:	if (__n > this->_M_max_size())
call    0 never executed
branch  1 never executed
branch  2 never executed
    #####:  106:	  std::__throw_bad_alloc();
call    0 never executed
        -:  107:
        -:  108:#if __cpp_aligned_new
        -:  109:	if (alignof(_Tp) > __STDCPP_DEFAULT_NEW_ALIGNMENT__)
        -:  110:	  {
        -:  111:	    std::align_val_t __al = std::align_val_t(alignof(_Tp));
        -:  112:	    return static_cast<_Tp*>(::operator new(__n * sizeof(_Tp), __al));
        -:  113:	  }
        -:  114:#endif
    #####:  115:	return static_cast<_Tp*>(::operator new(__n * sizeof(_Tp)));
call    0 never executed
        -:  116:      }
------------------
_ZN9__gnu_cxx13new_allocatorISt13_Rb_tree_nodeISt4pairIKllEEE8allocateEmPKv:
function _ZN9__gnu_cxx13new_allocatorISt13_Rb_tree_nodeISt4pairIKllEEE8allocateEmPKv called 0 returned 0% blocks executed 0%
    #####:  103:      allocate(size_type __n, const void* = static_cast<const void*>(0))
        -:  104:      {
    #####:  105:	if (__n > this->_M_max_size())
call    0 never executed
branch  1 never executed
branch  2 never executed
    #####:  106:	  std::__throw_bad_alloc();
call    0 never executed
        -:  107:
        -:  108:#if __cpp_aligned_new
        -:  109:	if (alignof(_Tp) > __STDCPP_DEFAULT_NEW_ALIGNMENT__)
        -:  110:	  {
        -:  111:	    std::align_val_t __al = std::align_val_t(alignof(_Tp));
        -:  112:	    return static_cast<_Tp*>(::operator new(__n * sizeof(_Tp), __al));
        -:  113:	  }
        -:  114:#endif
    #####:  115:	return static_cast<_Tp*>(::operator new(__n * sizeof(_Tp)));
call    0 never executed
        -:  116:      }
------------------
_ZN9__gnu_cxx13new_allocatorINSt7__cxx1112basic_stringIcSt11char_traitsIcESaIcEEEE8allocateEmPKv:
function _ZN9__gnu_cxx13new_allocatorINSt7__cxx1112basic_stringIcSt11char_traitsIcESaIcEEEE8allocateEmPKv called 0 returned 0% blocks executed 0%
    #####:  103:      allocate(size_type __n, const void* = static_cast<const void*>(0))
        -:  104:      {
    #####:  105:	if (__n > this->_M_max_size())
call    0 never executed
branch  1 never executed
branch  2 never executed
    #####:  106:	  std::__throw_bad_alloc();
call    0 never executed
        -:  107:
        -:  108:#if __cpp_aligned_new
        -:  109:	if (alignof(_Tp) > __STDCPP_DEFAULT_NEW_ALIGNMENT__)
        -:  110:	  {
        -:  111:	    std::align_val_t __al = std::align_val_t(alignof(_Tp));
        -:  112:	    return static_cast<_Tp*>(::operator new(__n * sizeof(_Tp), __al));
        -:  113:	  }
        -:  114:#endif
    #####:  115:	return static_cast<_Tp*>(::operator new(__n * sizeof(_Tp)));
call    0 never executed
        -:  116:      }
------------------
_ZN9__gnu_cxx13new_allocatorISt4pairIccEE8allocateEmPKv:
function _ZN9__gnu_cxx13new_allocatorISt4pairIccEE8allocateEmPKv called 0 returned 0% blocks executed 0%
    #####:  103:      allocate(size_type __n, const void* = static_cast<const void*>(0))
        -:  104:      {
    #####:  105:	if (__n > this->_M_max_size())
call    0 never executed
branch  1 never executed
branch  2 never executed
    #####:  106:	  std::__throw_bad_alloc();
call    0 never executed
        -:  107:
        -:  108:#if __cpp_aligned_new
        -:  109:	if (alignof(_Tp) > __STDCPP_DEFAULT_NEW_ALIGNMENT__)
        -:  110:	  {
        -:  111:	    std::align_val_t __al = std::align_val_t(alignof(_Tp));
        -:  112:	    return static_cast<_Tp*>(::operator new(__n * sizeof(_Tp), __al));
        -:  113:	  }
        -:  114:#endif
    #####:  115:	return static_cast<_Tp*>(::operator new(__n * sizeof(_Tp)));
call    0 never executed
        -:  116:      }
------------------
        -:  117:
        -:  118:      // __p is not permitted to be a null pointer.
        -:  119:      void
    1582*:  120:      deallocate(_Tp* __p, size_type __t)
        -:  121:      {
        -:  122:#if __cpp_aligned_new
        -:  123:	if (alignof(_Tp) > __STDCPP_DEFAULT_NEW_ALIGNMENT__)
        -:  124:	  {
        -:  125:	    ::operator delete(__p,
        -:  126:# if __cpp_sized_deallocation
        -:  127:			      __t * sizeof(_Tp),
        -:  128:# endif
        -:  129:			      std::align_val_t(alignof(_Tp)));
        -:  130:	    return;
        -:  131:	  }
        -:  132:#endif
    1582*:  133:	::operator delete(__p
        -:  134:#if __cpp_sized_deallocation
        -:  135:			  , __t * sizeof(_Tp)
        -:  136:#endif
        -:  137:			 );
    1582*:  138:      }
------------------
_ZN9__gnu_cxx13new_allocatorISt4pairIlSt6vectorINSt7__cxx119sub_matchINS_17__normal_iteratorIPKcNS3_12basic_stringIcSt11char_traitsIcESaIcEEEEEEESaISE_EEEE10deallocateEPSH_m:
function _ZN9__gnu_cxx13new_allocatorISt4pairIlSt6vectorINSt7__cxx119sub_matchINS_17__normal_iteratorIPKcNS3_12basic_stringIcSt11char_traitsIcESaIcEEEEEEESaISE_EEEE10deallocateEPSH_m called 0 returned 0% blocks executed 0%
    #####:  120:      deallocate(_Tp* __p, size_type __t)
        -:  121:      {
        -:  122:#if __cpp_aligned_new
        -:  123:	if (alignof(_Tp) > __STDCPP_DEFAULT_NEW_ALIGNMENT__)
        -:  124:	  {
        -:  125:	    ::operator delete(__p,
        -:  126:# if __cpp_sized_deallocation
        -:  127:			      __t * sizeof(_Tp),
        -:  128:# endif
        -:  129:			      std::align_val_t(alignof(_Tp)));
        -:  130:	    return;
        -:  131:	  }
        -:  132:#endif
    #####:  133:	::operator delete(__p
call    0 never executed
        -:  134:#if __cpp_sized_deallocation
        -:  135:			  , __t * sizeof(_Tp)
        -:  136:#endif
        -:  137:			 );
    #####:  138:      }
------------------
_ZN9__gnu_cxx13new_allocatorImE10deallocateEPmm:
function _ZN9__gnu_cxx13new_allocatorImE10deallocateEPmm called 6 returned 100% blocks executed 100%
        6:  120:      deallocate(_Tp* __p, size_type __t)
        -:  121:      {
        -:  122:#if __cpp_aligned_new
        -:  123:	if (alignof(_Tp) > __STDCPP_DEFAULT_NEW_ALIGNMENT__)
        -:  124:	  {
        -:  125:	    ::operator delete(__p,
        -:  126:# if __cpp_sized_deallocation
        -:  127:			      __t * sizeof(_Tp),
        -:  128:# endif
        -:  129:			      std::align_val_t(alignof(_Tp)));
        -:  130:	    return;
        -:  131:	  }
        -:  132:#endif
        6:  133:	::operator delete(__p
call    0 returned 6
        -:  134:#if __cpp_sized_deallocation
        -:  135:			  , __t * sizeof(_Tp)
        -:  136:#endif
        -:  137:			 );
        6:  138:      }
------------------
_ZN9__gnu_cxx13new_allocatorIcE10deallocateEPcm:
function _ZN9__gnu_cxx13new_allocatorIcE10deallocateEPcm called 1544 returned 100% blocks executed 100%
     1544:  120:      deallocate(_Tp* __p, size_type __t)
        -:  121:      {
        -:  122:#if __cpp_aligned_new
        -:  123:	if (alignof(_Tp) > __STDCPP_DEFAULT_NEW_ALIGNMENT__)
        -:  124:	  {
        -:  125:	    ::operator delete(__p,
        -:  126:# if __cpp_sized_deallocation
        -:  127:			      __t * sizeof(_Tp),
        -:  128:# endif
        -:  129:			      std::align_val_t(alignof(_Tp)));
        -:  130:	    return;
        -:  131:	  }
        -:  132:#endif
     1544:  133:	::operator delete(__p
call    0 returned 1544
        -:  134:#if __cpp_sized_deallocation
        -:  135:			  , __t * sizeof(_Tp)
        -:  136:#endif
        -:  137:			 );
     1544:  138:      }
------------------
_ZN9__gnu_cxx13new_allocatorISt10_List_nodeI6AlumniEE10deallocateEPS3_m:
function _ZN9__gnu_cxx13new_allocatorISt10_List_nodeI6AlumniEE10deallocateEPS3_m called 3 returned 100% blocks executed 100%
        3:  120:      deallocate(_Tp* __p, size_type __t)
        -:  121:      {
        -:  122:#if __cpp_aligned_new
        -:  123:	if (alignof(_Tp) > __STDCPP_DEFAULT_NEW_ALIGNMENT__)
        -:  124:	  {
        -:  125:	    ::operator delete(__p,
        -:  126:# if __cpp_sized_deallocation
        -:  127:			      __t * sizeof(_Tp),
        -:  128:# endif
        -:  129:			      std::align_val_t(alignof(_Tp)));
        -:  130:	    return;
        -:  131:	  }
        -:  132:#endif
        3:  133:	::operator delete(__p
call    0 returned 3
        -:  134:#if __cpp_sized_deallocation
        -:  135:			  , __t * sizeof(_Tp)
        -:  136:#endif
        -:  137:			 );
        3:  138:      }
------------------
_ZN9__gnu_cxx13new_allocatorISt10_List_nodeI7studentEE10deallocateEPS3_m:
function _ZN9__gnu_cxx13new_allocatorISt10_List_nodeI7studentEE10deallocateEPS3_m called 1 returned 100% blocks executed 100%
        1:  120:      deallocate(_Tp* __p, size_type __t)
        -:  121:      {
        -:  122:#if __cpp_aligned_new
        -:  123:	if (alignof(_Tp) > __STDCPP_DEFAULT_NEW_ALIGNMENT__)
        -:  124:	  {
        -:  125:	    ::operator delete(__p,
        -:  126:# if __cpp_sized_deallocation
        -:  127:			      __t * sizeof(_Tp),
        -:  128:# endif
        -:  129:			      std::align_val_t(alignof(_Tp)));
        -:  130:	    return;
        -:  131:	  }
        -:  132:#endif
        1:  133:	::operator delete(__p
call    0 returned 1
        -:  134:#if __cpp_sized_deallocation
        -:  135:			  , __t * sizeof(_Tp)
        -:  136:#endif
        -:  137:			 );
        1:  138:      }
------------------
_ZN9__gnu_cxx13new_allocatorISt14_Fwd_list_nodeISt5tupleIJNSt7__cxx1112basic_stringIcSt11char_traitsIcESaIcEEES8_S8_EEEE10deallocateEPSA_m:
function _ZN9__gnu_cxx13new_allocatorISt14_Fwd_list_nodeISt5tupleIJNSt7__cxx1112basic_stringIcSt11char_traitsIcESaIcEEES8_S8_EEEE10deallocateEPSA_m called 1 returned 100% blocks executed 100%
        1:  120:      deallocate(_Tp* __p, size_type __t)
        -:  121:      {
        -:  122:#if __cpp_aligned_new
        -:  123:	if (alignof(_Tp) > __STDCPP_DEFAULT_NEW_ALIGNMENT__)
        -:  124:	  {
        -:  125:	    ::operator delete(__p,
        -:  126:# if __cpp_sized_deallocation
        -:  127:			      __t * sizeof(_Tp),
        -:  128:# endif
        -:  129:			      std::align_val_t(alignof(_Tp)));
        -:  130:	    return;
        -:  131:	  }
        -:  132:#endif
        1:  133:	::operator delete(__p
call    0 returned 1
        -:  134:#if __cpp_sized_deallocation
        -:  135:			  , __t * sizeof(_Tp)
        -:  136:#endif
        -:  137:			 );
        1:  138:      }
------------------
_ZN9__gnu_cxx13new_allocatorISt13_Rb_tree_nodeISt4pairIKNSt7__cxx1112basic_stringIcSt11char_traitsIcESaIcEEES8_EEE10deallocateEPSB_m:
function _ZN9__gnu_cxx13new_allocatorISt13_Rb_tree_nodeISt4pairIKNSt7__cxx1112basic_stringIcSt11char_traitsIcESaIcEEES8_EEE10deallocateEPSB_m called 1 returned 100% blocks executed 100%
        1:  120:      deallocate(_Tp* __p, size_type __t)
        -:  121:      {
        -:  122:#if __cpp_aligned_new
        -:  123:	if (alignof(_Tp) > __STDCPP_DEFAULT_NEW_ALIGNMENT__)
        -:  124:	  {
        -:  125:	    ::operator delete(__p,
        -:  126:# if __cpp_sized_deallocation
        -:  127:			      __t * sizeof(_Tp),
        -:  128:# endif
        -:  129:			      std::align_val_t(alignof(_Tp)));
        -:  130:	    return;
        -:  131:	  }
        -:  132:#endif
        1:  133:	::operator delete(__p
call    0 returned 1
        -:  134:#if __cpp_sized_deallocation
        -:  135:			  , __t * sizeof(_Tp)
        -:  136:#endif
        -:  137:			 );
        1:  138:      }
------------------
_ZN9__gnu_cxx13new_allocatorINSt7__cxx119sub_matchINS_17__normal_iteratorIPKcNS1_12basic_stringIcSt11char_traitsIcESaIcEEEEEEEE10deallocateEPSC_m:
function _ZN9__gnu_cxx13new_allocatorINSt7__cxx119sub_matchINS_17__normal_iteratorIPKcNS1_12basic_stringIcSt11char_traitsIcESaIcEEEEEEEE10deallocateEPSC_m called 4 returned 100% blocks executed 100%
        4:  120:      deallocate(_Tp* __p, size_type __t)
        -:  121:      {
        -:  122:#if __cpp_aligned_new
        -:  123:	if (alignof(_Tp) > __STDCPP_DEFAULT_NEW_ALIGNMENT__)
        -:  124:	  {
        -:  125:	    ::operator delete(__p,
        -:  126:# if __cpp_sized_deallocation
        -:  127:			      __t * sizeof(_Tp),
        -:  128:# endif
        -:  129:			      std::align_val_t(alignof(_Tp)));
        -:  130:	    return;
        -:  131:	  }
        -:  132:#endif
        4:  133:	::operator delete(__p
call    0 returned 4
        -:  134:#if __cpp_sized_deallocation
        -:  135:			  , __t * sizeof(_Tp)
        -:  136:#endif
        -:  137:			 );
        4:  138:      }
------------------
_ZN9__gnu_cxx13new_allocatorIPNSt8__detail9_StateSeqINSt7__cxx1112regex_traitsIcEEEEE10deallocateEPS7_m:
function _ZN9__gnu_cxx13new_allocatorIPNSt8__detail9_StateSeqINSt7__cxx1112regex_traitsIcEEEEE10deallocateEPS7_m called 2 returned 100% blocks executed 100%
        2:  120:      deallocate(_Tp* __p, size_type __t)
        -:  121:      {
        -:  122:#if __cpp_aligned_new
        -:  123:	if (alignof(_Tp) > __STDCPP_DEFAULT_NEW_ALIGNMENT__)
        -:  124:	  {
        -:  125:	    ::operator delete(__p,
        -:  126:# if __cpp_sized_deallocation
        -:  127:			      __t * sizeof(_Tp),
        -:  128:# endif
        -:  129:			      std::align_val_t(alignof(_Tp)));
        -:  130:	    return;
        -:  131:	  }
        -:  132:#endif
        2:  133:	::operator delete(__p
call    0 returned 2
        -:  134:#if __cpp_sized_deallocation
        -:  135:			  , __t * sizeof(_Tp)
        -:  136:#endif
        -:  137:			 );
        2:  138:      }
------------------
_ZN9__gnu_cxx13new_allocatorISt4pairINS_17__normal_iteratorIPKcNSt7__cxx1112basic_stringIcSt11char_traitsIcESaIcEEEEEiEE10deallocateEPSC_m:
function _ZN9__gnu_cxx13new_allocatorISt4pairINS_17__normal_iteratorIPKcNSt7__cxx1112basic_stringIcSt11char_traitsIcESaIcEEEEEiEE10deallocateEPSC_m called 2 returned 100% blocks executed 100%
        2:  120:      deallocate(_Tp* __p, size_type __t)
        -:  121:      {
        -:  122:#if __cpp_aligned_new
        -:  123:	if (alignof(_Tp) > __STDCPP_DEFAULT_NEW_ALIGNMENT__)
        -:  124:	  {
        -:  125:	    ::operator delete(__p,
        -:  126:# if __cpp_sized_deallocation
        -:  127:			      __t * sizeof(_Tp),
        -:  128:# endif
        -:  129:			      std::align_val_t(alignof(_Tp)));
        -:  130:	    return;
        -:  131:	  }
        -:  132:#endif
        2:  133:	::operator delete(__p
call    0 returned 2
        -:  134:#if __cpp_sized_deallocation
        -:  135:			  , __t * sizeof(_Tp)
        -:  136:#endif
        -:  137:			 );
        2:  138:      }
------------------
_ZN9__gnu_cxx13new_allocatorISt13_Rb_tree_nodeISt4pairIKllEEE10deallocateEPS5_m:
function _ZN9__gnu_cxx13new_allocatorISt13_Rb_tree_nodeISt4pairIKllEEE10deallocateEPS5_m called 0 returned 0% blocks executed 0%
    #####:  120:      deallocate(_Tp* __p, size_type __t)
        -:  121:      {
        -:  122:#if __cpp_aligned_new
        -:  123:	if (alignof(_Tp) > __STDCPP_DEFAULT_NEW_ALIGNMENT__)
        -:  124:	  {
        -:  125:	    ::operator delete(__p,
        -:  126:# if __cpp_sized_deallocation
        -:  127:			      __t * sizeof(_Tp),
        -:  128:# endif
        -:  129:			      std::align_val_t(alignof(_Tp)));
        -:  130:	    return;
        -:  131:	  }
        -:  132:#endif
    #####:  133:	::operator delete(__p
call    0 never executed
        -:  134:#if __cpp_sized_deallocation
        -:  135:			  , __t * sizeof(_Tp)
        -:  136:#endif
        -:  137:			 );
    #####:  138:      }
------------------
_ZN9__gnu_cxx13new_allocatorINSt8__detail9_StateSeqINSt7__cxx1112regex_traitsIcEEEEE10deallocateEPS6_m:
function _ZN9__gnu_cxx13new_allocatorINSt8__detail9_StateSeqINSt7__cxx1112regex_traitsIcEEEEE10deallocateEPS6_m called 2 returned 100% blocks executed 100%
        2:  120:      deallocate(_Tp* __p, size_type __t)
        -:  121:      {
        -:  122:#if __cpp_aligned_new
        -:  123:	if (alignof(_Tp) > __STDCPP_DEFAULT_NEW_ALIGNMENT__)
        -:  124:	  {
        -:  125:	    ::operator delete(__p,
        -:  126:# if __cpp_sized_deallocation
        -:  127:			      __t * sizeof(_Tp),
        -:  128:# endif
        -:  129:			      std::align_val_t(alignof(_Tp)));
        -:  130:	    return;
        -:  131:	  }
        -:  132:#endif
        2:  133:	::operator delete(__p
call    0 returned 2
        -:  134:#if __cpp_sized_deallocation
        -:  135:			  , __t * sizeof(_Tp)
        -:  136:#endif
        -:  137:			 );
        2:  138:      }
------------------
_ZN9__gnu_cxx13new_allocatorISt23_Sp_counted_ptr_inplaceINSt8__detail4_NFAINSt7__cxx1112regex_traitsIcEEEESaIS7_ELNS_12_Lock_policyE2EEE10deallocateEPSA_m:
function _ZN9__gnu_cxx13new_allocatorISt23_Sp_counted_ptr_inplaceINSt8__detail4_NFAINSt7__cxx1112regex_traitsIcEEEESaIS7_ELNS_12_Lock_policyE2EEE10deallocateEPSA_m called 2 returned 100% blocks executed 100%
        2:  120:      deallocate(_Tp* __p, size_type __t)
        -:  121:      {
        -:  122:#if __cpp_aligned_new
        -:  123:	if (alignof(_Tp) > __STDCPP_DEFAULT_NEW_ALIGNMENT__)
        -:  124:	  {
        -:  125:	    ::operator delete(__p,
        -:  126:# if __cpp_sized_deallocation
        -:  127:			      __t * sizeof(_Tp),
        -:  128:# endif
        -:  129:			      std::align_val_t(alignof(_Tp)));
        -:  130:	    return;
        -:  131:	  }
        -:  132:#endif
        2:  133:	::operator delete(__p
call    0 returned 2
        -:  134:#if __cpp_sized_deallocation
        -:  135:			  , __t * sizeof(_Tp)
        -:  136:#endif
        -:  137:			 );
        2:  138:      }
------------------
_ZN9__gnu_cxx13new_allocatorINSt8__detail6_StateIcEEE10deallocateEPS3_m:
function _ZN9__gnu_cxx13new_allocatorINSt8__detail6_StateIcEEE10deallocateEPS3_m called 14 returned 100% blocks executed 100%
       14:  120:      deallocate(_Tp* __p, size_type __t)
        -:  121:      {
        -:  122:#if __cpp_aligned_new
        -:  123:	if (alignof(_Tp) > __STDCPP_DEFAULT_NEW_ALIGNMENT__)
        -:  124:	  {
        -:  125:	    ::operator delete(__p,
        -:  126:# if __cpp_sized_deallocation
        -:  127:			      __t * sizeof(_Tp),
        -:  128:# endif
        -:  129:			      std::align_val_t(alignof(_Tp)));
        -:  130:	    return;
        -:  131:	  }
        -:  132:#endif
       14:  133:	::operator delete(__p
call    0 returned 14
        -:  134:#if __cpp_sized_deallocation
        -:  135:			  , __t * sizeof(_Tp)
        -:  136:#endif
        -:  137:			 );
       14:  138:      }
------------------
_ZN9__gnu_cxx13new_allocatorINSt7__cxx1112basic_stringIcSt11char_traitsIcESaIcEEEE10deallocateEPS6_m:
function _ZN9__gnu_cxx13new_allocatorINSt7__cxx1112basic_stringIcSt11char_traitsIcESaIcEEEE10deallocateEPS6_m called 0 returned 0% blocks executed 0%
    #####:  120:      deallocate(_Tp* __p, size_type __t)
        -:  121:      {
        -:  122:#if __cpp_aligned_new
        -:  123:	if (alignof(_Tp) > __STDCPP_DEFAULT_NEW_ALIGNMENT__)
        -:  124:	  {
        -:  125:	    ::operator delete(__p,
        -:  126:# if __cpp_sized_deallocation
        -:  127:			      __t * sizeof(_Tp),
        -:  128:# endif
        -:  129:			      std::align_val_t(alignof(_Tp)));
        -:  130:	    return;
        -:  131:	  }
        -:  132:#endif
    #####:  133:	::operator delete(__p
call    0 never executed
        -:  134:#if __cpp_sized_deallocation
        -:  135:			  , __t * sizeof(_Tp)
        -:  136:#endif
        -:  137:			 );
    #####:  138:      }
------------------
_ZN9__gnu_cxx13new_allocatorISt4pairIccEE10deallocateEPS2_m:
function _ZN9__gnu_cxx13new_allocatorISt4pairIccEE10deallocateEPS2_m called 0 returned 0% blocks executed 0%
    #####:  120:      deallocate(_Tp* __p, size_type __t)
        -:  121:      {
        -:  122:#if __cpp_aligned_new
        -:  123:	if (alignof(_Tp) > __STDCPP_DEFAULT_NEW_ALIGNMENT__)
        -:  124:	  {
        -:  125:	    ::operator delete(__p,
        -:  126:# if __cpp_sized_deallocation
        -:  127:			      __t * sizeof(_Tp),
        -:  128:# endif
        -:  129:			      std::align_val_t(alignof(_Tp)));
        -:  130:	    return;
        -:  131:	  }
        -:  132:#endif
    #####:  133:	::operator delete(__p
call    0 never executed
        -:  134:#if __cpp_sized_deallocation
        -:  135:			  , __t * sizeof(_Tp)
        -:  136:#endif
        -:  137:			 );
    #####:  138:      }
------------------
_ZN9__gnu_cxx13new_allocatorINSt7__cxx1112regex_traitsIcE10_RegexMaskEE10deallocateEPS4_m:
function _ZN9__gnu_cxx13new_allocatorINSt7__cxx1112regex_traitsIcE10_RegexMaskEE10deallocateEPS4_m called 0 returned 0% blocks executed 0%
    #####:  120:      deallocate(_Tp* __p, size_type __t)
        -:  121:      {
        -:  122:#if __cpp_aligned_new
        -:  123:	if (alignof(_Tp) > __STDCPP_DEFAULT_NEW_ALIGNMENT__)
        -:  124:	  {
        -:  125:	    ::operator delete(__p,
        -:  126:# if __cpp_sized_deallocation
        -:  127:			      __t * sizeof(_Tp),
        -:  128:# endif
        -:  129:			      std::align_val_t(alignof(_Tp)));
        -:  130:	    return;
        -:  131:	  }
        -:  132:#endif
    #####:  133:	::operator delete(__p
call    0 never executed
        -:  134:#if __cpp_sized_deallocation
        -:  135:			  , __t * sizeof(_Tp)
        -:  136:#endif
        -:  137:			 );
    #####:  138:      }
------------------
_ZN9__gnu_cxx13new_allocatorISt4pairINSt7__cxx1112basic_stringIcSt11char_traitsIcESaIcEEES7_EE10deallocateEPS8_m:
function _ZN9__gnu_cxx13new_allocatorISt4pairINSt7__cxx1112basic_stringIcSt11char_traitsIcESaIcEEES7_EE10deallocateEPS8_m called 0 returned 0% blocks executed 0%
    #####:  120:      deallocate(_Tp* __p, size_type __t)
        -:  121:      {
        -:  122:#if __cpp_aligned_new
        -:  123:	if (alignof(_Tp) > __STDCPP_DEFAULT_NEW_ALIGNMENT__)
        -:  124:	  {
        -:  125:	    ::operator delete(__p,
        -:  126:# if __cpp_sized_deallocation
        -:  127:			      __t * sizeof(_Tp),
        -:  128:# endif
        -:  129:			      std::align_val_t(alignof(_Tp)));
        -:  130:	    return;
        -:  131:	  }
        -:  132:#endif
    #####:  133:	::operator delete(__p
call    0 never executed
        -:  134:#if __cpp_sized_deallocation
        -:  135:			  , __t * sizeof(_Tp)
        -:  136:#endif
        -:  137:			 );
    #####:  138:      }
------------------
_ZN9__gnu_cxx13new_allocatorIPlE10deallocateEPS1_m:
function _ZN9__gnu_cxx13new_allocatorIPlE10deallocateEPS1_m called 0 returned 0% blocks executed 0%
    #####:  120:      deallocate(_Tp* __p, size_type __t)
        -:  121:      {
        -:  122:#if __cpp_aligned_new
        -:  123:	if (alignof(_Tp) > __STDCPP_DEFAULT_NEW_ALIGNMENT__)
        -:  124:	  {
        -:  125:	    ::operator delete(__p,
        -:  126:# if __cpp_sized_deallocation
        -:  127:			      __t * sizeof(_Tp),
        -:  128:# endif
        -:  129:			      std::align_val_t(alignof(_Tp)));
        -:  130:	    return;
        -:  131:	  }
        -:  132:#endif
    #####:  133:	::operator delete(__p
call    0 never executed
        -:  134:#if __cpp_sized_deallocation
        -:  135:			  , __t * sizeof(_Tp)
        -:  136:#endif
        -:  137:			 );
    #####:  138:      }
------------------
_ZN9__gnu_cxx13new_allocatorIlE10deallocateEPlm:
function _ZN9__gnu_cxx13new_allocatorIlE10deallocateEPlm called 0 returned 0% blocks executed 0%
    #####:  120:      deallocate(_Tp* __p, size_type __t)
        -:  121:      {
        -:  122:#if __cpp_aligned_new
        -:  123:	if (alignof(_Tp) > __STDCPP_DEFAULT_NEW_ALIGNMENT__)
        -:  124:	  {
        -:  125:	    ::operator delete(__p,
        -:  126:# if __cpp_sized_deallocation
        -:  127:			      __t * sizeof(_Tp),
        -:  128:# endif
        -:  129:			      std::align_val_t(alignof(_Tp)));
        -:  130:	    return;
        -:  131:	  }
        -:  132:#endif
    #####:  133:	::operator delete(__p
call    0 never executed
        -:  134:#if __cpp_sized_deallocation
        -:  135:			  , __t * sizeof(_Tp)
        -:  136:#endif
        -:  137:			 );
    #####:  138:      }
------------------
        -:  139:
        -:  140:#if __cplusplus <= 201703L
        -:  141:      size_type
    1588*:  142:      max_size() const _GLIBCXX_USE_NOEXCEPT
    1588*:  143:      { return _M_max_size(); }
------------------
_ZNK9__gnu_cxx13new_allocatorISt4pairINSt7__cxx1112basic_stringIcSt11char_traitsIcESaIcEEES7_EE8max_sizeEv:
function _ZNK9__gnu_cxx13new_allocatorISt4pairINSt7__cxx1112basic_stringIcSt11char_traitsIcESaIcEEES7_EE8max_sizeEv called 0 returned 0% blocks executed 0%
    #####:  142:      max_size() const _GLIBCXX_USE_NOEXCEPT
    #####:  143:      { return _M_max_size(); }
call    0 never executed
------------------
_ZNK9__gnu_cxx13new_allocatorISt4pairIccEE8max_sizeEv:
function _ZNK9__gnu_cxx13new_allocatorISt4pairIccEE8max_sizeEv called 0 returned 0% blocks executed 0%
    #####:  142:      max_size() const _GLIBCXX_USE_NOEXCEPT
    #####:  143:      { return _M_max_size(); }
call    0 never executed
------------------
_ZNK9__gnu_cxx13new_allocatorINSt7__cxx1112basic_stringIcSt11char_traitsIcESaIcEEEE8max_sizeEv:
function _ZNK9__gnu_cxx13new_allocatorINSt7__cxx1112basic_stringIcSt11char_traitsIcESaIcEEEE8max_sizeEv called 0 returned 0% blocks executed 0%
    #####:  142:      max_size() const _GLIBCXX_USE_NOEXCEPT
    #####:  143:      { return _M_max_size(); }
call    0 never executed
------------------
_ZNK9__gnu_cxx13new_allocatorINSt7__cxx1112regex_traitsIcE10_RegexMaskEE8max_sizeEv:
function _ZNK9__gnu_cxx13new_allocatorINSt7__cxx1112regex_traitsIcE10_RegexMaskEE8max_sizeEv called 0 returned 0% blocks executed 0%
    #####:  142:      max_size() const _GLIBCXX_USE_NOEXCEPT
    #####:  143:      { return _M_max_size(); }
call    0 never executed
------------------
_ZNK9__gnu_cxx13new_allocatorIlE8max_sizeEv:
function _ZNK9__gnu_cxx13new_allocatorIlE8max_sizeEv called 0 returned 0% blocks executed 0%
    #####:  142:      max_size() const _GLIBCXX_USE_NOEXCEPT
    #####:  143:      { return _M_max_size(); }
call    0 never executed
------------------
_ZNK9__gnu_cxx13new_allocatorISt4pairIlSt6vectorINSt7__cxx119sub_matchINS_17__normal_iteratorIPKcNS3_12basic_stringIcSt11char_traitsIcESaIcEEEEEEESaISE_EEEE8max_sizeEv:
function _ZNK9__gnu_cxx13new_allocatorISt4pairIlSt6vectorINSt7__cxx119sub_matchINS_17__normal_iteratorIPKcNS3_12basic_stringIcSt11char_traitsIcESaIcEEEEEEESaISE_EEEE8max_sizeEv called 0 returned 0% blocks executed 0%
    #####:  142:      max_size() const _GLIBCXX_USE_NOEXCEPT
    #####:  143:      { return _M_max_size(); }
call    0 never executed
------------------
_ZNK9__gnu_cxx13new_allocatorINSt8__detail6_StateIcEEE8max_sizeEv:
function _ZNK9__gnu_cxx13new_allocatorINSt8__detail6_StateIcEEE8max_sizeEv called 28 returned 100% blocks executed 100%
       28:  142:      max_size() const _GLIBCXX_USE_NOEXCEPT
       28:  143:      { return _M_max_size(); }
call    0 returned 28
------------------
_ZNK9__gnu_cxx13new_allocatorINSt8__detail9_StateSeqINSt7__cxx1112regex_traitsIcEEEEE8max_sizeEv:
function _ZNK9__gnu_cxx13new_allocatorINSt8__detail9_StateSeqINSt7__cxx1112regex_traitsIcEEEEE8max_sizeEv called 0 returned 0% blocks executed 0%
    #####:  142:      max_size() const _GLIBCXX_USE_NOEXCEPT
    #####:  143:      { return _M_max_size(); }
call    0 never executed
------------------
_ZNK9__gnu_cxx13new_allocatorImE8max_sizeEv:
function _ZNK9__gnu_cxx13new_allocatorImE8max_sizeEv called 12 returned 100% blocks executed 100%
       12:  142:      max_size() const _GLIBCXX_USE_NOEXCEPT
       12:  143:      { return _M_max_size(); }
call    0 returned 12
------------------
_ZNK9__gnu_cxx13new_allocatorINSt7__cxx119sub_matchINS_17__normal_iteratorIPKcNS1_12basic_stringIcSt11char_traitsIcESaIcEEEEEEEE8max_sizeEv:
function _ZNK9__gnu_cxx13new_allocatorINSt7__cxx119sub_matchINS_17__normal_iteratorIPKcNS1_12basic_stringIcSt11char_traitsIcESaIcEEEEEEEE8max_sizeEv called 2 returned 100% blocks executed 100%
        2:  142:      max_size() const _GLIBCXX_USE_NOEXCEPT
        2:  143:      { return _M_max_size(); }
call    0 returned 2
------------------
_ZNK9__gnu_cxx13new_allocatorISt4pairINS_17__normal_iteratorIPKcNSt7__cxx1112basic_stringIcSt11char_traitsIcESaIcEEEEEiEE8max_sizeEv:
function _ZNK9__gnu_cxx13new_allocatorISt4pairINS_17__normal_iteratorIPKcNSt7__cxx1112basic_stringIcSt11char_traitsIcESaIcEEEEEiEE8max_sizeEv called 2 returned 100% blocks executed 100%
        2:  142:      max_size() const _GLIBCXX_USE_NOEXCEPT
        2:  143:      { return _M_max_size(); }
call    0 returned 2
------------------
_ZNK9__gnu_cxx13new_allocatorIcE8max_sizeEv:
function _ZNK9__gnu_cxx13new_allocatorIcE8max_sizeEv called 1544 returned 100% blocks executed 100%
     1544:  142:      max_size() const _GLIBCXX_USE_NOEXCEPT
     1544:  143:      { return _M_max_size(); }
call    0 returned 1544
------------------
        -:  144:
        -:  145:#if __cplusplus >= 201103L
        -:  146:      template<typename _Up, typename... _Args>
        -:  147:	void
     188*:  148:	construct(_Up* __p, _Args&&... __args)
        -:  149:	noexcept(std::is_nothrow_constructible<_Up, _Args...>::value)
     188*:  150:	{ ::new((void *)__p) _Up(std::forward<_Args>(__args)...); }
------------------
_ZN9__gnu_cxx13new_allocatorINSt8__detail4_NFAINSt7__cxx1112regex_traitsIcEEEEE9constructIS6_JRKSt6localeRNSt15regex_constants18syntax_option_typeEEEEvPT_DpOT0_:
function _ZN9__gnu_cxx13new_allocatorINSt8__detail4_NFAINSt7__cxx1112regex_traitsIcEEEEE9constructIS6_JRKSt6localeRNSt15regex_constants18syntax_option_typeEEEEvPT_DpOT0_ called 2 returned 100% blocks executed 86%
        2:  148:	construct(_Up* __p, _Args&&... __args)
        -:  149:	noexcept(std::is_nothrow_constructible<_Up, _Args...>::value)
        2:  150:	{ ::new((void *)__p) _Up(std::forward<_Args>(__args)...); }
call    0 returned 2
call    1 returned 2
call    2 returned 2
call    3 returned 2
branch  4 taken 2 (fallthrough)
branch  5 taken 0 (throw)
call    6 never executed
------------------
_ZN9__gnu_cxx13new_allocatorISt10_List_nodeI6AlumniEE9constructIS2_JRKS2_EEEvPT_DpOT0_:
function _ZN9__gnu_cxx13new_allocatorISt10_List_nodeI6AlumniEE9constructIS2_JRKS2_EEEvPT_DpOT0_ called 3 returned 100% blocks executed 83%
        3:  148:	construct(_Up* __p, _Args&&... __args)
        -:  149:	noexcept(std::is_nothrow_constructible<_Up, _Args...>::value)
        3:  150:	{ ::new((void *)__p) _Up(std::forward<_Args>(__args)...); }
call    0 returned 3
call    1 returned 3
call    2 returned 3
branch  3 taken 3 (fallthrough)
branch  4 taken 0 (throw)
call    5 never executed
------------------
_ZN9__gnu_cxx13new_allocatorISt10_List_nodeI7studentEE9constructIS2_JRKS2_EEEvPT_DpOT0_:
function _ZN9__gnu_cxx13new_allocatorISt10_List_nodeI7studentEE9constructIS2_JRKS2_EEEvPT_DpOT0_ called 1 returned 100% blocks executed 83%
        1:  148:	construct(_Up* __p, _Args&&... __args)
        -:  149:	noexcept(std::is_nothrow_constructible<_Up, _Args...>::value)
        1:  150:	{ ::new((void *)__p) _Up(std::forward<_Args>(__args)...); }
call    0 returned 1
call    1 returned 1
call    2 returned 1
branch  3 taken 1 (fallthrough)
branch  4 taken 0 (throw)
call    5 never executed
------------------
_ZN9__gnu_cxx13new_allocatorISt14_Fwd_list_nodeISt5tupleIJNSt7__cxx1112basic_stringIcSt11char_traitsIcESaIcEEES8_S8_EEEE9constructIS9_JRKS9_EEEvPT_DpOT0_:
function _ZN9__gnu_cxx13new_allocatorISt14_Fwd_list_nodeISt5tupleIJNSt7__cxx1112basic_stringIcSt11char_traitsIcESaIcEEES8_S8_EEEE9constructIS9_JRKS9_EEEvPT_DpOT0_ called 1 returned 100% blocks executed 83%
        1:  148:	construct(_Up* __p, _Args&&... __args)
        -:  149:	noexcept(std::is_nothrow_constructible<_Up, _Args...>::value)
        1:  150:	{ ::new((void *)__p) _Up(std::forward<_Args>(__args)...); }
call    0 returned 1
call    1 returned 1
call    2 returned 1
branch  3 taken 1 (fallthrough)
branch  4 taken 0 (throw)
call    5 never executed
------------------
_ZN9__gnu_cxx13new_allocatorISt13_Rb_tree_nodeISt4pairIKNSt7__cxx1112basic_stringIcSt11char_traitsIcESaIcEEES8_EEE9constructISA_JRKSt21piecewise_construct_tSt5tupleIJRS9_EESH_IJEEEEEvPT_DpOT0_:
function _ZN9__gnu_cxx13new_allocatorISt13_Rb_tree_nodeISt4pairIKNSt7__cxx1112basic_stringIcSt11char_traitsIcESaIcEEES8_EEE9constructISA_JRKSt21piecewise_construct_tSt5tupleIJRS9_EESH_IJEEEEEvPT_DpOT0_ called 1 returned 100% blocks executed 67%
        1:  148:	construct(_Up* __p, _Args&&... __args)
        -:  149:	noexcept(std::is_nothrow_constructible<_Up, _Args...>::value)
        1:  150:	{ ::new((void *)__p) _Up(std::forward<_Args>(__args)...); }
call    0 returned 1
call    1 returned 1
call    2 returned 1
call    3 returned 1
call    4 returned 1
call    5 returned 1
branch  6 taken 1 (fallthrough)
branch  7 taken 0 (throw)
call    8 never executed
------------------
_ZN9__gnu_cxx13new_allocatorImE9constructImJRKmEEEvPT_DpOT0_:
function _ZN9__gnu_cxx13new_allocatorImE9constructImJRKmEEEvPT_DpOT0_ called 14 returned 100% blocks executed 100%
       14:  148:	construct(_Up* __p, _Args&&... __args)
        -:  149:	noexcept(std::is_nothrow_constructible<_Up, _Args...>::value)
       14:  150:	{ ::new((void *)__p) _Up(std::forward<_Args>(__args)...); }
call    0 returned 14
call    1 returned 14
------------------
_ZN9__gnu_cxx13new_allocatorINSt8__detail6_StateIcEEE9constructIS3_JS3_EEEvPT_DpOT0_:
function _ZN9__gnu_cxx13new_allocatorINSt8__detail6_StateIcEEE9constructIS3_JS3_EEEvPT_DpOT0_ called 80 returned 100% blocks executed 83%
       80:  148:	construct(_Up* __p, _Args&&... __args)
        -:  149:	noexcept(std::is_nothrow_constructible<_Up, _Args...>::value)
       80:  150:	{ ::new((void *)__p) _Up(std::forward<_Args>(__args)...); }
call    0 returned 80
call    1 returned 80
call    2 returned 80
branch  3 taken 80 (fallthrough)
branch  4 taken 0 (throw)
call    5 never executed
------------------
_ZN9__gnu_cxx13new_allocatorINSt8__detail9_StateSeqINSt7__cxx1112regex_traitsIcEEEEE9constructIS6_JRKS6_EEEvPT_DpOT0_:
function _ZN9__gnu_cxx13new_allocatorINSt8__detail9_StateSeqINSt7__cxx1112regex_traitsIcEEEEE9constructIS6_JRKS6_EEEvPT_DpOT0_ called 52 returned 100% blocks executed 100%
       52:  148:	construct(_Up* __p, _Args&&... __args)
        -:  149:	noexcept(std::is_nothrow_constructible<_Up, _Args...>::value)
       52:  150:	{ ::new((void *)__p) _Up(std::forward<_Args>(__args)...); }
call    0 returned 52
call    1 returned 52
------------------
_ZN9__gnu_cxx13new_allocatorINSt8__detail9_StateSeqINSt7__cxx1112regex_traitsIcEEEEE9constructIS6_JS6_EEEvPT_DpOT0_:
function _ZN9__gnu_cxx13new_allocatorINSt8__detail9_StateSeqINSt7__cxx1112regex_traitsIcEEEEE9constructIS6_JS6_EEEvPT_DpOT0_ called 34 returned 100% blocks executed 100%
       34:  148:	construct(_Up* __p, _Args&&... __args)
        -:  149:	noexcept(std::is_nothrow_constructible<_Up, _Args...>::value)
       34:  150:	{ ::new((void *)__p) _Up(std::forward<_Args>(__args)...); }
call    0 returned 34
call    1 returned 34
------------------
_ZN9__gnu_cxx13new_allocatorISt4pairIlSt6vectorINSt7__cxx119sub_matchINS_17__normal_iteratorIPKcNS3_12basic_stringIcSt11char_traitsIcESaIcEEEEEEESaISE_EEEE9constructISH_JRlRKSG_EEEvPT_DpOT0_:
function _ZN9__gnu_cxx13new_allocatorISt4pairIlSt6vectorINSt7__cxx119sub_matchINS_17__normal_iteratorIPKcNS3_12basic_stringIcSt11char_traitsIcESaIcEEEEEEESaISE_EEEE9constructISH_JRlRKSG_EEEvPT_DpOT0_ called 0 returned 0% blocks executed 0%
    #####:  148:	construct(_Up* __p, _Args&&... __args)
        -:  149:	noexcept(std::is_nothrow_constructible<_Up, _Args...>::value)
    #####:  150:	{ ::new((void *)__p) _Up(std::forward<_Args>(__args)...); }
call    0 never executed
call    1 never executed
call    2 never executed
call    3 never executed
branch  4 never executed
branch  5 never executed
call    6 never executed
------------------
_ZN9__gnu_cxx13new_allocatorINSt7__cxx1112basic_stringIcSt11char_traitsIcESaIcEEEE9constructIS6_JS6_EEEvPT_DpOT0_:
function _ZN9__gnu_cxx13new_allocatorINSt7__cxx1112basic_stringIcSt11char_traitsIcESaIcEEEE9constructIS6_JS6_EEEvPT_DpOT0_ called 0 returned 0% blocks executed 0%
    #####:  148:	construct(_Up* __p, _Args&&... __args)
        -:  149:	noexcept(std::is_nothrow_constructible<_Up, _Args...>::value)
    #####:  150:	{ ::new((void *)__p) _Up(std::forward<_Args>(__args)...); }
call    0 never executed
call    1 never executed
call    2 never executed
------------------
_ZN9__gnu_cxx13new_allocatorIlE9constructIlJRKlEEEvPT_DpOT0_:
function _ZN9__gnu_cxx13new_allocatorIlE9constructIlJRKlEEEvPT_DpOT0_ called 0 returned 0% blocks executed 0%
    #####:  148:	construct(_Up* __p, _Args&&... __args)
        -:  149:	noexcept(std::is_nothrow_constructible<_Up, _Args...>::value)
    #####:  150:	{ ::new((void *)__p) _Up(std::forward<_Args>(__args)...); }
call    0 never executed
call    1 never executed
------------------
_ZN9__gnu_cxx13new_allocatorINSt7__cxx1112regex_traitsIcE10_RegexMaskEE9constructIS4_JRKS4_EEEvPT_DpOT0_:
function _ZN9__gnu_cxx13new_allocatorINSt7__cxx1112regex_traitsIcE10_RegexMaskEE9constructIS4_JRKS4_EEEvPT_DpOT0_ called 0 returned 0% blocks executed 0%
    #####:  148:	construct(_Up* __p, _Args&&... __args)
        -:  149:	noexcept(std::is_nothrow_constructible<_Up, _Args...>::value)
    #####:  150:	{ ::new((void *)__p) _Up(std::forward<_Args>(__args)...); }
call    0 never executed
call    1 never executed
------------------
_ZN9__gnu_cxx13new_allocatorINSt7__cxx1112basic_stringIcSt11char_traitsIcESaIcEEEE9constructIS6_JRKS6_EEEvPT_DpOT0_:
function _ZN9__gnu_cxx13new_allocatorINSt7__cxx1112basic_stringIcSt11char_traitsIcESaIcEEEE9constructIS6_JRKS6_EEEvPT_DpOT0_ called 0 returned 0% blocks executed 0%
    #####:  148:	construct(_Up* __p, _Args&&... __args)
        -:  149:	noexcept(std::is_nothrow_constructible<_Up, _Args...>::value)
    #####:  150:	{ ::new((void *)__p) _Up(std::forward<_Args>(__args)...); }
call    0 never executed
call    1 never executed
call    2 never executed
branch  3 never executed
branch  4 never executed
call    5 never executed
------------------
_ZN9__gnu_cxx13new_allocatorIcE9constructIcJcEEEvPT_DpOT0_:
function _ZN9__gnu_cxx13new_allocatorIcE9constructIcJcEEEvPT_DpOT0_ called 0 returned 0% blocks executed 0%
    #####:  148:	construct(_Up* __p, _Args&&... __args)
        -:  149:	noexcept(std::is_nothrow_constructible<_Up, _Args...>::value)
    #####:  150:	{ ::new((void *)__p) _Up(std::forward<_Args>(__args)...); }
call    0 never executed
call    1 never executed
------------------
_ZN9__gnu_cxx13new_allocatorISt13_Rb_tree_nodeISt4pairIKllEEE9constructIS4_JRKSt21piecewise_construct_tSt5tupleIJRS3_EESB_IJEEEEEvPT_DpOT0_:
function _ZN9__gnu_cxx13new_allocatorISt13_Rb_tree_nodeISt4pairIKllEEE9constructIS4_JRKSt21piecewise_construct_tSt5tupleIJRS3_EESB_IJEEEEEvPT_DpOT0_ called 0 returned 0% blocks executed 0%
    #####:  148:	construct(_Up* __p, _Args&&... __args)
        -:  149:	noexcept(std::is_nothrow_constructible<_Up, _Args...>::value)
    #####:  150:	{ ::new((void *)__p) _Up(std::forward<_Args>(__args)...); }
call    0 never executed
call    1 never executed
call    2 never executed
call    3 never executed
call    4 never executed
call    5 never executed
branch  6 never executed
branch  7 never executed
call    8 never executed
------------------
_ZN9__gnu_cxx13new_allocatorISt4pairIccEE9constructIS2_JS2_EEEvPT_DpOT0_:
function _ZN9__gnu_cxx13new_allocatorISt4pairIccEE9constructIS2_JS2_EEEvPT_DpOT0_ called 0 returned 0% blocks executed 0%
    #####:  148:	construct(_Up* __p, _Args&&... __args)
        -:  149:	noexcept(std::is_nothrow_constructible<_Up, _Args...>::value)
    #####:  150:	{ ::new((void *)__p) _Up(std::forward<_Args>(__args)...); }
call    0 never executed
call    1 never executed
------------------
_ZN9__gnu_cxx13new_allocatorISt4pairINSt7__cxx1112basic_stringIcSt11char_traitsIcESaIcEEES7_EE9constructIS8_JS8_EEEvPT_DpOT0_:
function _ZN9__gnu_cxx13new_allocatorISt4pairINSt7__cxx1112basic_stringIcSt11char_traitsIcESaIcEEES7_EE9constructIS8_JS8_EEEvPT_DpOT0_ called 0 returned 0% blocks executed 0%
    #####:  148:	construct(_Up* __p, _Args&&... __args)
        -:  149:	noexcept(std::is_nothrow_constructible<_Up, _Args...>::value)
    #####:  150:	{ ::new((void *)__p) _Up(std::forward<_Args>(__args)...); }
call    0 never executed
call    1 never executed
call    2 never executed
------------------
_ZN9__gnu_cxx13new_allocatorISt4pairIlSt6vectorINSt7__cxx119sub_matchINS_17__normal_iteratorIPKcNS3_12basic_stringIcSt11char_traitsIcESaIcEEEEEEESaISE_EEEE9constructISH_JSH_EEEvPT_DpOT0_:
function _ZN9__gnu_cxx13new_allocatorISt4pairIlSt6vectorINSt7__cxx119sub_matchINS_17__normal_iteratorIPKcNS3_12basic_stringIcSt11char_traitsIcESaIcEEEEEEESaISE_EEEE9constructISH_JSH_EEEvPT_DpOT0_ called 0 returned 0% blocks executed 0%
    #####:  148:	construct(_Up* __p, _Args&&... __args)
        -:  149:	noexcept(std::is_nothrow_constructible<_Up, _Args...>::value)
    #####:  150:	{ ::new((void *)__p) _Up(std::forward<_Args>(__args)...); }
call    0 never executed
call    1 never executed
call    2 never executed
------------------
_ZN9__gnu_cxx13new_allocatorINSt7__cxx1112regex_traitsIcE10_RegexMaskEE9constructIS4_JS4_EEEvPT_DpOT0_:
function _ZN9__gnu_cxx13new_allocatorINSt7__cxx1112regex_traitsIcE10_RegexMaskEE9constructIS4_JS4_EEEvPT_DpOT0_ called 0 returned 0% blocks executed 0%
    #####:  148:	construct(_Up* __p, _Args&&... __args)
        -:  149:	noexcept(std::is_nothrow_constructible<_Up, _Args...>::value)
    #####:  150:	{ ::new((void *)__p) _Up(std::forward<_Args>(__args)...); }
call    0 never executed
call    1 never executed
------------------
        -:  151:
        -:  152:      template<typename _Up>
        -:  153:	void
     108*:  154:	destroy(_Up* __p)
        -:  155:	noexcept(std::is_nothrow_destructible<_Up>::value)
     108*:  156:	{ __p->~_Up(); }
------------------
_ZN9__gnu_cxx13new_allocatorINSt8__detail4_NFAINSt7__cxx1112regex_traitsIcEEEEE7destroyIS6_EEvPT_:
function _ZN9__gnu_cxx13new_allocatorINSt8__detail4_NFAINSt7__cxx1112regex_traitsIcEEEEE7destroyIS6_EEvPT_ called 2 returned 100% blocks executed 100%
        2:  154:	destroy(_Up* __p)
        -:  155:	noexcept(std::is_nothrow_destructible<_Up>::value)
        2:  156:	{ __p->~_Up(); }
call    0 returned 2
------------------
_ZN9__gnu_cxx13new_allocatorISt4pairINSt7__cxx1112basic_stringIcSt11char_traitsIcESaIcEEES7_EE7destroyIS8_EEvPT_:
function _ZN9__gnu_cxx13new_allocatorISt4pairINSt7__cxx1112basic_stringIcSt11char_traitsIcESaIcEEES7_EE7destroyIS8_EEvPT_ called 0 returned 0% blocks executed 0%
    #####:  154:	destroy(_Up* __p)
        -:  155:	noexcept(std::is_nothrow_destructible<_Up>::value)
    #####:  156:	{ __p->~_Up(); }
call    0 never executed
------------------
_ZN9__gnu_cxx13new_allocatorISt4pairIccEE7destroyIS2_EEvPT_:
function _ZN9__gnu_cxx13new_allocatorISt4pairIccEE7destroyIS2_EEvPT_ called 0 returned 0% blocks executed 0%
    #####:  154:	destroy(_Up* __p)
        -:  155:	noexcept(std::is_nothrow_destructible<_Up>::value)
    #####:  156:	{ __p->~_Up(); }
------------------
_ZN9__gnu_cxx13new_allocatorIcE7destroyIcEEvPT_:
function _ZN9__gnu_cxx13new_allocatorIcE7destroyIcEEvPT_ called 0 returned 0% blocks executed 0%
    #####:  154:	destroy(_Up* __p)
        -:  155:	noexcept(std::is_nothrow_destructible<_Up>::value)
    #####:  156:	{ __p->~_Up(); }
------------------
_ZN9__gnu_cxx13new_allocatorINSt7__cxx1112basic_stringIcSt11char_traitsIcESaIcEEEE7destroyIS6_EEvPT_:
function _ZN9__gnu_cxx13new_allocatorINSt7__cxx1112basic_stringIcSt11char_traitsIcESaIcEEEE7destroyIS6_EEvPT_ called 0 returned 0% blocks executed 0%
    #####:  154:	destroy(_Up* __p)
        -:  155:	noexcept(std::is_nothrow_destructible<_Up>::value)
    #####:  156:	{ __p->~_Up(); }
call    0 never executed
------------------
_ZN9__gnu_cxx13new_allocatorISt13_Rb_tree_nodeISt4pairIKllEEE7destroyIS4_EEvPT_:
function _ZN9__gnu_cxx13new_allocatorISt13_Rb_tree_nodeISt4pairIKllEEE7destroyIS4_EEvPT_ called 0 returned 0% blocks executed 0%
    #####:  154:	destroy(_Up* __p)
        -:  155:	noexcept(std::is_nothrow_destructible<_Up>::value)
    #####:  156:	{ __p->~_Up(); }
------------------
_ZN9__gnu_cxx13new_allocatorINSt7__cxx1112regex_traitsIcE10_RegexMaskEE7destroyIS4_EEvPT_:
function _ZN9__gnu_cxx13new_allocatorINSt7__cxx1112regex_traitsIcE10_RegexMaskEE7destroyIS4_EEvPT_ called 0 returned 0% blocks executed 0%
    #####:  154:	destroy(_Up* __p)
        -:  155:	noexcept(std::is_nothrow_destructible<_Up>::value)
    #####:  156:	{ __p->~_Up(); }
------------------
_ZN9__gnu_cxx13new_allocatorIlE7destroyIlEEvPT_:
function _ZN9__gnu_cxx13new_allocatorIlE7destroyIlEEvPT_ called 0 returned 0% blocks executed 0%
    #####:  154:	destroy(_Up* __p)
        -:  155:	noexcept(std::is_nothrow_destructible<_Up>::value)
    #####:  156:	{ __p->~_Up(); }
------------------
_ZN9__gnu_cxx13new_allocatorISt4pairIlSt6vectorINSt7__cxx119sub_matchINS_17__normal_iteratorIPKcNS3_12basic_stringIcSt11char_traitsIcESaIcEEEEEEESaISE_EEEE7destroyISH_EEvPT_:
function _ZN9__gnu_cxx13new_allocatorISt4pairIlSt6vectorINSt7__cxx119sub_matchINS_17__normal_iteratorIPKcNS3_12basic_stringIcSt11char_traitsIcESaIcEEEEEEESaISE_EEEE7destroyISH_EEvPT_ called 0 returned 0% blocks executed 0%
    #####:  154:	destroy(_Up* __p)
        -:  155:	noexcept(std::is_nothrow_destructible<_Up>::value)
    #####:  156:	{ __p->~_Up(); }
call    0 never executed
------------------
_ZN9__gnu_cxx13new_allocatorINSt8__detail6_StateIcEEE7destroyIS3_EEvPT_:
function _ZN9__gnu_cxx13new_allocatorINSt8__detail6_StateIcEEE7destroyIS3_EEvPT_ called 0 returned 0% blocks executed 0%
    #####:  154:	destroy(_Up* __p)
        -:  155:	noexcept(std::is_nothrow_destructible<_Up>::value)
    #####:  156:	{ __p->~_Up(); }
call    0 never executed
------------------
_ZN9__gnu_cxx13new_allocatorINSt8__detail9_StateSeqINSt7__cxx1112regex_traitsIcEEEEE7destroyIS6_EEvPT_:
function _ZN9__gnu_cxx13new_allocatorINSt8__detail9_StateSeqINSt7__cxx1112regex_traitsIcEEEEE7destroyIS6_EEvPT_ called 86 returned 100% blocks executed 100%
       86:  154:	destroy(_Up* __p)
        -:  155:	noexcept(std::is_nothrow_destructible<_Up>::value)
       86:  156:	{ __p->~_Up(); }
------------------
_ZN9__gnu_cxx13new_allocatorImE7destroyImEEvPT_:
function _ZN9__gnu_cxx13new_allocatorImE7destroyImEEvPT_ called 14 returned 100% blocks executed 100%
       14:  154:	destroy(_Up* __p)
        -:  155:	noexcept(std::is_nothrow_destructible<_Up>::value)
       14:  156:	{ __p->~_Up(); }
------------------
_ZN9__gnu_cxx13new_allocatorISt13_Rb_tree_nodeISt4pairIKNSt7__cxx1112basic_stringIcSt11char_traitsIcESaIcEEES8_EEE7destroyISA_EEvPT_:
function _ZN9__gnu_cxx13new_allocatorISt13_Rb_tree_nodeISt4pairIKNSt7__cxx1112basic_stringIcSt11char_traitsIcESaIcEEES8_EEE7destroyISA_EEvPT_ called 1 returned 100% blocks executed 100%
        1:  154:	destroy(_Up* __p)
        -:  155:	noexcept(std::is_nothrow_destructible<_Up>::value)
        1:  156:	{ __p->~_Up(); }
call    0 returned 1
------------------
_ZN9__gnu_cxx13new_allocatorISt14_Fwd_list_nodeISt5tupleIJNSt7__cxx1112basic_stringIcSt11char_traitsIcESaIcEEES8_S8_EEEE7destroyIS9_EEvPT_:
function _ZN9__gnu_cxx13new_allocatorISt14_Fwd_list_nodeISt5tupleIJNSt7__cxx1112basic_stringIcSt11char_traitsIcESaIcEEES8_S8_EEEE7destroyIS9_EEvPT_ called 1 returned 100% blocks executed 100%
        1:  154:	destroy(_Up* __p)
        -:  155:	noexcept(std::is_nothrow_destructible<_Up>::value)
        1:  156:	{ __p->~_Up(); }
call    0 returned 1
------------------
_ZN9__gnu_cxx13new_allocatorISt10_List_nodeI7studentEE7destroyIS2_EEvPT_:
function _ZN9__gnu_cxx13new_allocatorISt10_List_nodeI7studentEE7destroyIS2_EEvPT_ called 1 returned 100% blocks executed 100%
        1:  154:	destroy(_Up* __p)
        -:  155:	noexcept(std::is_nothrow_destructible<_Up>::value)
        1:  156:	{ __p->~_Up(); }
call    0 returned 1
------------------
_ZN9__gnu_cxx13new_allocatorISt10_List_nodeI6AlumniEE7destroyIS2_EEvPT_:
function _ZN9__gnu_cxx13new_allocatorISt10_List_nodeI6AlumniEE7destroyIS2_EEvPT_ called 3 returned 100% blocks executed 100%
        3:  154:	destroy(_Up* __p)
        -:  155:	noexcept(std::is_nothrow_destructible<_Up>::value)
        3:  156:	{ __p->~_Up(); }
call    0 returned 3
------------------
        -:  157:#else
        -:  158:      // _GLIBCXX_RESOLVE_LIB_DEFECTS
        -:  159:      // 402. wrong new expression in [some_] allocator::construct
        -:  160:      void
        -:  161:      construct(pointer __p, const _Tp& __val)
        -:  162:      { ::new((void *)__p) _Tp(__val); }
        -:  163:
        -:  164:      void
        -:  165:      destroy(pointer __p) { __p->~_Tp(); }
        -:  166:#endif
        -:  167:#endif // ! C++20
        -:  168:
        -:  169:      template<typename _Up>
        -:  170:	friend _GLIBCXX20_CONSTEXPR bool
        -:  171:	operator==(const new_allocator&, const new_allocator<_Up>&)
        -:  172:	_GLIBCXX_NOTHROW
        -:  173:	{ return true; }
        -:  174:
        -:  175:#if __cpp_impl_three_way_comparison < 201907L
        -:  176:      template<typename _Up>
        -:  177:	friend _GLIBCXX20_CONSTEXPR bool
        -:  178:	operator!=(const new_allocator&, const new_allocator<_Up>&)
        -:  179:	_GLIBCXX_NOTHROW
        -:  180:	{ return false; }
        -:  181:#endif
        -:  182:
        -:  183:    private:
        -:  184:      _GLIBCXX_CONSTEXPR size_type
    3170*:  185:      _M_max_size() const _GLIBCXX_USE_NOEXCEPT
        -:  186:      {
        -:  187:#if __PTRDIFF_MAX__ < __SIZE_MAX__
    3170*:  188:	return std::size_t(__PTRDIFF_MAX__) / sizeof(_Tp);
        -:  189:#else
        -:  190:	return std::size_t(-1) / sizeof(_Tp);
        -:  191:#endif
        -:  192:      }
        -:  193:    };
        -:  194:
        -:  195:_GLIBCXX_END_NAMESPACE_VERSION
        -:  196:} // namespace
        -:  197:
        -:  198:#endif
