        -:    0:Source:password.cpp
        -:    0:Graph:menus.gcno
        -:    0:Data:menus.gcda
        -:    0:Runs:1
        -:    1:#include <termios.h>
        -:    2:#include <unistd.h>
        -:    3:#include <stdio.h>
        -:    4:#include <iostream>
        -:    5:#include <string>
        -:    6:using namespace std;
function _Z5getchv called 31 returned 100% blocks executed 100%
       31:    7:int getch()
        -:    8:{
        -:    9:	int ch;
        -:   10:	struct termios t_old, t_new;
       31:   11:	tcgetattr(STDIN_FILENO, &t_old);
call    0 returned 31
       31:   12:	t_new = t_old;
       31:   13:	t_new.c_lflag &= ~(ICANON | ECHO);
       31:   14:	tcsetattr(STDIN_FILENO, TCSANOW, &t_new);
call    0 returned 31
       31:   15:	ch = getchar();
call    0 returned 31
branch  1 taken 31 (fallthrough)
branch  2 taken 0 (throw)
       31:   16:	tcsetattr(STDIN_FILENO, TCSANOW, &t_old);
call    0 returned 31
       31:   17:	return ch;
        -:   18:}
function _Z7getpassB5cxx11v called 4 returned 100% blocks executed 67%
        4:   19:string getpass()
        -:   20:{
        4:   21:	const char BACKSPACE = 127;
        4:   22:	const char RETURN  = 10;
        4:   23:	string password;
call    0 returned 4
        4:   24:	unsigned char ch=0;
        -:   25:	//cout<<prompt<<endl;
       31:   26:	while((ch=getch())!=RETURN)
call    0 returned 31
branch  1 taken 31 (fallthrough)
branch  2 taken 0 (throw)
branch  3 taken 27 (fallthrough)
branch  4 taken 4
        -:   27:	{
       27:   28:		if(ch==BACKSPACE)
branch  0 taken 0 (fallthrough)
branch  1 taken 27
        -:   29:		{
    #####:   30:			if(password.length()!=0)
call    0 never executed
branch  1 never executed
branch  2 never executed
        -:   31:			{
    #####:   32:				cout<<"\b \b";
call    0 never executed
branch  1 never executed
branch  2 never executed
    #####:   33:				password.resize(password.length()-1);
call    0 never executed
call    1 never executed
branch  2 never executed
branch  3 never executed
        -:   34:			}
        -:   35:		}
        -:   36:		else
        -:   37:		{
       27:   38:			password+=ch;
call    0 returned 27
branch  1 taken 27 (fallthrough)
branch  2 taken 0 (throw)
       27:   39:				cout<<"*";
call    0 returned 27
branch  1 taken 27 (fallthrough)
branch  2 taken 0 (throw)
        -:   40:		}
        -:   41:	}
        4:   42:	cout<<endl;
call    0 returned 4
branch  1 taken 4 (fallthrough)
branch  2 taken 0 (throw)
        4:   43:	return password;
        -:   44:}
        -:   45:						
