        -:    0:Source:student_files.cpp
        -:    0:Graph:menus.gcno
        -:    0:Data:menus.gcda
        -:    0:Runs:1
        -:    1:
        -:    2:/************************************************************************
        -:    3:*** FILENAME  : student_files.cpp
        -:    4:*
        -:    5:* * DESCRIPTION :This file contains file handling functions which transfers the file to Stl list
        -:    6:*                and stl list into the file`
        -:    7:*
        -:    8:*
        -:    9:* Revision History:
        -:   10:*
        -:   11:*      Date                            NAME                       Reason
        -:   12:*      27 sep 2022                   --------                    ---------
        -:   13:*
        -:   14:*************************************************************************/
        -:   15:
        -:   16:#include<iostream>
        -:   17:#include<iomanip>
        -:   18:using namespace std;
        -:   19:
        -:   20:
        -:   21:/************************************************************************
        -:   22:*** FILENAME  :student_fetch_data 
        -:   23:*
        -:   24:* * DESCRIPTION :Read the contents from the file Student database in to the list
        -:   25:*               
        -:   26:*   RETURNS     :----------
        -:   27:*
        -:   28:*****************************************************************/
        -:   29:
function _Z18student_fetch_datav called 0 returned 0% blocks executed 0%
    #####:   30:int student_fetch_data()
        -:   31:{
    #####:   32:	student s1;
call    0 never executed
call    1 never executed
call    2 never executed
    #####:   33:	string details;
call    0 never executed
call    1 never executed
call    2 never executed
    #####:   34:	ifstream fl;
call    0 never executed
branch  1 never executed
branch  2 never executed
call    3 never executed
call    4 never executed
    #####:   35:	fl.open("student_database", ios::in);
call    0 never executed
branch  1 never executed
branch  2 never executed
    #####:   36:	if(!fl)
call    0 never executed
branch  1 never executed
branch  2 never executed
branch  3 never executed
branch  4 never executed
        -:   37:	{
    #####:   38:		cout<<"Can't open this file"<<endl;
call    0 never executed
branch  1 never executed
branch  2 never executed
call    3 never executed
branch  4 never executed
branch  5 never executed
    #####:   39:		return 0;
        -:   40:	}
    #####:   41:	fl.read((char *)&s1,sizeof(s1));
call    0 never executed
branch  1 never executed
branch  2 never executed
    #####:   42:	while(!fl.eof())
call    0 never executed
branch  1 never executed
branch  2 never executed
branch  3 never executed
branch  4 never executed
        -:   43:	{
    #####:   44:		stl.push_back(s1);
call    0 never executed
branch  1 never executed
branch  2 never executed
    #####:   45:		fl.read((char *)&s1,sizeof(s1));
call    0 never executed
branch  1 never executed
branch  2 never executed
        -:   46:	}
        -:   47:	/*list<Alumni>temp
        -:   48:	while(!fl.is_open())
        -:   49:	{
        -:   50:	
        -:   51:
        -:   52:		
        -:   53:			temp.push_back(details);
        -:   54:			
        -:   55:	}*/
        -:   56:
    #####:   57:	fl.close();
call    0 never executed
branch  1 never executed
branch  2 never executed
    #####:   58:	return 0;
        -:   59:}
        -:   60:
        -:   61:
        -:   62:/************************************************************************
        -:   63:*** FILENAME  :student_store_data 
        -:   64:*
        -:   65:* * DESCRIPTION :write the contents of list to student database file
        -:   66:*               
        -:   67:*   RETURNS     :----------
        -:   68:*
        -:   69:*****************************************************************/
        -:   70:
function _Z18student_store_datav called 1 returned 100% blocks executed 74%
        1:   71:int student_store_data() 
        -:   72:{
        2:   73:	student s2;
call    0 returned 1
call    1 returned 1
call    2 never executed
        2:   74:	fstream fl;
call    0 returned 1
branch  1 taken 1 (fallthrough)
branch  2 taken 0 (throw)
call    3 returned 1
call    4 never executed
        1:   75:	fl.open("student_database",ios::out|ios::binary);
call    0 returned 1
call    1 returned 1
branch  2 taken 1 (fallthrough)
branch  3 taken 0 (throw)
        1:   76:	if(!fl)
call    0 returned 1
branch  1 taken 1 (fallthrough)
branch  2 taken 0 (throw)
branch  3 taken 0 (fallthrough)
branch  4 taken 1
        -:   77:	{
    #####:   78:		cout<<"No such file exists!";
call    0 never executed
branch  1 never executed
branch  2 never executed
    #####:   79:		return 0;
        -:   80:	}
        1:   81:	if(!stl.empty())
call    0 returned 1
branch  1 taken 1 (fallthrough)
branch  2 taken 0
        -:   82:	/*for(auto it:stl)
        -:   83:
        -:   84:	{
        -:   85:		it.show_data();
        -:   86:	}*/
        2:   87:	for(auto it:stl)
call    0 returned 1
call    1 returned 1
call    2 returned 2
branch  3 taken 1 (fallthrough)
branch  4 taken 1
call    5 returned 1
call    6 returned 1
branch  7 taken 1 (fallthrough)
branch  8 taken 0 (throw)
call    9 returned 1
call   10 returned 1
call   11 never executed
        -:   88:
        -:   89:	{
        1:   90:		fl.write((char *) &it,sizeof(it));
call    0 returned 1
branch  1 taken 1 (fallthrough)
branch  2 taken 0 (throw)
        -:   91:	}
        1:   92:	fl.close();
call    0 returned 1
branch  1 taken 1 (fallthrough)
branch  2 taken 0 (throw)
        -:   93://	stl.clear();
        1:   94:	return 0;
        -:   95:}
        -:   96:
