        -:    0:Source:student_files.cpp
        -:    0:Graph:menus.gcno
        -:    0:Data:menus.gcda
        -:    0:Runs:1
        -:    1:
        -:    2:/************************************************************************
        -:    3:*** FILENAME  : student_files.cpp
        -:    4:*
        -:    5:* * DESCRIPTION :This file contains file handling functions which transfers the file to Stl list
        -:    6:*                and stl list into the file`
        -:    7:*
        -:    8:*
        -:    9:* Revision History:
        -:   10:*
        -:   11:*      Date                            NAME                       Reason
        -:   12:*      27 sep 2022                   --------                    ---------
        -:   13:*
        -:   14:*************************************************************************/
        -:   15:
        -:   16:#include<iostream>
        -:   17:#include<iomanip>
        -:   18:#include "student_class.hpp"
        -:   19:using namespace std;
        -:   20:
        -:   21:
        -:   22:/************************************************************************
        -:   23:*** FILENAME  :student_fetch_data 
        -:   24:*
        -:   25:* * DESCRIPTION :Read the contents from the file Student database in to the list
        -:   26:*               
        -:   27:*   RETURNS     :----------
        -:   28:*
        -:   29:*****************************************************************/
        -:   30:
function _Z18student_fetch_datav called 0 returned 0% blocks executed 0%
    #####:   31:int student_fetch_data()
        -:   32:{
    #####:   33:	student s1;
call    0 never executed
call    1 never executed
call    2 never executed
        -:   34://	string details;
    #####:   35:	ifstream fl;
call    0 never executed
branch  1 never executed
branch  2 never executed
call    3 never executed
call    4 never executed
    #####:   36:	fl.open("student_database", ios::in);
call    0 never executed
branch  1 never executed
branch  2 never executed
    #####:   37:	if(!fl)
call    0 never executed
branch  1 never executed
branch  2 never executed
branch  3 never executed
branch  4 never executed
        -:   38:	{
    #####:   39:		cout<<"Can't open this file"<<endl;
call    0 never executed
branch  1 never executed
branch  2 never executed
call    3 never executed
branch  4 never executed
branch  5 never executed
    #####:   40:		return 0;
        -:   41:	}
    #####:   42:	fl.read((char *)&s1,sizeof(s1));
call    0 never executed
branch  1 never executed
branch  2 never executed
    #####:   43:	while(!fl.eof())
call    0 never executed
branch  1 never executed
branch  2 never executed
branch  3 never executed
branch  4 never executed
        -:   44:	{
    #####:   45:		stl.push_back(s1);
call    0 never executed
branch  1 never executed
branch  2 never executed
    #####:   46:		fl.read((char *)&s1,sizeof(s1));
call    0 never executed
branch  1 never executed
branch  2 never executed
        -:   47:	}
        -:   48:	/*list<Alumni>temp
        -:   49:	while(!fl.is_open())
        -:   50:	{
        -:   51:	
        -:   52:
        -:   53:		
        -:   54:			temp.push_back(details);
        -:   55:			
        -:   56:	}*/
        -:   57:
    #####:   58:	fl.close();
call    0 never executed
branch  1 never executed
branch  2 never executed
    #####:   59:	return 0;
        -:   60:}
        -:   61:
        -:   62:
        -:   63:/************************************************************************
        -:   64:*** FILENAME  :student_store_data 
        -:   65:*
        -:   66:* * DESCRIPTION :write the contents of list to student database file
        -:   67:*               
        -:   68:*   RETURNS     :----------
        -:   69:*
        -:   70:*****************************************************************/
        -:   71:
function _Z18student_store_datav called 1 returned 100% blocks executed 77%
        1:   72:int student_store_data() 
        -:   73:{
        -:   74://	student s2;
        2:   75:	fstream fl;
call    0 returned 1
branch  1 taken 1 (fallthrough)
branch  2 taken 0 (throw)
call    3 returned 1
call    4 never executed
        1:   76:	fl.open("student_database",ios::out|ios::binary);
call    0 returned 1
call    1 returned 1
branch  2 taken 1 (fallthrough)
branch  3 taken 0 (throw)
        1:   77:	if(!fl)
call    0 returned 1
branch  1 taken 1 (fallthrough)
branch  2 taken 0 (throw)
branch  3 taken 0 (fallthrough)
branch  4 taken 1
        -:   78:	{
    #####:   79:		cout<<"No such file exists!";
call    0 never executed
branch  1 never executed
branch  2 never executed
    #####:   80:		return 0;
        -:   81:	}
        1:   82:	if(!stl.empty())
call    0 returned 1
branch  1 taken 1 (fallthrough)
branch  2 taken 0
        -:   83:	/*for(auto it:stl)
        -:   84:
        -:   85:	{
        -:   86:		it.show_data();
        -:   87:	}*/
        2:   88:	for(auto it:stl)
call    0 returned 1
call    1 returned 1
call    2 returned 2
branch  3 taken 1 (fallthrough)
branch  4 taken 1
call    5 returned 1
call    6 returned 1
branch  7 taken 1 (fallthrough)
branch  8 taken 0 (throw)
call    9 returned 1
call   10 returned 1
call   11 never executed
        -:   89:
        -:   90:	{
        1:   91:		fl.write((char *) &it,sizeof(it));
call    0 returned 1
branch  1 taken 1 (fallthrough)
branch  2 taken 0 (throw)
        -:   92:	}
        1:   93:	fl.close();
call    0 returned 1
branch  1 taken 1 (fallthrough)
branch  2 taken 0 (throw)
        -:   94://	stl.clear();
        1:   95:	return 0;
        -:   96:}
        -:   97:
